2024-03-04 09:21:55,401 INFO org.springframework.boot.StartupInfoLogger [main] Starting NewAppApplication using Java 17.0.10 on dev-HP-Laptop-14-bs1xx with PID 17143 (/home/dev/Java_Python/Crawler_Java/target/classes started by dev in /home/dev/Java_Python/Crawler_Java)
2024-03-04 09:21:55,405 INFO org.springframework.boot.SpringApplication [main] No active profile set, falling back to 1 default profile: "default"
2024-03-04 09:21:56,154 INFO org.springframework.data.repository.config.RepositoryConfigurationDelegate [main] Bootstrapping Spring Data JPA repositories in DEFAULT mode.
2024-03-04 09:21:56,209 INFO org.springframework.data.repository.config.RepositoryConfigurationDelegate [main] Finished Spring Data repository scanning in 47 ms. Found 4 JPA repository interfaces.
2024-03-04 09:21:56,880 INFO org.springframework.boot.web.embedded.tomcat.TomcatWebServer [main] Tomcat initialized with port(s): 8890 (http)
2024-03-04 09:21:56,888 INFO org.apache.juli.logging.DirectJDKLog [main] Initializing ProtocolHandler ["http-nio-8890"]
2024-03-04 09:21:56,889 INFO org.apache.juli.logging.DirectJDKLog [main] Starting service [Tomcat]
2024-03-04 09:21:56,890 INFO org.apache.juli.logging.DirectJDKLog [main] Starting Servlet engine: [Apache Tomcat/9.0.76]
2024-03-04 09:21:56,966 INFO org.apache.juli.logging.DirectJDKLog [main] Initializing Spring embedded WebApplicationContext
2024-03-04 09:21:56,966 INFO org.springframework.boot.web.servlet.context.ServletWebServerApplicationContext [main] Root WebApplicationContext: initialization completed in 1508 ms
2024-03-04 09:21:57,188 INFO org.hibernate.jpa.internal.util.LogHelper [main] HHH000204: Processing PersistenceUnitInfo [name: default]
2024-03-04 09:21:57,246 INFO org.hibernate.Version [main] HHH000412: Hibernate ORM core version 5.6.15.Final
2024-03-04 09:21:57,429 INFO org.hibernate.annotations.common.reflection.java.JavaReflectionManager [main] HCANN000001: Hibernate Commons Annotations {5.1.2.Final}
2024-03-04 09:21:57,563 INFO com.zaxxer.hikari.HikariDataSource [main] HikariPool-1 - Starting...
2024-03-04 09:21:57,755 INFO com.zaxxer.hikari.HikariDataSource [main] HikariPool-1 - Start completed.
2024-03-04 09:21:57,778 INFO org.hibernate.dialect.Dialect [main] HHH000400: Using dialect: org.hibernate.dialect.MySQL5InnoDBDialect
2024-03-04 09:21:58,407 INFO org.hibernate.engine.transaction.jta.platform.internal.JtaPlatformInitiator [main] HHH000490: Using JtaPlatform implementation: [org.hibernate.engine.transaction.jta.platform.internal.NoJtaPlatform]
2024-03-04 09:21:58,418 INFO org.springframework.orm.jpa.AbstractEntityManagerFactoryBean [main] Initialized JPA EntityManagerFactory for persistence unit 'default'
2024-03-04 09:21:59,192 WARN org.springframework.boot.autoconfigure.orm.jpa.JpaBaseConfiguration$JpaWebConfiguration [main] spring.jpa.open-in-view is enabled by default. Therefore, database queries may be performed during view rendering. Explicitly configure spring.jpa.open-in-view to disable this warning
2024-03-04 09:21:59,414 INFO org.springframework.security.web.DefaultSecurityFilterChain [main] Will secure any request with [org.springframework.security.web.session.DisableEncodeUrlFilter@29bf90fc, org.springframework.security.web.context.request.async.WebAsyncManagerIntegrationFilter@6e22d6bf, org.springframework.security.web.context.SecurityContextPersistenceFilter@30d5fc1b, org.springframework.security.web.header.HeaderWriterFilter@147ad4bb, org.springframework.web.filter.CorsFilter@32121140, org.springframework.security.web.authentication.logout.LogoutFilter@177302d6, com.example.newapp.jwt.AuthTokenFilter@55665086, org.springframework.security.web.savedrequest.RequestCacheAwareFilter@7b92ea9d, org.springframework.security.web.servletapi.SecurityContextHolderAwareRequestFilter@7491cdae, org.springframework.security.web.authentication.AnonymousAuthenticationFilter@96c840a, org.springframework.security.web.session.SessionManagementFilter@6655f3cd, org.springframework.security.web.access.ExceptionTranslationFilter@3dc39412, org.springframework.security.web.access.intercept.AuthorizationFilter@4cd1716d]
2024-03-04 09:21:59,701 INFO org.apache.juli.logging.DirectJDKLog [main] Starting ProtocolHandler ["http-nio-8890"]
2024-03-04 09:21:59,717 INFO org.springframework.boot.web.embedded.tomcat.TomcatWebServer [main] Tomcat started on port(s): 8890 (http) with context path ''
2024-03-04 09:21:59,728 INFO org.springframework.boot.StartupInfoLogger [main] Started NewAppApplication in 4.926 seconds (JVM running for 5.866)
2024-03-04 09:22:23,516 INFO org.apache.juli.logging.DirectJDKLog [http-nio-8890-exec-1] Initializing Spring DispatcherServlet 'dispatcherServlet'
2024-03-04 09:22:23,516 INFO org.springframework.web.servlet.FrameworkServlet [http-nio-8890-exec-1] Initializing Servlet 'dispatcherServlet'
2024-03-04 09:22:23,517 INFO org.springframework.web.servlet.FrameworkServlet [http-nio-8890-exec-1] Completed initialization in 1 ms
2024-03-04 09:22:23,551 WARN org.springframework.web.servlet.handler.AbstractHandlerExceptionResolver [http-nio-8890-exec-1] Resolved [org.springframework.web.bind.MissingServletRequestParameterException: Required request parameter 'url' for method parameter type String is not present]
2024-03-04 09:22:35,819 WARN org.springframework.web.servlet.handler.AbstractHandlerExceptionResolver [http-nio-8890-exec-3] Resolved [org.springframework.web.bind.MissingServletRequestParameterException: Required request parameter 'url' for method parameter type String is not present]
2024-03-04 09:23:37,188 INFO org.springframework.orm.jpa.AbstractEntityManagerFactoryBean [SpringApplicationShutdownHook] Closing JPA EntityManagerFactory for persistence unit 'default'
2024-03-04 09:23:37,191 INFO com.zaxxer.hikari.HikariDataSource [SpringApplicationShutdownHook] HikariPool-1 - Shutdown initiated...
2024-03-04 09:23:37,203 INFO com.zaxxer.hikari.HikariDataSource [SpringApplicationShutdownHook] HikariPool-1 - Shutdown completed.
2024-03-04 09:23:42,910 INFO org.springframework.boot.StartupInfoLogger [main] Starting NewAppApplication using Java 17.0.10 on dev-HP-Laptop-14-bs1xx with PID 17463 (/home/dev/Java_Python/Crawler_Java/target/classes started by dev in /home/dev/Java_Python/Crawler_Java)
2024-03-04 09:23:42,917 INFO org.springframework.boot.SpringApplication [main] No active profile set, falling back to 1 default profile: "default"
2024-03-04 09:23:43,523 INFO org.springframework.data.repository.config.RepositoryConfigurationDelegate [main] Bootstrapping Spring Data JPA repositories in DEFAULT mode.
2024-03-04 09:23:43,573 INFO org.springframework.data.repository.config.RepositoryConfigurationDelegate [main] Finished Spring Data repository scanning in 42 ms. Found 4 JPA repository interfaces.
2024-03-04 09:23:44,093 INFO org.springframework.boot.web.embedded.tomcat.TomcatWebServer [main] Tomcat initialized with port(s): 8890 (http)
2024-03-04 09:23:44,110 INFO org.apache.juli.logging.DirectJDKLog [main] Initializing ProtocolHandler ["http-nio-8890"]
2024-03-04 09:23:44,111 INFO org.apache.juli.logging.DirectJDKLog [main] Starting service [Tomcat]
2024-03-04 09:23:44,111 INFO org.apache.juli.logging.DirectJDKLog [main] Starting Servlet engine: [Apache Tomcat/9.0.76]
2024-03-04 09:23:44,176 INFO org.apache.juli.logging.DirectJDKLog [main] Initializing Spring embedded WebApplicationContext
2024-03-04 09:23:44,177 INFO org.springframework.boot.web.servlet.context.ServletWebServerApplicationContext [main] Root WebApplicationContext: initialization completed in 1215 ms
2024-03-04 09:23:44,376 INFO org.hibernate.jpa.internal.util.LogHelper [main] HHH000204: Processing PersistenceUnitInfo [name: default]
2024-03-04 09:23:44,413 INFO org.hibernate.Version [main] HHH000412: Hibernate ORM core version 5.6.15.Final
2024-03-04 09:23:44,529 INFO org.hibernate.annotations.common.reflection.java.JavaReflectionManager [main] HCANN000001: Hibernate Commons Annotations {5.1.2.Final}
2024-03-04 09:23:44,610 INFO com.zaxxer.hikari.HikariDataSource [main] HikariPool-1 - Starting...
2024-03-04 09:23:44,757 INFO com.zaxxer.hikari.HikariDataSource [main] HikariPool-1 - Start completed.
2024-03-04 09:23:44,769 INFO org.hibernate.dialect.Dialect [main] HHH000400: Using dialect: org.hibernate.dialect.MySQL5InnoDBDialect
2024-03-04 09:23:45,276 INFO org.hibernate.engine.transaction.jta.platform.internal.JtaPlatformInitiator [main] HHH000490: Using JtaPlatform implementation: [org.hibernate.engine.transaction.jta.platform.internal.NoJtaPlatform]
2024-03-04 09:23:45,283 INFO org.springframework.orm.jpa.AbstractEntityManagerFactoryBean [main] Initialized JPA EntityManagerFactory for persistence unit 'default'
2024-03-04 09:23:45,888 WARN org.springframework.boot.autoconfigure.orm.jpa.JpaBaseConfiguration$JpaWebConfiguration [main] spring.jpa.open-in-view is enabled by default. Therefore, database queries may be performed during view rendering. Explicitly configure spring.jpa.open-in-view to disable this warning
2024-03-04 09:23:46,086 INFO org.springframework.security.web.DefaultSecurityFilterChain [main] Will secure any request with [org.springframework.security.web.session.DisableEncodeUrlFilter@6e22d6bf, org.springframework.security.web.context.request.async.WebAsyncManagerIntegrationFilter@32121140, org.springframework.security.web.context.SecurityContextPersistenceFilter@19d13d04, org.springframework.security.web.header.HeaderWriterFilter@1d432d56, org.springframework.web.filter.CorsFilter@96c840a, org.springframework.security.web.authentication.logout.LogoutFilter@39a9becc, com.example.newapp.jwt.AuthTokenFilter@5ca8c904, org.springframework.security.web.savedrequest.RequestCacheAwareFilter@7957aa57, org.springframework.security.web.servletapi.SecurityContextHolderAwareRequestFilter@6b3bc1f6, org.springframework.security.web.authentication.AnonymousAuthenticationFilter@5c81ddab, org.springframework.security.web.session.SessionManagementFilter@34d3bfca, org.springframework.security.web.access.ExceptionTranslationFilter@768d27e8, org.springframework.security.web.access.intercept.AuthorizationFilter@3e1c5e0d]
2024-03-04 09:23:46,320 INFO org.apache.juli.logging.DirectJDKLog [main] Starting ProtocolHandler ["http-nio-8890"]
2024-03-04 09:23:46,332 INFO org.springframework.boot.web.embedded.tomcat.TomcatWebServer [main] Tomcat started on port(s): 8890 (http) with context path ''
2024-03-04 09:23:46,341 INFO org.springframework.boot.StartupInfoLogger [main] Started NewAppApplication in 3.903 seconds (JVM running for 4.491)
2024-03-04 09:23:51,812 INFO org.apache.juli.logging.DirectJDKLog [http-nio-8890-exec-2] Initializing Spring DispatcherServlet 'dispatcherServlet'
2024-03-04 09:23:51,813 INFO org.springframework.web.servlet.FrameworkServlet [http-nio-8890-exec-2] Initializing Servlet 'dispatcherServlet'
2024-03-04 09:23:51,814 INFO org.springframework.web.servlet.FrameworkServlet [http-nio-8890-exec-2] Completed initialization in 1 ms
2024-03-04 09:27:35,155 INFO org.springframework.orm.jpa.AbstractEntityManagerFactoryBean [SpringApplicationShutdownHook] Closing JPA EntityManagerFactory for persistence unit 'default'
2024-03-04 09:27:35,157 INFO com.zaxxer.hikari.HikariDataSource [SpringApplicationShutdownHook] HikariPool-1 - Shutdown initiated...
2024-03-04 09:27:35,168 INFO com.zaxxer.hikari.HikariDataSource [SpringApplicationShutdownHook] HikariPool-1 - Shutdown completed.
2024-03-04 09:27:39,888 INFO org.springframework.boot.StartupInfoLogger [main] Starting NewAppApplication using Java 17.0.10 on dev-HP-Laptop-14-bs1xx with PID 17997 (/home/dev/Java_Python/Crawler_Java/target/classes started by dev in /home/dev/Java_Python/Crawler_Java)
2024-03-04 09:27:39,892 INFO org.springframework.boot.SpringApplication [main] No active profile set, falling back to 1 default profile: "default"
2024-03-04 09:27:40,540 INFO org.springframework.data.repository.config.RepositoryConfigurationDelegate [main] Bootstrapping Spring Data JPA repositories in DEFAULT mode.
2024-03-04 09:27:40,593 INFO org.springframework.data.repository.config.RepositoryConfigurationDelegate [main] Finished Spring Data repository scanning in 46 ms. Found 4 JPA repository interfaces.
2024-03-04 09:27:41,082 INFO org.springframework.boot.web.embedded.tomcat.TomcatWebServer [main] Tomcat initialized with port(s): 8890 (http)
2024-03-04 09:27:41,088 INFO org.apache.juli.logging.DirectJDKLog [main] Initializing ProtocolHandler ["http-nio-8890"]
2024-03-04 09:27:41,089 INFO org.apache.juli.logging.DirectJDKLog [main] Starting service [Tomcat]
2024-03-04 09:27:41,090 INFO org.apache.juli.logging.DirectJDKLog [main] Starting Servlet engine: [Apache Tomcat/9.0.76]
2024-03-04 09:27:41,154 INFO org.apache.juli.logging.DirectJDKLog [main] Initializing Spring embedded WebApplicationContext
2024-03-04 09:27:41,154 INFO org.springframework.boot.web.servlet.context.ServletWebServerApplicationContext [main] Root WebApplicationContext: initialization completed in 1207 ms
2024-03-04 09:27:41,307 INFO org.hibernate.jpa.internal.util.LogHelper [main] HHH000204: Processing PersistenceUnitInfo [name: default]
2024-03-04 09:27:41,345 INFO org.hibernate.Version [main] HHH000412: Hibernate ORM core version 5.6.15.Final
2024-03-04 09:27:41,462 INFO org.hibernate.annotations.common.reflection.java.JavaReflectionManager [main] HCANN000001: Hibernate Commons Annotations {5.1.2.Final}
2024-03-04 09:27:41,537 INFO com.zaxxer.hikari.HikariDataSource [main] HikariPool-1 - Starting...
2024-03-04 09:27:41,678 INFO com.zaxxer.hikari.HikariDataSource [main] HikariPool-1 - Start completed.
2024-03-04 09:27:41,689 INFO org.hibernate.dialect.Dialect [main] HHH000400: Using dialect: org.hibernate.dialect.MySQL5InnoDBDialect
2024-03-04 09:27:42,182 INFO org.hibernate.engine.transaction.jta.platform.internal.JtaPlatformInitiator [main] HHH000490: Using JtaPlatform implementation: [org.hibernate.engine.transaction.jta.platform.internal.NoJtaPlatform]
2024-03-04 09:27:42,189 INFO org.springframework.orm.jpa.AbstractEntityManagerFactoryBean [main] Initialized JPA EntityManagerFactory for persistence unit 'default'
2024-03-04 09:27:42,845 WARN org.springframework.boot.autoconfigure.orm.jpa.JpaBaseConfiguration$JpaWebConfiguration [main] spring.jpa.open-in-view is enabled by default. Therefore, database queries may be performed during view rendering. Explicitly configure spring.jpa.open-in-view to disable this warning
2024-03-04 09:27:43,067 INFO org.springframework.security.web.DefaultSecurityFilterChain [main] Will secure any request with [org.springframework.security.web.session.DisableEncodeUrlFilter@633c0a61, org.springframework.security.web.context.request.async.WebAsyncManagerIntegrationFilter@49322d04, org.springframework.security.web.context.SecurityContextPersistenceFilter@5f5c0eda, org.springframework.security.web.header.HeaderWriterFilter@16fb9fdd, org.springframework.web.filter.CorsFilter@b6b746b, org.springframework.security.web.authentication.logout.LogoutFilter@261b6c8c, com.example.newapp.jwt.AuthTokenFilter@c3d4bd7, org.springframework.security.web.savedrequest.RequestCacheAwareFilter@3694461d, org.springframework.security.web.servletapi.SecurityContextHolderAwareRequestFilter@4d71ec5b, org.springframework.security.web.authentication.AnonymousAuthenticationFilter@55d8f6bb, org.springframework.security.web.session.SessionManagementFilter@2a9565d7, org.springframework.security.web.access.ExceptionTranslationFilter@2db6ba81, org.springframework.security.web.access.intercept.AuthorizationFilter@4d9cf71d]
2024-03-04 09:27:43,267 INFO org.apache.juli.logging.DirectJDKLog [main] Starting ProtocolHandler ["http-nio-8890"]
2024-03-04 09:27:43,283 INFO org.springframework.boot.web.embedded.tomcat.TomcatWebServer [main] Tomcat started on port(s): 8890 (http) with context path ''
2024-03-04 09:27:43,295 INFO org.springframework.boot.StartupInfoLogger [main] Started NewAppApplication in 3.858 seconds (JVM running for 4.414)
2024-03-04 09:27:47,669 INFO org.apache.juli.logging.DirectJDKLog [http-nio-8890-exec-1] Initializing Spring DispatcherServlet 'dispatcherServlet'
2024-03-04 09:27:47,670 INFO org.springframework.web.servlet.FrameworkServlet [http-nio-8890-exec-1] Initializing Servlet 'dispatcherServlet'
2024-03-04 09:27:47,671 INFO org.springframework.web.servlet.FrameworkServlet [http-nio-8890-exec-1] Completed initialization in 1 ms
2024-03-04 09:28:28,045 INFO org.springframework.orm.jpa.AbstractEntityManagerFactoryBean [SpringApplicationShutdownHook] Closing JPA EntityManagerFactory for persistence unit 'default'
2024-03-04 09:28:28,047 INFO com.zaxxer.hikari.HikariDataSource [SpringApplicationShutdownHook] HikariPool-1 - Shutdown initiated...
2024-03-04 09:28:28,056 INFO com.zaxxer.hikari.HikariDataSource [SpringApplicationShutdownHook] HikariPool-1 - Shutdown completed.
2024-03-04 09:28:33,052 INFO org.springframework.boot.StartupInfoLogger [main] Starting NewAppApplication using Java 17.0.10 on dev-HP-Laptop-14-bs1xx with PID 18160 (/home/dev/Java_Python/Crawler_Java/target/classes started by dev in /home/dev/Java_Python/Crawler_Java)
2024-03-04 09:28:33,056 INFO org.springframework.boot.SpringApplication [main] No active profile set, falling back to 1 default profile: "default"
2024-03-04 09:28:33,765 INFO org.springframework.data.repository.config.RepositoryConfigurationDelegate [main] Bootstrapping Spring Data JPA repositories in DEFAULT mode.
2024-03-04 09:28:33,825 INFO org.springframework.data.repository.config.RepositoryConfigurationDelegate [main] Finished Spring Data repository scanning in 52 ms. Found 4 JPA repository interfaces.
2024-03-04 09:28:34,475 INFO org.springframework.boot.web.embedded.tomcat.TomcatWebServer [main] Tomcat initialized with port(s): 8890 (http)
2024-03-04 09:28:34,488 INFO org.apache.juli.logging.DirectJDKLog [main] Initializing ProtocolHandler ["http-nio-8890"]
2024-03-04 09:28:34,491 INFO org.apache.juli.logging.DirectJDKLog [main] Starting service [Tomcat]
2024-03-04 09:28:34,491 INFO org.apache.juli.logging.DirectJDKLog [main] Starting Servlet engine: [Apache Tomcat/9.0.76]
2024-03-04 09:28:34,579 INFO org.apache.juli.logging.DirectJDKLog [main] Initializing Spring embedded WebApplicationContext
2024-03-04 09:28:34,579 INFO org.springframework.boot.web.servlet.context.ServletWebServerApplicationContext [main] Root WebApplicationContext: initialization completed in 1462 ms
2024-03-04 09:28:34,786 INFO org.hibernate.jpa.internal.util.LogHelper [main] HHH000204: Processing PersistenceUnitInfo [name: default]
2024-03-04 09:28:34,827 INFO org.hibernate.Version [main] HHH000412: Hibernate ORM core version 5.6.15.Final
2024-03-04 09:28:34,955 INFO org.hibernate.annotations.common.reflection.java.JavaReflectionManager [main] HCANN000001: Hibernate Commons Annotations {5.1.2.Final}
2024-03-04 09:28:35,040 INFO com.zaxxer.hikari.HikariDataSource [main] HikariPool-1 - Starting...
2024-03-04 09:28:35,195 INFO com.zaxxer.hikari.HikariDataSource [main] HikariPool-1 - Start completed.
2024-03-04 09:28:35,207 INFO org.hibernate.dialect.Dialect [main] HHH000400: Using dialect: org.hibernate.dialect.MySQL5InnoDBDialect
2024-03-04 09:28:35,780 INFO org.hibernate.engine.transaction.jta.platform.internal.JtaPlatformInitiator [main] HHH000490: Using JtaPlatform implementation: [org.hibernate.engine.transaction.jta.platform.internal.NoJtaPlatform]
2024-03-04 09:28:35,788 INFO org.springframework.orm.jpa.AbstractEntityManagerFactoryBean [main] Initialized JPA EntityManagerFactory for persistence unit 'default'
2024-03-04 09:28:36,443 WARN org.springframework.boot.autoconfigure.orm.jpa.JpaBaseConfiguration$JpaWebConfiguration [main] spring.jpa.open-in-view is enabled by default. Therefore, database queries may be performed during view rendering. Explicitly configure spring.jpa.open-in-view to disable this warning
2024-03-04 09:28:36,650 INFO org.springframework.security.web.DefaultSecurityFilterChain [main] Will secure any request with [org.springframework.security.web.session.DisableEncodeUrlFilter@17d0d3d7, org.springframework.security.web.context.request.async.WebAsyncManagerIntegrationFilter@39fc17be, org.springframework.security.web.context.SecurityContextPersistenceFilter@1d432d56, org.springframework.security.web.header.HeaderWriterFilter@c49e434, org.springframework.web.filter.CorsFilter@106edde4, org.springframework.security.web.authentication.logout.LogoutFilter@8c34631, com.example.newapp.jwt.AuthTokenFilter@691eb389, org.springframework.security.web.savedrequest.RequestCacheAwareFilter@bd703bb, org.springframework.security.web.servletapi.SecurityContextHolderAwareRequestFilter@2e38d44e, org.springframework.security.web.authentication.AnonymousAuthenticationFilter@4d9cf71d, org.springframework.security.web.session.SessionManagementFilter@ca0a21f, org.springframework.security.web.access.ExceptionTranslationFilter@2d758472, org.springframework.security.web.access.intercept.AuthorizationFilter@2de07c57]
2024-03-04 09:28:36,886 INFO org.apache.juli.logging.DirectJDKLog [main] Starting ProtocolHandler ["http-nio-8890"]
2024-03-04 09:28:36,898 INFO org.springframework.boot.web.embedded.tomcat.TomcatWebServer [main] Tomcat started on port(s): 8890 (http) with context path ''
2024-03-04 09:28:36,909 INFO org.springframework.boot.StartupInfoLogger [main] Started NewAppApplication in 4.448 seconds (JVM running for 5.111)
2024-03-04 09:28:49,918 INFO org.springframework.orm.jpa.AbstractEntityManagerFactoryBean [SpringApplicationShutdownHook] Closing JPA EntityManagerFactory for persistence unit 'default'
2024-03-04 09:28:49,920 INFO com.zaxxer.hikari.HikariDataSource [SpringApplicationShutdownHook] HikariPool-1 - Shutdown initiated...
2024-03-04 09:28:49,928 INFO com.zaxxer.hikari.HikariDataSource [SpringApplicationShutdownHook] HikariPool-1 - Shutdown completed.
2024-03-04 09:28:54,956 INFO org.springframework.boot.StartupInfoLogger [main] Starting NewAppApplication using Java 17.0.10 on dev-HP-Laptop-14-bs1xx with PID 18310 (/home/dev/Java_Python/Crawler_Java/target/classes started by dev in /home/dev/Java_Python/Crawler_Java)
2024-03-04 09:28:54,961 INFO org.springframework.boot.SpringApplication [main] No active profile set, falling back to 1 default profile: "default"
2024-03-04 09:28:55,654 INFO org.springframework.data.repository.config.RepositoryConfigurationDelegate [main] Bootstrapping Spring Data JPA repositories in DEFAULT mode.
2024-03-04 09:28:55,712 INFO org.springframework.data.repository.config.RepositoryConfigurationDelegate [main] Finished Spring Data repository scanning in 49 ms. Found 4 JPA repository interfaces.
2024-03-04 09:28:56,254 INFO org.springframework.boot.web.embedded.tomcat.TomcatWebServer [main] Tomcat initialized with port(s): 8890 (http)
2024-03-04 09:28:56,261 INFO org.apache.juli.logging.DirectJDKLog [main] Initializing ProtocolHandler ["http-nio-8890"]
2024-03-04 09:28:56,262 INFO org.apache.juli.logging.DirectJDKLog [main] Starting service [Tomcat]
2024-03-04 09:28:56,263 INFO org.apache.juli.logging.DirectJDKLog [main] Starting Servlet engine: [Apache Tomcat/9.0.76]
2024-03-04 09:28:56,341 INFO org.apache.juli.logging.DirectJDKLog [main] Initializing Spring embedded WebApplicationContext
2024-03-04 09:28:56,342 INFO org.springframework.boot.web.servlet.context.ServletWebServerApplicationContext [main] Root WebApplicationContext: initialization completed in 1311 ms
2024-03-04 09:28:56,532 INFO org.hibernate.jpa.internal.util.LogHelper [main] HHH000204: Processing PersistenceUnitInfo [name: default]
2024-03-04 09:28:56,572 INFO org.hibernate.Version [main] HHH000412: Hibernate ORM core version 5.6.15.Final
2024-03-04 09:28:56,692 INFO org.hibernate.annotations.common.reflection.java.JavaReflectionManager [main] HCANN000001: Hibernate Commons Annotations {5.1.2.Final}
2024-03-04 09:28:56,774 INFO com.zaxxer.hikari.HikariDataSource [main] HikariPool-1 - Starting...
2024-03-04 09:28:56,926 INFO com.zaxxer.hikari.HikariDataSource [main] HikariPool-1 - Start completed.
2024-03-04 09:28:56,937 INFO org.hibernate.dialect.Dialect [main] HHH000400: Using dialect: org.hibernate.dialect.MySQL5InnoDBDialect
2024-03-04 09:28:57,470 INFO org.hibernate.engine.transaction.jta.platform.internal.JtaPlatformInitiator [main] HHH000490: Using JtaPlatform implementation: [org.hibernate.engine.transaction.jta.platform.internal.NoJtaPlatform]
2024-03-04 09:28:57,477 INFO org.springframework.orm.jpa.AbstractEntityManagerFactoryBean [main] Initialized JPA EntityManagerFactory for persistence unit 'default'
2024-03-04 09:28:58,099 WARN org.springframework.boot.autoconfigure.orm.jpa.JpaBaseConfiguration$JpaWebConfiguration [main] spring.jpa.open-in-view is enabled by default. Therefore, database queries may be performed during view rendering. Explicitly configure spring.jpa.open-in-view to disable this warning
2024-03-04 09:28:58,302 INFO org.springframework.security.web.DefaultSecurityFilterChain [main] Will secure any request with [org.springframework.security.web.session.DisableEncodeUrlFilter@6e22d6bf, org.springframework.security.web.context.request.async.WebAsyncManagerIntegrationFilter@32121140, org.springframework.security.web.context.SecurityContextPersistenceFilter@19d13d04, org.springframework.security.web.header.HeaderWriterFilter@1d432d56, org.springframework.web.filter.CorsFilter@96c840a, org.springframework.security.web.authentication.logout.LogoutFilter@39a9becc, com.example.newapp.jwt.AuthTokenFilter@5ca8c904, org.springframework.security.web.savedrequest.RequestCacheAwareFilter@7957aa57, org.springframework.security.web.servletapi.SecurityContextHolderAwareRequestFilter@6b3bc1f6, org.springframework.security.web.authentication.AnonymousAuthenticationFilter@5c81ddab, org.springframework.security.web.session.SessionManagementFilter@34d3bfca, org.springframework.security.web.access.ExceptionTranslationFilter@768d27e8, org.springframework.security.web.access.intercept.AuthorizationFilter@3e1c5e0d]
2024-03-04 09:28:58,547 INFO org.apache.juli.logging.DirectJDKLog [main] Starting ProtocolHandler ["http-nio-8890"]
2024-03-04 09:28:58,559 INFO org.springframework.boot.web.embedded.tomcat.TomcatWebServer [main] Tomcat started on port(s): 8890 (http) with context path ''
2024-03-04 09:28:58,571 INFO org.springframework.boot.StartupInfoLogger [main] Started NewAppApplication in 4.237 seconds (JVM running for 4.818)
2024-03-04 09:29:02,396 INFO org.apache.juli.logging.DirectJDKLog [http-nio-8890-exec-1] Initializing Spring DispatcherServlet 'dispatcherServlet'
2024-03-04 09:29:02,396 INFO org.springframework.web.servlet.FrameworkServlet [http-nio-8890-exec-1] Initializing Servlet 'dispatcherServlet'
2024-03-04 09:29:02,397 INFO org.springframework.web.servlet.FrameworkServlet [http-nio-8890-exec-1] Completed initialization in 1 ms
2024-03-04 09:29:32,340 INFO org.springframework.orm.jpa.AbstractEntityManagerFactoryBean [SpringApplicationShutdownHook] Closing JPA EntityManagerFactory for persistence unit 'default'
2024-03-04 09:29:32,342 INFO com.zaxxer.hikari.HikariDataSource [SpringApplicationShutdownHook] HikariPool-1 - Shutdown initiated...
2024-03-04 09:29:32,351 INFO com.zaxxer.hikari.HikariDataSource [SpringApplicationShutdownHook] HikariPool-1 - Shutdown completed.
2024-03-04 09:29:37,222 INFO org.springframework.boot.StartupInfoLogger [main] Starting NewAppApplication using Java 17.0.10 on dev-HP-Laptop-14-bs1xx with PID 18473 (/home/dev/Java_Python/Crawler_Java/target/classes started by dev in /home/dev/Java_Python/Crawler_Java)
2024-03-04 09:29:37,226 INFO org.springframework.boot.SpringApplication [main] No active profile set, falling back to 1 default profile: "default"
2024-03-04 09:29:37,854 INFO org.springframework.data.repository.config.RepositoryConfigurationDelegate [main] Bootstrapping Spring Data JPA repositories in DEFAULT mode.
2024-03-04 09:29:37,907 INFO org.springframework.data.repository.config.RepositoryConfigurationDelegate [main] Finished Spring Data repository scanning in 45 ms. Found 4 JPA repository interfaces.
2024-03-04 09:29:38,430 INFO org.springframework.boot.web.embedded.tomcat.TomcatWebServer [main] Tomcat initialized with port(s): 8890 (http)
2024-03-04 09:29:38,437 INFO org.apache.juli.logging.DirectJDKLog [main] Initializing ProtocolHandler ["http-nio-8890"]
2024-03-04 09:29:38,438 INFO org.apache.juli.logging.DirectJDKLog [main] Starting service [Tomcat]
2024-03-04 09:29:38,439 INFO org.apache.juli.logging.DirectJDKLog [main] Starting Servlet engine: [Apache Tomcat/9.0.76]
2024-03-04 09:29:38,510 INFO org.apache.juli.logging.DirectJDKLog [main] Initializing Spring embedded WebApplicationContext
2024-03-04 09:29:38,511 INFO org.springframework.boot.web.servlet.context.ServletWebServerApplicationContext [main] Root WebApplicationContext: initialization completed in 1228 ms
2024-03-04 09:29:38,697 INFO org.hibernate.jpa.internal.util.LogHelper [main] HHH000204: Processing PersistenceUnitInfo [name: default]
2024-03-04 09:29:38,733 INFO org.hibernate.Version [main] HHH000412: Hibernate ORM core version 5.6.15.Final
2024-03-04 09:29:38,856 INFO org.hibernate.annotations.common.reflection.java.JavaReflectionManager [main] HCANN000001: Hibernate Commons Annotations {5.1.2.Final}
2024-03-04 09:29:38,938 INFO com.zaxxer.hikari.HikariDataSource [main] HikariPool-1 - Starting...
2024-03-04 09:29:39,096 INFO com.zaxxer.hikari.HikariDataSource [main] HikariPool-1 - Start completed.
2024-03-04 09:29:39,107 INFO org.hibernate.dialect.Dialect [main] HHH000400: Using dialect: org.hibernate.dialect.MySQL5InnoDBDialect
2024-03-04 09:29:39,630 INFO org.hibernate.engine.transaction.jta.platform.internal.JtaPlatformInitiator [main] HHH000490: Using JtaPlatform implementation: [org.hibernate.engine.transaction.jta.platform.internal.NoJtaPlatform]
2024-03-04 09:29:39,637 INFO org.springframework.orm.jpa.AbstractEntityManagerFactoryBean [main] Initialized JPA EntityManagerFactory for persistence unit 'default'
2024-03-04 09:29:40,228 WARN org.springframework.boot.autoconfigure.orm.jpa.JpaBaseConfiguration$JpaWebConfiguration [main] spring.jpa.open-in-view is enabled by default. Therefore, database queries may be performed during view rendering. Explicitly configure spring.jpa.open-in-view to disable this warning
2024-03-04 09:29:40,427 INFO org.springframework.security.web.DefaultSecurityFilterChain [main] Will secure any request with [org.springframework.security.web.session.DisableEncodeUrlFilter@29bf90fc, org.springframework.security.web.context.request.async.WebAsyncManagerIntegrationFilter@6e22d6bf, org.springframework.security.web.context.SecurityContextPersistenceFilter@2484c868, org.springframework.security.web.header.HeaderWriterFilter@3dc39412, org.springframework.web.filter.CorsFilter@32121140, org.springframework.security.web.authentication.logout.LogoutFilter@3aa63b53, com.example.newapp.jwt.AuthTokenFilter@237aba92, org.springframework.security.web.savedrequest.RequestCacheAwareFilter@30d5fc1b, org.springframework.security.web.servletapi.SecurityContextHolderAwareRequestFilter@7b92ea9d, org.springframework.security.web.authentication.AnonymousAuthenticationFilter@96c840a, org.springframework.security.web.session.SessionManagementFilter@20e3b165, org.springframework.security.web.access.ExceptionTranslationFilter@ca0a21f, org.springframework.security.web.access.intercept.AuthorizationFilter@4cd1716d]
2024-03-04 09:29:40,655 INFO org.apache.juli.logging.DirectJDKLog [main] Starting ProtocolHandler ["http-nio-8890"]
2024-03-04 09:29:40,666 INFO org.springframework.boot.web.embedded.tomcat.TomcatWebServer [main] Tomcat started on port(s): 8890 (http) with context path ''
2024-03-04 09:29:40,676 INFO org.springframework.boot.StartupInfoLogger [main] Started NewAppApplication in 3.979 seconds (JVM running for 4.518)
2024-03-04 09:29:44,696 INFO org.apache.juli.logging.DirectJDKLog [http-nio-8890-exec-1] Initializing Spring DispatcherServlet 'dispatcherServlet'
2024-03-04 09:29:44,697 INFO org.springframework.web.servlet.FrameworkServlet [http-nio-8890-exec-1] Initializing Servlet 'dispatcherServlet'
2024-03-04 09:29:44,698 INFO org.springframework.web.servlet.FrameworkServlet [http-nio-8890-exec-1] Completed initialization in 1 ms
2024-03-04 09:30:22,043 INFO org.springframework.orm.jpa.AbstractEntityManagerFactoryBean [SpringApplicationShutdownHook] Closing JPA EntityManagerFactory for persistence unit 'default'
2024-03-04 09:30:22,045 INFO com.zaxxer.hikari.HikariDataSource [SpringApplicationShutdownHook] HikariPool-1 - Shutdown initiated...
2024-03-04 09:30:22,054 INFO com.zaxxer.hikari.HikariDataSource [SpringApplicationShutdownHook] HikariPool-1 - Shutdown completed.
2024-03-04 09:30:26,831 INFO org.springframework.boot.StartupInfoLogger [main] Starting NewAppApplication using Java 17.0.10 on dev-HP-Laptop-14-bs1xx with PID 18642 (/home/dev/Java_Python/Crawler_Java/target/classes started by dev in /home/dev/Java_Python/Crawler_Java)
2024-03-04 09:30:26,835 INFO org.springframework.boot.SpringApplication [main] No active profile set, falling back to 1 default profile: "default"
2024-03-04 09:30:27,534 INFO org.springframework.data.repository.config.RepositoryConfigurationDelegate [main] Bootstrapping Spring Data JPA repositories in DEFAULT mode.
2024-03-04 09:30:27,592 INFO org.springframework.data.repository.config.RepositoryConfigurationDelegate [main] Finished Spring Data repository scanning in 50 ms. Found 4 JPA repository interfaces.
2024-03-04 09:30:28,153 INFO org.springframework.boot.web.embedded.tomcat.TomcatWebServer [main] Tomcat initialized with port(s): 8890 (http)
2024-03-04 09:30:28,162 INFO org.apache.juli.logging.DirectJDKLog [main] Initializing ProtocolHandler ["http-nio-8890"]
2024-03-04 09:30:28,163 INFO org.apache.juli.logging.DirectJDKLog [main] Starting service [Tomcat]
2024-03-04 09:30:28,163 INFO org.apache.juli.logging.DirectJDKLog [main] Starting Servlet engine: [Apache Tomcat/9.0.76]
2024-03-04 09:30:28,238 INFO org.apache.juli.logging.DirectJDKLog [main] Initializing Spring embedded WebApplicationContext
2024-03-04 09:30:28,239 INFO org.springframework.boot.web.servlet.context.ServletWebServerApplicationContext [main] Root WebApplicationContext: initialization completed in 1344 ms
2024-03-04 09:30:28,430 INFO org.hibernate.jpa.internal.util.LogHelper [main] HHH000204: Processing PersistenceUnitInfo [name: default]
2024-03-04 09:30:28,467 INFO org.hibernate.Version [main] HHH000412: Hibernate ORM core version 5.6.15.Final
2024-03-04 09:30:28,587 INFO org.hibernate.annotations.common.reflection.java.JavaReflectionManager [main] HCANN000001: Hibernate Commons Annotations {5.1.2.Final}
2024-03-04 09:30:28,671 INFO com.zaxxer.hikari.HikariDataSource [main] HikariPool-1 - Starting...
2024-03-04 09:30:28,842 INFO com.zaxxer.hikari.HikariDataSource [main] HikariPool-1 - Start completed.
2024-03-04 09:30:28,857 INFO org.hibernate.dialect.Dialect [main] HHH000400: Using dialect: org.hibernate.dialect.MySQL5InnoDBDialect
2024-03-04 09:30:29,417 INFO org.hibernate.engine.transaction.jta.platform.internal.JtaPlatformInitiator [main] HHH000490: Using JtaPlatform implementation: [org.hibernate.engine.transaction.jta.platform.internal.NoJtaPlatform]
2024-03-04 09:30:29,424 INFO org.springframework.orm.jpa.AbstractEntityManagerFactoryBean [main] Initialized JPA EntityManagerFactory for persistence unit 'default'
2024-03-04 09:30:30,065 WARN org.springframework.boot.autoconfigure.orm.jpa.JpaBaseConfiguration$JpaWebConfiguration [main] spring.jpa.open-in-view is enabled by default. Therefore, database queries may be performed during view rendering. Explicitly configure spring.jpa.open-in-view to disable this warning
2024-03-04 09:30:30,259 INFO org.springframework.security.web.DefaultSecurityFilterChain [main] Will secure any request with [org.springframework.security.web.session.DisableEncodeUrlFilter@29bf90fc, org.springframework.security.web.context.request.async.WebAsyncManagerIntegrationFilter@6e22d6bf, org.springframework.security.web.context.SecurityContextPersistenceFilter@30d5fc1b, org.springframework.security.web.header.HeaderWriterFilter@147ad4bb, org.springframework.web.filter.CorsFilter@32121140, org.springframework.security.web.authentication.logout.LogoutFilter@177302d6, com.example.newapp.jwt.AuthTokenFilter@5ca8c904, org.springframework.security.web.savedrequest.RequestCacheAwareFilter@7b92ea9d, org.springframework.security.web.servletapi.SecurityContextHolderAwareRequestFilter@7491cdae, org.springframework.security.web.authentication.AnonymousAuthenticationFilter@96c840a, org.springframework.security.web.session.SessionManagementFilter@6655f3cd, org.springframework.security.web.access.ExceptionTranslationFilter@3dc39412, org.springframework.security.web.access.intercept.AuthorizationFilter@4cd1716d]
2024-03-04 09:30:30,502 INFO org.apache.juli.logging.DirectJDKLog [main] Starting ProtocolHandler ["http-nio-8890"]
2024-03-04 09:30:30,514 INFO org.springframework.boot.web.embedded.tomcat.TomcatWebServer [main] Tomcat started on port(s): 8890 (http) with context path ''
2024-03-04 09:30:30,525 INFO org.springframework.boot.StartupInfoLogger [main] Started NewAppApplication in 4.307 seconds (JVM running for 4.906)
2024-03-04 09:30:38,144 INFO org.apache.juli.logging.DirectJDKLog [http-nio-8890-exec-1] Initializing Spring DispatcherServlet 'dispatcherServlet'
2024-03-04 09:30:38,144 INFO org.springframework.web.servlet.FrameworkServlet [http-nio-8890-exec-1] Initializing Servlet 'dispatcherServlet'
2024-03-04 09:30:38,145 INFO org.springframework.web.servlet.FrameworkServlet [http-nio-8890-exec-1] Completed initialization in 1 ms
2024-03-04 09:33:49,320 INFO org.springframework.orm.jpa.AbstractEntityManagerFactoryBean [SpringApplicationShutdownHook] Closing JPA EntityManagerFactory for persistence unit 'default'
2024-03-04 09:33:49,321 INFO com.zaxxer.hikari.HikariDataSource [SpringApplicationShutdownHook] HikariPool-1 - Shutdown initiated...
2024-03-04 09:33:49,332 INFO com.zaxxer.hikari.HikariDataSource [SpringApplicationShutdownHook] HikariPool-1 - Shutdown completed.
2024-03-04 09:33:54,300 INFO org.springframework.boot.StartupInfoLogger [main] Starting NewAppApplication using Java 17.0.10 on dev-HP-Laptop-14-bs1xx with PID 18840 (/home/dev/Java_Python/Crawler_Java/target/classes started by dev in /home/dev/Java_Python/Crawler_Java)
2024-03-04 09:33:54,304 INFO org.springframework.boot.SpringApplication [main] No active profile set, falling back to 1 default profile: "default"
2024-03-04 09:33:54,895 INFO org.springframework.data.repository.config.RepositoryConfigurationDelegate [main] Bootstrapping Spring Data JPA repositories in DEFAULT mode.
2024-03-04 09:33:54,944 INFO org.springframework.data.repository.config.RepositoryConfigurationDelegate [main] Finished Spring Data repository scanning in 42 ms. Found 4 JPA repository interfaces.
2024-03-04 09:33:55,414 INFO org.springframework.boot.web.embedded.tomcat.TomcatWebServer [main] Tomcat initialized with port(s): 8890 (http)
2024-03-04 09:33:55,420 INFO org.apache.juli.logging.DirectJDKLog [main] Initializing ProtocolHandler ["http-nio-8890"]
2024-03-04 09:33:55,421 INFO org.apache.juli.logging.DirectJDKLog [main] Starting service [Tomcat]
2024-03-04 09:33:55,421 INFO org.apache.juli.logging.DirectJDKLog [main] Starting Servlet engine: [Apache Tomcat/9.0.76]
2024-03-04 09:33:55,484 INFO org.apache.juli.logging.DirectJDKLog [main] Initializing Spring embedded WebApplicationContext
2024-03-04 09:33:55,484 INFO org.springframework.boot.web.servlet.context.ServletWebServerApplicationContext [main] Root WebApplicationContext: initialization completed in 1131 ms
2024-03-04 09:33:55,625 INFO org.hibernate.jpa.internal.util.LogHelper [main] HHH000204: Processing PersistenceUnitInfo [name: default]
2024-03-04 09:33:55,664 INFO org.hibernate.Version [main] HHH000412: Hibernate ORM core version 5.6.15.Final
2024-03-04 09:33:55,787 INFO org.hibernate.annotations.common.reflection.java.JavaReflectionManager [main] HCANN000001: Hibernate Commons Annotations {5.1.2.Final}
2024-03-04 09:33:55,862 INFO com.zaxxer.hikari.HikariDataSource [main] HikariPool-1 - Starting...
2024-03-04 09:33:55,997 INFO com.zaxxer.hikari.HikariDataSource [main] HikariPool-1 - Start completed.
2024-03-04 09:33:56,008 INFO org.hibernate.dialect.Dialect [main] HHH000400: Using dialect: org.hibernate.dialect.MySQL5InnoDBDialect
2024-03-04 09:33:56,505 INFO org.hibernate.engine.transaction.jta.platform.internal.JtaPlatformInitiator [main] HHH000490: Using JtaPlatform implementation: [org.hibernate.engine.transaction.jta.platform.internal.NoJtaPlatform]
2024-03-04 09:33:56,512 INFO org.springframework.orm.jpa.AbstractEntityManagerFactoryBean [main] Initialized JPA EntityManagerFactory for persistence unit 'default'
2024-03-04 09:33:57,096 WARN org.springframework.boot.autoconfigure.orm.jpa.JpaBaseConfiguration$JpaWebConfiguration [main] spring.jpa.open-in-view is enabled by default. Therefore, database queries may be performed during view rendering. Explicitly configure spring.jpa.open-in-view to disable this warning
2024-03-04 09:33:57,272 INFO org.springframework.security.web.DefaultSecurityFilterChain [main] Will secure any request with [org.springframework.security.web.session.DisableEncodeUrlFilter@29bf90fc, org.springframework.security.web.context.request.async.WebAsyncManagerIntegrationFilter@6e22d6bf, org.springframework.security.web.context.SecurityContextPersistenceFilter@2484c868, org.springframework.security.web.header.HeaderWriterFilter@3dc39412, org.springframework.web.filter.CorsFilter@32121140, org.springframework.security.web.authentication.logout.LogoutFilter@3aa63b53, com.example.newapp.jwt.AuthTokenFilter@237aba92, org.springframework.security.web.savedrequest.RequestCacheAwareFilter@30d5fc1b, org.springframework.security.web.servletapi.SecurityContextHolderAwareRequestFilter@7b92ea9d, org.springframework.security.web.authentication.AnonymousAuthenticationFilter@96c840a, org.springframework.security.web.session.SessionManagementFilter@20e3b165, org.springframework.security.web.access.ExceptionTranslationFilter@ca0a21f, org.springframework.security.web.access.intercept.AuthorizationFilter@4cd1716d]
2024-03-04 09:33:57,479 INFO org.apache.juli.logging.DirectJDKLog [main] Starting ProtocolHandler ["http-nio-8890"]
2024-03-04 09:33:57,489 INFO org.springframework.boot.web.embedded.tomcat.TomcatWebServer [main] Tomcat started on port(s): 8890 (http) with context path ''
2024-03-04 09:33:57,499 INFO org.springframework.boot.StartupInfoLogger [main] Started NewAppApplication in 3.668 seconds (JVM running for 4.188)
2024-03-04 09:34:00,474 INFO org.apache.juli.logging.DirectJDKLog [http-nio-8890-exec-2] Initializing Spring DispatcherServlet 'dispatcherServlet'
2024-03-04 09:34:00,474 INFO org.springframework.web.servlet.FrameworkServlet [http-nio-8890-exec-2] Initializing Servlet 'dispatcherServlet'
2024-03-04 09:34:00,475 INFO org.springframework.web.servlet.FrameworkServlet [http-nio-8890-exec-2] Completed initialization in 1 ms
2024-03-04 09:34:33,138 INFO org.springframework.orm.jpa.AbstractEntityManagerFactoryBean [SpringApplicationShutdownHook] Closing JPA EntityManagerFactory for persistence unit 'default'
2024-03-04 09:34:33,140 INFO com.zaxxer.hikari.HikariDataSource [SpringApplicationShutdownHook] HikariPool-1 - Shutdown initiated...
2024-03-04 09:34:33,158 INFO com.zaxxer.hikari.HikariDataSource [SpringApplicationShutdownHook] HikariPool-1 - Shutdown completed.
2024-03-04 09:34:38,790 INFO org.springframework.boot.StartupInfoLogger [main] Starting NewAppApplication using Java 17.0.10 on dev-HP-Laptop-14-bs1xx with PID 19035 (/home/dev/Java_Python/Crawler_Java/target/classes started by dev in /home/dev/Java_Python/Crawler_Java)
2024-03-04 09:34:38,794 INFO org.springframework.boot.SpringApplication [main] No active profile set, falling back to 1 default profile: "default"
2024-03-04 09:34:39,410 INFO org.springframework.data.repository.config.RepositoryConfigurationDelegate [main] Bootstrapping Spring Data JPA repositories in DEFAULT mode.
2024-03-04 09:34:39,480 INFO org.springframework.data.repository.config.RepositoryConfigurationDelegate [main] Finished Spring Data repository scanning in 60 ms. Found 4 JPA repository interfaces.
2024-03-04 09:34:40,000 INFO org.springframework.boot.web.embedded.tomcat.TomcatWebServer [main] Tomcat initialized with port(s): 8890 (http)
2024-03-04 09:34:40,007 INFO org.apache.juli.logging.DirectJDKLog [main] Initializing ProtocolHandler ["http-nio-8890"]
2024-03-04 09:34:40,008 INFO org.apache.juli.logging.DirectJDKLog [main] Starting service [Tomcat]
2024-03-04 09:34:40,008 INFO org.apache.juli.logging.DirectJDKLog [main] Starting Servlet engine: [Apache Tomcat/9.0.76]
2024-03-04 09:34:40,074 INFO org.apache.juli.logging.DirectJDKLog [main] Initializing Spring embedded WebApplicationContext
2024-03-04 09:34:40,075 INFO org.springframework.boot.web.servlet.context.ServletWebServerApplicationContext [main] Root WebApplicationContext: initialization completed in 1219 ms
2024-03-04 09:34:40,223 INFO org.hibernate.jpa.internal.util.LogHelper [main] HHH000204: Processing PersistenceUnitInfo [name: default]
2024-03-04 09:34:40,260 INFO org.hibernate.Version [main] HHH000412: Hibernate ORM core version 5.6.15.Final
2024-03-04 09:34:40,379 INFO org.hibernate.annotations.common.reflection.java.JavaReflectionManager [main] HCANN000001: Hibernate Commons Annotations {5.1.2.Final}
2024-03-04 09:34:40,450 INFO com.zaxxer.hikari.HikariDataSource [main] HikariPool-1 - Starting...
2024-03-04 09:34:40,599 INFO com.zaxxer.hikari.HikariDataSource [main] HikariPool-1 - Start completed.
2024-03-04 09:34:40,610 INFO org.hibernate.dialect.Dialect [main] HHH000400: Using dialect: org.hibernate.dialect.MySQL5InnoDBDialect
2024-03-04 09:34:41,098 INFO org.hibernate.engine.transaction.jta.platform.internal.JtaPlatformInitiator [main] HHH000490: Using JtaPlatform implementation: [org.hibernate.engine.transaction.jta.platform.internal.NoJtaPlatform]
2024-03-04 09:34:41,105 INFO org.springframework.orm.jpa.AbstractEntityManagerFactoryBean [main] Initialized JPA EntityManagerFactory for persistence unit 'default'
2024-03-04 09:34:41,674 WARN org.springframework.boot.autoconfigure.orm.jpa.JpaBaseConfiguration$JpaWebConfiguration [main] spring.jpa.open-in-view is enabled by default. Therefore, database queries may be performed during view rendering. Explicitly configure spring.jpa.open-in-view to disable this warning
2024-03-04 09:34:41,870 INFO org.springframework.security.web.DefaultSecurityFilterChain [main] Will secure any request with [org.springframework.security.web.session.DisableEncodeUrlFilter@29bf90fc, org.springframework.security.web.context.request.async.WebAsyncManagerIntegrationFilter@6e22d6bf, org.springframework.security.web.context.SecurityContextPersistenceFilter@2484c868, org.springframework.security.web.header.HeaderWriterFilter@3dc39412, org.springframework.web.filter.CorsFilter@32121140, org.springframework.security.web.authentication.logout.LogoutFilter@3aa63b53, com.example.newapp.jwt.AuthTokenFilter@237aba92, org.springframework.security.web.savedrequest.RequestCacheAwareFilter@30d5fc1b, org.springframework.security.web.servletapi.SecurityContextHolderAwareRequestFilter@7b92ea9d, org.springframework.security.web.authentication.AnonymousAuthenticationFilter@96c840a, org.springframework.security.web.session.SessionManagementFilter@20e3b165, org.springframework.security.web.access.ExceptionTranslationFilter@ca0a21f, org.springframework.security.web.access.intercept.AuthorizationFilter@4cd1716d]
2024-03-04 09:34:42,084 INFO org.apache.juli.logging.DirectJDKLog [main] Starting ProtocolHandler ["http-nio-8890"]
2024-03-04 09:34:42,094 INFO org.springframework.boot.web.embedded.tomcat.TomcatWebServer [main] Tomcat started on port(s): 8890 (http) with context path ''
2024-03-04 09:34:42,103 INFO org.springframework.boot.StartupInfoLogger [main] Started NewAppApplication in 3.766 seconds (JVM running for 4.378)
2024-03-04 09:34:47,122 INFO org.apache.juli.logging.DirectJDKLog [http-nio-8890-exec-2] Initializing Spring DispatcherServlet 'dispatcherServlet'
2024-03-04 09:34:47,122 INFO org.springframework.web.servlet.FrameworkServlet [http-nio-8890-exec-2] Initializing Servlet 'dispatcherServlet'
2024-03-04 09:34:47,123 INFO org.springframework.web.servlet.FrameworkServlet [http-nio-8890-exec-2] Completed initialization in 1 ms
2024-03-04 09:43:19,005 INFO org.springframework.orm.jpa.AbstractEntityManagerFactoryBean [SpringApplicationShutdownHook] Closing JPA EntityManagerFactory for persistence unit 'default'
2024-03-04 09:43:19,007 INFO com.zaxxer.hikari.HikariDataSource [SpringApplicationShutdownHook] HikariPool-1 - Shutdown initiated...
2024-03-04 09:43:19,015 INFO com.zaxxer.hikari.HikariDataSource [SpringApplicationShutdownHook] HikariPool-1 - Shutdown completed.
2024-03-04 09:43:23,284 INFO org.springframework.boot.StartupInfoLogger [main] Starting NewAppApplication using Java 17.0.10 on dev-HP-Laptop-14-bs1xx with PID 19466 (/home/dev/Java_Python/Crawler_Java/target/classes started by dev in /home/dev/Java_Python/Crawler_Java)
2024-03-04 09:43:23,287 INFO org.springframework.boot.SpringApplication [main] No active profile set, falling back to 1 default profile: "default"
2024-03-04 09:43:23,903 INFO org.springframework.data.repository.config.RepositoryConfigurationDelegate [main] Bootstrapping Spring Data JPA repositories in DEFAULT mode.
2024-03-04 09:43:23,959 INFO org.springframework.data.repository.config.RepositoryConfigurationDelegate [main] Finished Spring Data repository scanning in 49 ms. Found 4 JPA repository interfaces.
2024-03-04 09:43:24,534 INFO org.springframework.boot.web.embedded.tomcat.TomcatWebServer [main] Tomcat initialized with port(s): 8890 (http)
2024-03-04 09:43:24,542 INFO org.apache.juli.logging.DirectJDKLog [main] Initializing ProtocolHandler ["http-nio-8890"]
2024-03-04 09:43:24,543 INFO org.apache.juli.logging.DirectJDKLog [main] Starting service [Tomcat]
2024-03-04 09:43:24,543 INFO org.apache.juli.logging.DirectJDKLog [main] Starting Servlet engine: [Apache Tomcat/9.0.76]
2024-03-04 09:43:24,613 INFO org.apache.juli.logging.DirectJDKLog [main] Initializing Spring embedded WebApplicationContext
2024-03-04 09:43:24,614 INFO org.springframework.boot.web.servlet.context.ServletWebServerApplicationContext [main] Root WebApplicationContext: initialization completed in 1283 ms
2024-03-04 09:43:24,777 INFO org.hibernate.jpa.internal.util.LogHelper [main] HHH000204: Processing PersistenceUnitInfo [name: default]
2024-03-04 09:43:24,815 INFO org.hibernate.Version [main] HHH000412: Hibernate ORM core version 5.6.15.Final
2024-03-04 09:43:24,953 INFO org.hibernate.annotations.common.reflection.java.JavaReflectionManager [main] HCANN000001: Hibernate Commons Annotations {5.1.2.Final}
2024-03-04 09:43:25,036 INFO com.zaxxer.hikari.HikariDataSource [main] HikariPool-1 - Starting...
2024-03-04 09:43:25,192 INFO com.zaxxer.hikari.HikariDataSource [main] HikariPool-1 - Start completed.
2024-03-04 09:43:25,206 INFO org.hibernate.dialect.Dialect [main] HHH000400: Using dialect: org.hibernate.dialect.MySQL5InnoDBDialect
2024-03-04 09:43:25,783 INFO org.hibernate.engine.transaction.jta.platform.internal.JtaPlatformInitiator [main] HHH000490: Using JtaPlatform implementation: [org.hibernate.engine.transaction.jta.platform.internal.NoJtaPlatform]
2024-03-04 09:43:25,794 INFO org.springframework.orm.jpa.AbstractEntityManagerFactoryBean [main] Initialized JPA EntityManagerFactory for persistence unit 'default'
2024-03-04 09:43:26,427 WARN org.springframework.boot.autoconfigure.orm.jpa.JpaBaseConfiguration$JpaWebConfiguration [main] spring.jpa.open-in-view is enabled by default. Therefore, database queries may be performed during view rendering. Explicitly configure spring.jpa.open-in-view to disable this warning
2024-03-04 09:43:26,625 INFO org.springframework.security.web.DefaultSecurityFilterChain [main] Will secure any request with [org.springframework.security.web.session.DisableEncodeUrlFilter@b6b746b, org.springframework.security.web.context.request.async.WebAsyncManagerIntegrationFilter@55d8f6bb, org.springframework.security.web.context.SecurityContextPersistenceFilter@3694461d, org.springframework.security.web.header.HeaderWriterFilter@cc7909f, org.springframework.web.filter.CorsFilter@56b48163, org.springframework.security.web.authentication.logout.LogoutFilter@3516f436, com.example.newapp.jwt.AuthTokenFilter@5d67b2b3, org.springframework.security.web.savedrequest.RequestCacheAwareFilter@4d71ec5b, org.springframework.security.web.servletapi.SecurityContextHolderAwareRequestFilter@34d3bfca, org.springframework.security.web.authentication.AnonymousAuthenticationFilter@eb6ccbc, org.springframework.security.web.session.SessionManagementFilter@6c25123e, org.springframework.security.web.access.ExceptionTranslationFilter@16fb9fdd, org.springframework.security.web.access.intercept.AuthorizationFilter@5db66c3]
2024-03-04 09:43:26,835 INFO org.apache.juli.logging.DirectJDKLog [main] Starting ProtocolHandler ["http-nio-8890"]
2024-03-04 09:43:26,846 INFO org.springframework.boot.web.embedded.tomcat.TomcatWebServer [main] Tomcat started on port(s): 8890 (http) with context path ''
2024-03-04 09:43:26,855 INFO org.springframework.boot.StartupInfoLogger [main] Started NewAppApplication in 4.044 seconds (JVM running for 4.6)
2024-03-04 09:44:03,110 INFO org.apache.juli.logging.DirectJDKLog [http-nio-8890-exec-1] Initializing Spring DispatcherServlet 'dispatcherServlet'
2024-03-04 09:44:03,110 INFO org.springframework.web.servlet.FrameworkServlet [http-nio-8890-exec-1] Initializing Servlet 'dispatcherServlet'
2024-03-04 09:44:03,111 INFO org.springframework.web.servlet.FrameworkServlet [http-nio-8890-exec-1] Completed initialization in 1 ms
2024-03-04 09:52:37,717 INFO org.springframework.boot.StartupInfoLogger [main] Starting NewAppApplication using Java 11.0.19 on dev-HP-Laptop-14-bs1xx with PID 20145 (/home/dev/Java_Python/Crawler_Java/target/classes started by dev in /home/dev/Java_Python/Crawler_Java)
2024-03-04 09:52:37,720 INFO org.springframework.boot.SpringApplication [main] No active profile set, falling back to 1 default profile: "default"
2024-03-04 09:52:38,310 INFO org.springframework.data.repository.config.RepositoryConfigurationDelegate [main] Bootstrapping Spring Data JPA repositories in DEFAULT mode.
2024-03-04 09:52:38,376 INFO org.springframework.data.repository.config.RepositoryConfigurationDelegate [main] Finished Spring Data repository scanning in 56 ms. Found 4 JPA repository interfaces.
2024-03-04 09:52:38,961 INFO org.springframework.boot.web.embedded.tomcat.TomcatWebServer [main] Tomcat initialized with port(s): 8890 (http)
2024-03-04 09:52:38,962 INFO org.apache.juli.logging.DirectJDKLog [main] An older version [1.2.21] of the Apache Tomcat Native library is installed, while Tomcat recommends a minimum version of [1.2.30]
2024-03-04 09:52:38,963 INFO org.apache.juli.logging.DirectJDKLog [main] Loaded Apache Tomcat Native library [1.2.21] using APR version [1.6.3].
2024-03-04 09:52:38,963 INFO org.apache.juli.logging.DirectJDKLog [main] APR capabilities: IPv6 [true], sendfile [true], accept filters [false], random [true], UDS [false].
2024-03-04 09:52:38,963 INFO org.apache.juli.logging.DirectJDKLog [main] APR/OpenSSL configuration: useAprConnector [false], useOpenSSL [true]
2024-03-04 09:52:38,974 INFO org.apache.juli.logging.DirectJDKLog [main] OpenSSL successfully initialized [OpenSSL 1.1.1  11 Sep 2018]
2024-03-04 09:52:38,982 INFO org.apache.juli.logging.DirectJDKLog [main] Initializing ProtocolHandler ["http-nio-8890"]
2024-03-04 09:52:38,984 INFO org.apache.juli.logging.DirectJDKLog [main] Starting service [Tomcat]
2024-03-04 09:52:38,985 INFO org.apache.juli.logging.DirectJDKLog [main] Starting Servlet engine: [Apache Tomcat/9.0.76]
2024-03-04 09:52:39,076 INFO org.apache.juli.logging.DirectJDKLog [main] Initializing Spring embedded WebApplicationContext
2024-03-04 09:52:39,076 INFO org.springframework.boot.web.servlet.context.ServletWebServerApplicationContext [main] Root WebApplicationContext: initialization completed in 1316 ms
2024-03-04 09:52:39,253 INFO org.hibernate.jpa.internal.util.LogHelper [main] HHH000204: Processing PersistenceUnitInfo [name: default]
2024-03-04 09:52:39,292 INFO org.hibernate.Version [main] HHH000412: Hibernate ORM core version 5.6.15.Final
2024-03-04 09:52:39,449 INFO org.hibernate.annotations.common.reflection.java.JavaReflectionManager [main] HCANN000001: Hibernate Commons Annotations {5.1.2.Final}
2024-03-04 09:52:39,536 INFO com.zaxxer.hikari.HikariDataSource [main] HikariPool-1 - Starting...
2024-03-04 09:52:39,705 INFO com.zaxxer.hikari.HikariDataSource [main] HikariPool-1 - Start completed.
2024-03-04 09:52:39,719 INFO org.hibernate.dialect.Dialect [main] HHH000400: Using dialect: org.hibernate.dialect.MySQL5InnoDBDialect
2024-03-04 09:52:40,264 INFO org.hibernate.engine.transaction.jta.platform.internal.JtaPlatformInitiator [main] HHH000490: Using JtaPlatform implementation: [org.hibernate.engine.transaction.jta.platform.internal.NoJtaPlatform]
2024-03-04 09:52:40,273 INFO org.springframework.orm.jpa.AbstractEntityManagerFactoryBean [main] Initialized JPA EntityManagerFactory for persistence unit 'default'
2024-03-04 09:52:40,898 WARN org.springframework.boot.autoconfigure.orm.jpa.JpaBaseConfiguration$JpaWebConfiguration [main] spring.jpa.open-in-view is enabled by default. Therefore, database queries may be performed during view rendering. Explicitly configure spring.jpa.open-in-view to disable this warning
2024-03-04 09:52:41,103 INFO org.springframework.security.web.DefaultSecurityFilterChain [main] Will secure any request with [org.springframework.security.web.session.DisableEncodeUrlFilter@13ae87a6, org.springframework.security.web.context.request.async.WebAsyncManagerIntegrationFilter@774189d0, org.springframework.security.web.context.SecurityContextPersistenceFilter@6f69b0ba, org.springframework.security.web.header.HeaderWriterFilter@498b697, org.springframework.web.filter.CorsFilter@22c4354d, org.springframework.security.web.authentication.logout.LogoutFilter@7c5c2b17, com.example.newapp.jwt.AuthTokenFilter@4452e13c, org.springframework.security.web.savedrequest.RequestCacheAwareFilter@64eb14da, org.springframework.security.web.servletapi.SecurityContextHolderAwareRequestFilter@716eae1, org.springframework.security.web.authentication.AnonymousAuthenticationFilter@2681185e, org.springframework.security.web.session.SessionManagementFilter@4a68cbc5, org.springframework.security.web.access.ExceptionTranslationFilter@74a3160d, org.springframework.security.web.access.intercept.AuthorizationFilter@5d373794]
2024-03-04 09:52:41,340 INFO org.apache.juli.logging.DirectJDKLog [main] Starting ProtocolHandler ["http-nio-8890"]
2024-03-04 09:52:41,346 WARN org.springframework.context.support.AbstractApplicationContext [main] Exception encountered during context initialization - cancelling refresh attempt: org.springframework.context.ApplicationContextException: Failed to start bean 'webServerStartStop'; nested exception is org.springframework.boot.web.server.PortInUseException: Port 8890 is already in use
2024-03-04 09:52:41,349 INFO org.springframework.orm.jpa.AbstractEntityManagerFactoryBean [main] Closing JPA EntityManagerFactory for persistence unit 'default'
2024-03-04 09:52:41,350 INFO com.zaxxer.hikari.HikariDataSource [main] HikariPool-1 - Shutdown initiated...
2024-03-04 09:52:41,362 INFO com.zaxxer.hikari.HikariDataSource [main] HikariPool-1 - Shutdown completed.
2024-03-04 09:52:41,364 INFO org.apache.juli.logging.DirectJDKLog [main] Pausing ProtocolHandler ["http-nio-8890"]
2024-03-04 09:52:41,364 INFO org.apache.juli.logging.DirectJDKLog [main] Stopping service [Tomcat]
2024-03-04 09:52:41,368 INFO org.apache.juli.logging.DirectJDKLog [main] Stopping ProtocolHandler ["http-nio-8890"]
2024-03-04 09:52:41,368 INFO org.apache.juli.logging.DirectJDKLog [main] Destroying ProtocolHandler ["http-nio-8890"]
2024-03-04 09:52:41,377 INFO org.springframework.boot.autoconfigure.logging.ConditionEvaluationReportLoggingListener [main] 

Error starting ApplicationContext. To display the conditions report re-run your application with 'debug' enabled.
2024-03-04 09:52:41,394 ERROR org.springframework.boot.diagnostics.LoggingFailureAnalysisReporter [main] 

***************************
APPLICATION FAILED TO START
***************************

Description:

Web server failed to start. Port 8890 was already in use.

Action:

Identify and stop the process that's listening on port 8890 or configure this application to listen on another port.

2024-03-04 09:55:24,593 INFO org.springframework.orm.jpa.AbstractEntityManagerFactoryBean [SpringApplicationShutdownHook] Closing JPA EntityManagerFactory for persistence unit 'default'
2024-03-04 09:55:24,598 INFO com.zaxxer.hikari.HikariDataSource [SpringApplicationShutdownHook] HikariPool-1 - Shutdown initiated...
2024-03-04 09:55:24,639 INFO com.zaxxer.hikari.HikariDataSource [SpringApplicationShutdownHook] HikariPool-1 - Shutdown completed.
2024-03-04 10:05:04,863 INFO org.springframework.boot.StartupInfoLogger [main] Starting NewAppApplication using Java 11.0.19 on dev-HP-Laptop-14-bs1xx with PID 21166 (/home/dev/Java_Python/Crawler_Java/target/classes started by dev in /home/dev/Java_Python/Crawler_Java)
2024-03-04 10:05:04,866 INFO org.springframework.boot.SpringApplication [main] No active profile set, falling back to 1 default profile: "default"
2024-03-04 10:05:05,408 INFO org.springframework.data.repository.config.RepositoryConfigurationDelegate [main] Bootstrapping Spring Data JPA repositories in DEFAULT mode.
2024-03-04 10:05:05,457 INFO org.springframework.data.repository.config.RepositoryConfigurationDelegate [main] Finished Spring Data repository scanning in 42 ms. Found 4 JPA repository interfaces.
2024-03-04 10:05:06,001 INFO org.springframework.boot.web.embedded.tomcat.TomcatWebServer [main] Tomcat initialized with port(s): 8890 (http)
2024-03-04 10:05:06,002 INFO org.apache.juli.logging.DirectJDKLog [main] An older version [1.2.21] of the Apache Tomcat Native library is installed, while Tomcat recommends a minimum version of [1.2.30]
2024-03-04 10:05:06,003 INFO org.apache.juli.logging.DirectJDKLog [main] Loaded Apache Tomcat Native library [1.2.21] using APR version [1.6.3].
2024-03-04 10:05:06,003 INFO org.apache.juli.logging.DirectJDKLog [main] APR capabilities: IPv6 [true], sendfile [true], accept filters [false], random [true], UDS [false].
2024-03-04 10:05:06,003 INFO org.apache.juli.logging.DirectJDKLog [main] APR/OpenSSL configuration: useAprConnector [false], useOpenSSL [true]
2024-03-04 10:05:06,008 INFO org.apache.juli.logging.DirectJDKLog [main] OpenSSL successfully initialized [OpenSSL 1.1.1  11 Sep 2018]
2024-03-04 10:05:06,016 INFO org.apache.juli.logging.DirectJDKLog [main] Initializing ProtocolHandler ["http-nio-8890"]
2024-03-04 10:05:06,017 INFO org.apache.juli.logging.DirectJDKLog [main] Starting service [Tomcat]
2024-03-04 10:05:06,018 INFO org.apache.juli.logging.DirectJDKLog [main] Starting Servlet engine: [Apache Tomcat/9.0.76]
2024-03-04 10:05:06,120 INFO org.apache.juli.logging.DirectJDKLog [main] Initializing Spring embedded WebApplicationContext
2024-03-04 10:05:06,120 INFO org.springframework.boot.web.servlet.context.ServletWebServerApplicationContext [main] Root WebApplicationContext: initialization completed in 1216 ms
2024-03-04 10:05:06,301 INFO org.hibernate.jpa.internal.util.LogHelper [main] HHH000204: Processing PersistenceUnitInfo [name: default]
2024-03-04 10:05:06,343 INFO org.hibernate.Version [main] HHH000412: Hibernate ORM core version 5.6.15.Final
2024-03-04 10:05:06,499 INFO org.hibernate.annotations.common.reflection.java.JavaReflectionManager [main] HCANN000001: Hibernate Commons Annotations {5.1.2.Final}
2024-03-04 10:05:06,579 INFO com.zaxxer.hikari.HikariDataSource [main] HikariPool-1 - Starting...
2024-03-04 10:05:06,730 INFO com.zaxxer.hikari.HikariDataSource [main] HikariPool-1 - Start completed.
2024-03-04 10:05:06,744 INFO org.hibernate.dialect.Dialect [main] HHH000400: Using dialect: org.hibernate.dialect.MySQL5InnoDBDialect
2024-03-04 10:05:07,256 INFO org.hibernate.engine.transaction.jta.platform.internal.JtaPlatformInitiator [main] HHH000490: Using JtaPlatform implementation: [org.hibernate.engine.transaction.jta.platform.internal.NoJtaPlatform]
2024-03-04 10:05:07,264 INFO org.springframework.orm.jpa.AbstractEntityManagerFactoryBean [main] Initialized JPA EntityManagerFactory for persistence unit 'default'
2024-03-04 10:05:07,876 WARN org.springframework.boot.autoconfigure.orm.jpa.JpaBaseConfiguration$JpaWebConfiguration [main] spring.jpa.open-in-view is enabled by default. Therefore, database queries may be performed during view rendering. Explicitly configure spring.jpa.open-in-view to disable this warning
2024-03-04 10:05:08,078 INFO org.springframework.security.web.DefaultSecurityFilterChain [main] Will secure any request with [org.springframework.security.web.session.DisableEncodeUrlFilter@1701beb3, org.springframework.security.web.context.request.async.WebAsyncManagerIntegrationFilter@7f584d0c, org.springframework.security.web.context.SecurityContextPersistenceFilter@25a52a60, org.springframework.security.web.header.HeaderWriterFilter@1cc81ea1, org.springframework.web.filter.CorsFilter@4c599679, org.springframework.security.web.authentication.logout.LogoutFilter@4a29a1e6, com.example.newapp.jwt.AuthTokenFilter@776a3365, org.springframework.security.web.savedrequest.RequestCacheAwareFilter@1e75af65, org.springframework.security.web.servletapi.SecurityContextHolderAwareRequestFilter@29d81c22, org.springframework.security.web.authentication.AnonymousAuthenticationFilter@15fd3088, org.springframework.security.web.session.SessionManagementFilter@716eae1, org.springframework.security.web.access.ExceptionTranslationFilter@206b959c, org.springframework.security.web.access.intercept.AuthorizationFilter@41f5389f]
2024-03-04 10:05:08,301 INFO org.apache.juli.logging.DirectJDKLog [main] Starting ProtocolHandler ["http-nio-8890"]
2024-03-04 10:05:08,317 INFO org.springframework.boot.web.embedded.tomcat.TomcatWebServer [main] Tomcat started on port(s): 8890 (http) with context path ''
2024-03-04 10:05:08,326 INFO org.springframework.boot.StartupInfoLogger [main] Started NewAppApplication in 3.859 seconds (JVM running for 4.387)
2024-03-04 10:14:55,059 INFO org.springframework.boot.admin.SpringApplicationAdminMXBeanRegistrar$SpringApplicationAdmin [RMI TCP Connection(19)-127.0.0.1] Application shutdown requested.
2024-03-04 10:14:55,075 INFO org.apache.juli.logging.DirectJDKLog [RMI TCP Connection(19)-127.0.0.1] Pausing ProtocolHandler ["http-nio-8890"]
2024-03-04 10:14:55,076 INFO org.apache.juli.logging.DirectJDKLog [RMI TCP Connection(19)-127.0.0.1] Stopping service [Tomcat]
2024-03-04 10:14:55,088 WARN org.apache.juli.logging.DirectJDKLog [RMI TCP Connection(19)-127.0.0.1] The web application [ROOT] appears to have started a thread named [HikariPool-1 housekeeper] but has failed to stop it. This is very likely to create a memory leak. Stack trace of thread:
 java.base@11.0.19/jdk.internal.misc.Unsafe.park(Native Method)
 java.base@11.0.19/java.util.concurrent.locks.LockSupport.parkNanos(LockSupport.java:234)
 java.base@11.0.19/java.util.concurrent.locks.AbstractQueuedSynchronizer$ConditionObject.awaitNanos(AbstractQueuedSynchronizer.java:2123)
 java.base@11.0.19/java.util.concurrent.ScheduledThreadPoolExecutor$DelayedWorkQueue.take(ScheduledThreadPoolExecutor.java:1182)
 java.base@11.0.19/java.util.concurrent.ScheduledThreadPoolExecutor$DelayedWorkQueue.take(ScheduledThreadPoolExecutor.java:899)
 java.base@11.0.19/java.util.concurrent.ThreadPoolExecutor.getTask(ThreadPoolExecutor.java:1054)
 java.base@11.0.19/java.util.concurrent.ThreadPoolExecutor.runWorker(ThreadPoolExecutor.java:1114)
 java.base@11.0.19/java.util.concurrent.ThreadPoolExecutor$Worker.run(ThreadPoolExecutor.java:628)
 java.base@11.0.19/java.lang.Thread.run(Thread.java:829)
2024-03-04 10:14:55,092 INFO org.apache.juli.logging.DirectJDKLog [RMI TCP Connection(19)-127.0.0.1] Stopping ProtocolHandler ["http-nio-8890"]
2024-03-04 10:14:55,102 INFO org.springframework.orm.jpa.AbstractEntityManagerFactoryBean [RMI TCP Connection(19)-127.0.0.1] Closing JPA EntityManagerFactory for persistence unit 'default'
2024-03-04 10:14:55,104 INFO com.zaxxer.hikari.HikariDataSource [RMI TCP Connection(19)-127.0.0.1] HikariPool-1 - Shutdown initiated...
2024-03-04 10:14:55,119 INFO com.zaxxer.hikari.HikariDataSource [RMI TCP Connection(19)-127.0.0.1] HikariPool-1 - Shutdown completed.
2024-03-04 10:15:16,748 INFO org.springframework.boot.StartupInfoLogger [main] Starting NewAppApplication using Java 11.0.19 on dev-HP-Laptop-14-bs1xx with PID 21935 (/home/dev/Java_Python/Crawler_Java/target/classes started by dev in /home/dev/Java_Python/Crawler_Java)
2024-03-04 10:15:16,750 INFO org.springframework.boot.SpringApplication [main] No active profile set, falling back to 1 default profile: "default"
2024-03-04 10:15:17,365 INFO org.springframework.data.repository.config.RepositoryConfigurationDelegate [main] Bootstrapping Spring Data JPA repositories in DEFAULT mode.
2024-03-04 10:15:17,421 INFO org.springframework.data.repository.config.RepositoryConfigurationDelegate [main] Finished Spring Data repository scanning in 46 ms. Found 4 JPA repository interfaces.
2024-03-04 10:15:17,992 INFO org.springframework.boot.web.embedded.tomcat.TomcatWebServer [main] Tomcat initialized with port(s): 8890 (http)
2024-03-04 10:15:17,993 INFO org.apache.juli.logging.DirectJDKLog [main] An older version [1.2.21] of the Apache Tomcat Native library is installed, while Tomcat recommends a minimum version of [1.2.30]
2024-03-04 10:15:17,993 INFO org.apache.juli.logging.DirectJDKLog [main] Loaded Apache Tomcat Native library [1.2.21] using APR version [1.6.3].
2024-03-04 10:15:17,993 INFO org.apache.juli.logging.DirectJDKLog [main] APR capabilities: IPv6 [true], sendfile [true], accept filters [false], random [true], UDS [false].
2024-03-04 10:15:17,993 INFO org.apache.juli.logging.DirectJDKLog [main] APR/OpenSSL configuration: useAprConnector [false], useOpenSSL [true]
2024-03-04 10:15:17,997 INFO org.apache.juli.logging.DirectJDKLog [main] OpenSSL successfully initialized [OpenSSL 1.1.1  11 Sep 2018]
2024-03-04 10:15:18,005 INFO org.apache.juli.logging.DirectJDKLog [main] Initializing ProtocolHandler ["http-nio-8890"]
2024-03-04 10:15:18,006 INFO org.apache.juli.logging.DirectJDKLog [main] Starting service [Tomcat]
2024-03-04 10:15:18,007 INFO org.apache.juli.logging.DirectJDKLog [main] Starting Servlet engine: [Apache Tomcat/9.0.76]
2024-03-04 10:15:18,097 INFO org.apache.juli.logging.DirectJDKLog [main] Initializing Spring embedded WebApplicationContext
2024-03-04 10:15:18,097 INFO org.springframework.boot.web.servlet.context.ServletWebServerApplicationContext [main] Root WebApplicationContext: initialization completed in 1300 ms
2024-03-04 10:15:18,281 INFO org.hibernate.jpa.internal.util.LogHelper [main] HHH000204: Processing PersistenceUnitInfo [name: default]
2024-03-04 10:15:18,342 INFO org.hibernate.Version [main] HHH000412: Hibernate ORM core version 5.6.15.Final
2024-03-04 10:15:18,531 INFO org.hibernate.annotations.common.reflection.java.JavaReflectionManager [main] HCANN000001: Hibernate Commons Annotations {5.1.2.Final}
2024-03-04 10:15:18,631 INFO com.zaxxer.hikari.HikariDataSource [main] HikariPool-1 - Starting...
2024-03-04 10:15:18,803 INFO com.zaxxer.hikari.HikariDataSource [main] HikariPool-1 - Start completed.
2024-03-04 10:15:18,820 INFO org.hibernate.dialect.Dialect [main] HHH000400: Using dialect: org.hibernate.dialect.MySQL5InnoDBDialect
2024-03-04 10:15:19,394 INFO org.hibernate.engine.transaction.jta.platform.internal.JtaPlatformInitiator [main] HHH000490: Using JtaPlatform implementation: [org.hibernate.engine.transaction.jta.platform.internal.NoJtaPlatform]
2024-03-04 10:15:19,403 INFO org.springframework.orm.jpa.AbstractEntityManagerFactoryBean [main] Initialized JPA EntityManagerFactory for persistence unit 'default'
2024-03-04 10:15:20,058 WARN org.springframework.boot.autoconfigure.orm.jpa.JpaBaseConfiguration$JpaWebConfiguration [main] spring.jpa.open-in-view is enabled by default. Therefore, database queries may be performed during view rendering. Explicitly configure spring.jpa.open-in-view to disable this warning
2024-03-04 10:15:20,261 INFO org.springframework.security.web.DefaultSecurityFilterChain [main] Will secure any request with [org.springframework.security.web.session.DisableEncodeUrlFilter@774189d0, org.springframework.security.web.context.request.async.WebAsyncManagerIntegrationFilter@22c4354d, org.springframework.security.web.context.SecurityContextPersistenceFilter@63537871, org.springframework.security.web.header.HeaderWriterFilter@5f8da82, org.springframework.web.filter.CorsFilter@2681185e, org.springframework.security.web.authentication.logout.LogoutFilter@18bf1bad, com.example.newapp.jwt.AuthTokenFilter@8e77c5b, org.springframework.security.web.savedrequest.RequestCacheAwareFilter@25587290, org.springframework.security.web.servletapi.SecurityContextHolderAwareRequestFilter@7ffe8a82, org.springframework.security.web.authentication.AnonymousAuthenticationFilter@41f5389f, org.springframework.security.web.session.SessionManagementFilter@3a47bf0e, org.springframework.security.web.access.ExceptionTranslationFilter@77978658, org.springframework.security.web.access.intercept.AuthorizationFilter@7304ca87]
2024-03-04 10:15:20,490 INFO org.apache.juli.logging.DirectJDKLog [main] Starting ProtocolHandler ["http-nio-8890"]
2024-03-04 10:15:20,505 INFO org.springframework.boot.web.embedded.tomcat.TomcatWebServer [main] Tomcat started on port(s): 8890 (http) with context path ''
2024-03-04 10:15:20,514 INFO org.springframework.boot.StartupInfoLogger [main] Started NewAppApplication in 4.198 seconds (JVM running for 4.84)
2024-03-04 10:17:29,946 INFO org.springframework.boot.admin.SpringApplicationAdminMXBeanRegistrar$SpringApplicationAdmin [RMI TCP Connection(10)-127.0.0.1] Application shutdown requested.
2024-03-04 10:17:29,967 INFO org.apache.juli.logging.DirectJDKLog [RMI TCP Connection(10)-127.0.0.1] Pausing ProtocolHandler ["http-nio-8890"]
2024-03-04 10:17:29,969 INFO org.apache.juli.logging.DirectJDKLog [RMI TCP Connection(10)-127.0.0.1] Stopping service [Tomcat]
2024-03-04 10:17:29,978 WARN org.apache.juli.logging.DirectJDKLog [RMI TCP Connection(10)-127.0.0.1] The web application [ROOT] appears to have started a thread named [HikariPool-1 housekeeper] but has failed to stop it. This is very likely to create a memory leak. Stack trace of thread:
 java.base@11.0.19/jdk.internal.misc.Unsafe.park(Native Method)
 java.base@11.0.19/java.util.concurrent.locks.LockSupport.parkNanos(LockSupport.java:234)
 java.base@11.0.19/java.util.concurrent.locks.AbstractQueuedSynchronizer$ConditionObject.awaitNanos(AbstractQueuedSynchronizer.java:2123)
 java.base@11.0.19/java.util.concurrent.ScheduledThreadPoolExecutor$DelayedWorkQueue.take(ScheduledThreadPoolExecutor.java:1182)
 java.base@11.0.19/java.util.concurrent.ScheduledThreadPoolExecutor$DelayedWorkQueue.take(ScheduledThreadPoolExecutor.java:899)
 java.base@11.0.19/java.util.concurrent.ThreadPoolExecutor.getTask(ThreadPoolExecutor.java:1054)
 java.base@11.0.19/java.util.concurrent.ThreadPoolExecutor.runWorker(ThreadPoolExecutor.java:1114)
 java.base@11.0.19/java.util.concurrent.ThreadPoolExecutor$Worker.run(ThreadPoolExecutor.java:628)
 java.base@11.0.19/java.lang.Thread.run(Thread.java:829)
2024-03-04 10:17:29,981 INFO org.apache.juli.logging.DirectJDKLog [RMI TCP Connection(10)-127.0.0.1] Stopping ProtocolHandler ["http-nio-8890"]
2024-03-04 10:17:29,993 INFO org.springframework.orm.jpa.AbstractEntityManagerFactoryBean [RMI TCP Connection(10)-127.0.0.1] Closing JPA EntityManagerFactory for persistence unit 'default'
2024-03-04 10:17:29,995 INFO com.zaxxer.hikari.HikariDataSource [RMI TCP Connection(10)-127.0.0.1] HikariPool-1 - Shutdown initiated...
2024-03-04 10:17:30,006 INFO com.zaxxer.hikari.HikariDataSource [RMI TCP Connection(10)-127.0.0.1] HikariPool-1 - Shutdown completed.
2024-03-04 10:18:00,437 INFO org.springframework.boot.StartupInfoLogger [main] Starting NewAppApplication using Java 17.0.10 on dev-HP-Laptop-14-bs1xx with PID 22196 (/home/dev/Java_Python/Crawler_Java/target/classes started by dev in /home/dev/Java_Python/Crawler_Java)
2024-03-04 10:18:00,440 INFO org.springframework.boot.SpringApplication [main] No active profile set, falling back to 1 default profile: "default"
2024-03-04 10:18:01,120 INFO org.springframework.data.repository.config.RepositoryConfigurationDelegate [main] Bootstrapping Spring Data JPA repositories in DEFAULT mode.
2024-03-04 10:18:01,188 INFO org.springframework.data.repository.config.RepositoryConfigurationDelegate [main] Finished Spring Data repository scanning in 59 ms. Found 4 JPA repository interfaces.
2024-03-04 10:18:01,826 INFO org.springframework.boot.web.embedded.tomcat.TomcatWebServer [main] Tomcat initialized with port(s): 8890 (http)
2024-03-04 10:18:01,834 INFO org.apache.juli.logging.DirectJDKLog [main] Initializing ProtocolHandler ["http-nio-8890"]
2024-03-04 10:18:01,835 INFO org.apache.juli.logging.DirectJDKLog [main] Starting service [Tomcat]
2024-03-04 10:18:01,836 INFO org.apache.juli.logging.DirectJDKLog [main] Starting Servlet engine: [Apache Tomcat/9.0.76]
2024-03-04 10:18:01,938 INFO org.apache.juli.logging.DirectJDKLog [main] Initializing Spring embedded WebApplicationContext
2024-03-04 10:18:01,939 INFO org.springframework.boot.web.servlet.context.ServletWebServerApplicationContext [main] Root WebApplicationContext: initialization completed in 1442 ms
2024-03-04 10:18:02,158 INFO org.hibernate.jpa.internal.util.LogHelper [main] HHH000204: Processing PersistenceUnitInfo [name: default]
2024-03-04 10:18:02,202 INFO org.hibernate.Version [main] HHH000412: Hibernate ORM core version 5.6.15.Final
2024-03-04 10:18:02,329 INFO org.hibernate.annotations.common.reflection.java.JavaReflectionManager [main] HCANN000001: Hibernate Commons Annotations {5.1.2.Final}
2024-03-04 10:18:02,437 INFO com.zaxxer.hikari.HikariDataSource [main] HikariPool-1 - Starting...
2024-03-04 10:18:02,618 INFO com.zaxxer.hikari.HikariDataSource [main] HikariPool-1 - Start completed.
2024-03-04 10:18:02,632 INFO org.hibernate.dialect.Dialect [main] HHH000400: Using dialect: org.hibernate.dialect.MySQL5InnoDBDialect
2024-03-04 10:18:03,246 INFO org.hibernate.engine.transaction.jta.platform.internal.JtaPlatformInitiator [main] HHH000490: Using JtaPlatform implementation: [org.hibernate.engine.transaction.jta.platform.internal.NoJtaPlatform]
2024-03-04 10:18:03,255 INFO org.springframework.orm.jpa.AbstractEntityManagerFactoryBean [main] Initialized JPA EntityManagerFactory for persistence unit 'default'
2024-03-04 10:18:03,951 WARN org.springframework.boot.autoconfigure.orm.jpa.JpaBaseConfiguration$JpaWebConfiguration [main] spring.jpa.open-in-view is enabled by default. Therefore, database queries may be performed during view rendering. Explicitly configure spring.jpa.open-in-view to disable this warning
2024-03-04 10:18:04,176 INFO org.springframework.security.web.DefaultSecurityFilterChain [main] Will secure any request with [org.springframework.security.web.session.DisableEncodeUrlFilter@7d7c05fa, org.springframework.security.web.context.request.async.WebAsyncManagerIntegrationFilter@7dbbf730, org.springframework.security.web.context.SecurityContextPersistenceFilter@45648e75, org.springframework.security.web.header.HeaderWriterFilter@fc21ff4, org.springframework.web.filter.CorsFilter@7c4a5ef2, org.springframework.security.web.authentication.logout.LogoutFilter@19855799, com.example.newapp.jwt.AuthTokenFilter@2b06681c, org.springframework.security.web.savedrequest.RequestCacheAwareFilter@2d117280, org.springframework.security.web.servletapi.SecurityContextHolderAwareRequestFilter@dddcd91, org.springframework.security.web.authentication.AnonymousAuthenticationFilter@299dd381, org.springframework.security.web.session.SessionManagementFilter@16cbba0f, org.springframework.security.web.access.ExceptionTranslationFilter@42028589, org.springframework.security.web.access.intercept.AuthorizationFilter@ed1d2cf]
2024-03-04 10:18:04,456 INFO org.apache.juli.logging.DirectJDKLog [main] Starting ProtocolHandler ["http-nio-8890"]
2024-03-04 10:18:04,474 INFO org.springframework.boot.web.embedded.tomcat.TomcatWebServer [main] Tomcat started on port(s): 8890 (http) with context path ''
2024-03-04 10:18:04,484 INFO org.springframework.boot.StartupInfoLogger [main] Started NewAppApplication in 4.513 seconds (JVM running for 6.324)
2024-03-04 10:19:16,152 INFO org.apache.juli.logging.DirectJDKLog [http-nio-8890-exec-2] Initializing Spring DispatcherServlet 'dispatcherServlet'
2024-03-04 10:19:16,152 INFO org.springframework.web.servlet.FrameworkServlet [http-nio-8890-exec-2] Initializing Servlet 'dispatcherServlet'
2024-03-04 10:19:16,153 INFO org.springframework.web.servlet.FrameworkServlet [http-nio-8890-exec-2] Completed initialization in 1 ms
2024-03-04 10:19:27,202 WARN org.springframework.web.servlet.handler.AbstractHandlerExceptionResolver [http-nio-8890-exec-4] Resolved [org.springframework.web.HttpRequestMethodNotSupportedException: Request method 'GET' not supported]
2024-03-04 10:19:33,466 INFO com.example.newapp.service.RefreshTokenServiceImpl [http-nio-8890-exec-5] create refresh token success : 
2024-03-04 10:19:33,467 INFO com.example.newapp.controll.AuthController [http-nio-8890-exec-5] Login Success : admin@gmail.com
2024-03-04 10:19:53,853 INFO com.example.newapp.controll.WebsiteController [http-nio-8890-exec-6] /home/dev/Downloads/uploads/nhadat24.py
2024-03-04 10:20:25,213 WARN com.zaxxer.hikari.pool.HikariPool$HouseKeeper [HikariPool-1 housekeeper] HikariPool-1 - Thread starvation or clock leap detected (housekeeper delta=52s493ms555s785ns).
2024-03-04 10:21:04,478 INFO org.springframework.orm.jpa.AbstractEntityManagerFactoryBean [SpringApplicationShutdownHook] Closing JPA EntityManagerFactory for persistence unit 'default'
2024-03-04 10:21:04,480 INFO com.zaxxer.hikari.HikariDataSource [SpringApplicationShutdownHook] HikariPool-1 - Shutdown initiated...
2024-03-04 10:21:04,491 INFO com.zaxxer.hikari.HikariDataSource [SpringApplicationShutdownHook] HikariPool-1 - Shutdown completed.
2024-03-04 10:21:07,813 INFO org.springframework.boot.StartupInfoLogger [main] Starting NewAppApplication using Java 17.0.10 on dev-HP-Laptop-14-bs1xx with PID 22933 (/home/dev/Java_Python/Crawler_Java/target/classes started by dev in /home/dev/Java_Python/Crawler_Java)
2024-03-04 10:21:07,818 INFO org.springframework.boot.SpringApplication [main] No active profile set, falling back to 1 default profile: "default"
2024-03-04 10:21:08,483 INFO org.springframework.data.repository.config.RepositoryConfigurationDelegate [main] Bootstrapping Spring Data JPA repositories in DEFAULT mode.
2024-03-04 10:21:08,557 INFO org.springframework.data.repository.config.RepositoryConfigurationDelegate [main] Finished Spring Data repository scanning in 66 ms. Found 4 JPA repository interfaces.
2024-03-04 10:21:09,138 INFO org.springframework.boot.web.embedded.tomcat.TomcatWebServer [main] Tomcat initialized with port(s): 8890 (http)
2024-03-04 10:21:09,145 INFO org.apache.juli.logging.DirectJDKLog [main] Initializing ProtocolHandler ["http-nio-8890"]
2024-03-04 10:21:09,146 INFO org.apache.juli.logging.DirectJDKLog [main] Starting service [Tomcat]
2024-03-04 10:21:09,147 INFO org.apache.juli.logging.DirectJDKLog [main] Starting Servlet engine: [Apache Tomcat/9.0.76]
2024-03-04 10:21:09,225 INFO org.apache.juli.logging.DirectJDKLog [main] Initializing Spring embedded WebApplicationContext
2024-03-04 10:21:09,225 INFO org.springframework.boot.web.servlet.context.ServletWebServerApplicationContext [main] Root WebApplicationContext: initialization completed in 1346 ms
2024-03-04 10:21:09,410 INFO org.hibernate.jpa.internal.util.LogHelper [main] HHH000204: Processing PersistenceUnitInfo [name: default]
2024-03-04 10:21:09,464 INFO org.hibernate.Version [main] HHH000412: Hibernate ORM core version 5.6.15.Final
2024-03-04 10:21:09,594 INFO org.hibernate.annotations.common.reflection.java.JavaReflectionManager [main] HCANN000001: Hibernate Commons Annotations {5.1.2.Final}
2024-03-04 10:21:09,696 INFO com.zaxxer.hikari.HikariDataSource [main] HikariPool-1 - Starting...
2024-03-04 10:21:09,856 INFO com.zaxxer.hikari.HikariDataSource [main] HikariPool-1 - Start completed.
2024-03-04 10:21:09,871 INFO org.hibernate.dialect.Dialect [main] HHH000400: Using dialect: org.hibernate.dialect.MySQL5InnoDBDialect
2024-03-04 10:21:10,450 INFO org.hibernate.engine.transaction.jta.platform.internal.JtaPlatformInitiator [main] HHH000490: Using JtaPlatform implementation: [org.hibernate.engine.transaction.jta.platform.internal.NoJtaPlatform]
2024-03-04 10:21:10,459 INFO org.springframework.orm.jpa.AbstractEntityManagerFactoryBean [main] Initialized JPA EntityManagerFactory for persistence unit 'default'
2024-03-04 10:21:11,130 WARN org.springframework.boot.autoconfigure.orm.jpa.JpaBaseConfiguration$JpaWebConfiguration [main] spring.jpa.open-in-view is enabled by default. Therefore, database queries may be performed during view rendering. Explicitly configure spring.jpa.open-in-view to disable this warning
2024-03-04 10:21:11,327 INFO org.springframework.security.web.DefaultSecurityFilterChain [main] Will secure any request with [org.springframework.security.web.session.DisableEncodeUrlFilter@3293030b, org.springframework.security.web.context.request.async.WebAsyncManagerIntegrationFilter@1b53e6fc, org.springframework.security.web.context.SecurityContextPersistenceFilter@1c36ab22, org.springframework.security.web.header.HeaderWriterFilter@30adae45, org.springframework.web.filter.CorsFilter@391e2a, org.springframework.security.web.authentication.logout.LogoutFilter@6c2be147, com.example.newapp.jwt.AuthTokenFilter@3130ca39, org.springframework.security.web.savedrequest.RequestCacheAwareFilter@2ec23ec3, org.springframework.security.web.servletapi.SecurityContextHolderAwareRequestFilter@556843a5, org.springframework.security.web.authentication.AnonymousAuthenticationFilter@641cea11, org.springframework.security.web.session.SessionManagementFilter@5c4516ec, org.springframework.security.web.access.ExceptionTranslationFilter@41bbdd8a, org.springframework.security.web.access.intercept.AuthorizationFilter@4a7c72af]
2024-03-04 10:21:11,562 INFO org.apache.juli.logging.DirectJDKLog [main] Starting ProtocolHandler ["http-nio-8890"]
2024-03-04 10:21:11,579 INFO org.springframework.boot.web.embedded.tomcat.TomcatWebServer [main] Tomcat started on port(s): 8890 (http) with context path ''
2024-03-04 10:21:11,590 INFO org.springframework.boot.StartupInfoLogger [main] Started NewAppApplication in 4.437 seconds (JVM running for 5.653)
2024-03-04 10:21:16,911 INFO org.apache.juli.logging.DirectJDKLog [http-nio-8890-exec-2] Initializing Spring DispatcherServlet 'dispatcherServlet'
2024-03-04 10:21:16,911 INFO org.springframework.web.servlet.FrameworkServlet [http-nio-8890-exec-2] Initializing Servlet 'dispatcherServlet'
2024-03-04 10:21:16,913 INFO org.springframework.web.servlet.FrameworkServlet [http-nio-8890-exec-2] Completed initialization in 2 ms
2024-03-04 10:21:17,170 INFO com.example.newapp.controll.WebsiteController [http-nio-8890-exec-2] /home/dev/Downloads/uploads/nhadat24.py
2024-03-04 10:24:56,882 WARN com.zaxxer.hikari.pool.HikariPool$HouseKeeper [HikariPool-1 housekeeper] HikariPool-1 - Thread starvation or clock leap detected (housekeeper delta=3m46s924ms701s918ns).
2024-03-04 10:25:30,522 INFO com.example.newapp.controll.WebsiteController [http-nio-8890-exec-2] 2024-03-04
2024-03-04 10:25:30,526 INFO com.example.newapp.controll.WebsiteController [http-nio-8890-exec-2] Traceback (most recent call last):
2024-03-04 10:25:30,528 INFO com.example.newapp.controll.WebsiteController [http-nio-8890-exec-2]   File "/home/dev/Downloads/crawler/crawler/spiders/runMethod.py", line 37, in <module>
2024-03-04 10:25:30,530 INFO com.example.newapp.controll.WebsiteController [http-nio-8890-exec-2]     shutil.copy2(source_file, destination_file)
2024-03-04 10:25:30,531 INFO com.example.newapp.controll.WebsiteController [http-nio-8890-exec-2]   File "/usr/lib/python2.7/shutil.py", line 153, in copy2
2024-03-04 10:25:30,533 INFO com.example.newapp.controll.WebsiteController [http-nio-8890-exec-2]     copyfile(src, dst)
2024-03-04 10:25:30,534 INFO com.example.newapp.controll.WebsiteController [http-nio-8890-exec-2]   File "/usr/lib/python2.7/shutil.py", line 96, in copyfile
2024-03-04 10:25:30,535 INFO com.example.newapp.controll.WebsiteController [http-nio-8890-exec-2]     with open(src, 'rb') as fsrc:
2024-03-04 10:25:30,537 INFO com.example.newapp.controll.WebsiteController [http-nio-8890-exec-2] IOError: [Errno 13] Permission denied: '/home/dev/Downloads/uploads/nhadat24.py'
2024-03-04 10:25:30,538 INFO com.example.newapp.controll.WebsiteController [http-nio-8890-exec-2] 1
2024-03-04 10:25:30,541 ERROR com.example.newapp.controll.WebsiteController [http-nio-8890-exec-2] chay file spider gap van de
2024-03-04 10:25:30,708 INFO org.springframework.orm.jpa.AbstractEntityManagerFactoryBean [SpringApplicationShutdownHook] Closing JPA EntityManagerFactory for persistence unit 'default'
2024-03-04 10:25:30,709 INFO com.zaxxer.hikari.HikariDataSource [SpringApplicationShutdownHook] HikariPool-1 - Shutdown initiated...
2024-03-04 10:25:30,720 INFO com.zaxxer.hikari.HikariDataSource [SpringApplicationShutdownHook] HikariPool-1 - Shutdown completed.
2024-03-04 11:39:41,027 INFO org.springframework.boot.StartupInfoLogger [main] Starting NewAppApplication using Java 11.0.19 on dev-HP-Laptop-14-bs1xx with PID 26462 (/home/dev/Java_Python/Crawler_Java/target/classes started by dev in /home/dev/Java_Python/Crawler_Java)
2024-03-04 11:39:41,031 INFO org.springframework.boot.SpringApplication [main] No active profile set, falling back to 1 default profile: "default"
2024-03-04 11:39:41,681 INFO org.springframework.data.repository.config.RepositoryConfigurationDelegate [main] Bootstrapping Spring Data JPA repositories in DEFAULT mode.
2024-03-04 11:39:41,740 INFO org.springframework.data.repository.config.RepositoryConfigurationDelegate [main] Finished Spring Data repository scanning in 50 ms. Found 4 JPA repository interfaces.
2024-03-04 11:39:42,331 INFO org.springframework.boot.web.embedded.tomcat.TomcatWebServer [main] Tomcat initialized with port(s): 8890 (http)
2024-03-04 11:39:42,332 INFO org.apache.juli.logging.DirectJDKLog [main] An older version [1.2.21] of the Apache Tomcat Native library is installed, while Tomcat recommends a minimum version of [1.2.30]
2024-03-04 11:39:42,332 INFO org.apache.juli.logging.DirectJDKLog [main] Loaded Apache Tomcat Native library [1.2.21] using APR version [1.6.3].
2024-03-04 11:39:42,333 INFO org.apache.juli.logging.DirectJDKLog [main] APR capabilities: IPv6 [true], sendfile [true], accept filters [false], random [true], UDS [false].
2024-03-04 11:39:42,333 INFO org.apache.juli.logging.DirectJDKLog [main] APR/OpenSSL configuration: useAprConnector [false], useOpenSSL [true]
2024-03-04 11:39:42,336 INFO org.apache.juli.logging.DirectJDKLog [main] OpenSSL successfully initialized [OpenSSL 1.1.1  11 Sep 2018]
2024-03-04 11:39:42,344 INFO org.apache.juli.logging.DirectJDKLog [main] Initializing ProtocolHandler ["http-nio-8890"]
2024-03-04 11:39:42,346 INFO org.apache.juli.logging.DirectJDKLog [main] Starting service [Tomcat]
2024-03-04 11:39:42,346 INFO org.apache.juli.logging.DirectJDKLog [main] Starting Servlet engine: [Apache Tomcat/9.0.76]
2024-03-04 11:39:42,453 INFO org.apache.juli.logging.DirectJDKLog [main] Initializing Spring embedded WebApplicationContext
2024-03-04 11:39:42,454 INFO org.springframework.boot.web.servlet.context.ServletWebServerApplicationContext [main] Root WebApplicationContext: initialization completed in 1373 ms
2024-03-04 11:39:42,648 INFO org.hibernate.jpa.internal.util.LogHelper [main] HHH000204: Processing PersistenceUnitInfo [name: default]
2024-03-04 11:39:42,708 INFO org.hibernate.Version [main] HHH000412: Hibernate ORM core version 5.6.15.Final
2024-03-04 11:39:42,918 INFO org.hibernate.annotations.common.reflection.java.JavaReflectionManager [main] HCANN000001: Hibernate Commons Annotations {5.1.2.Final}
2024-03-04 11:39:43,021 INFO com.zaxxer.hikari.HikariDataSource [main] HikariPool-1 - Starting...
2024-03-04 11:39:43,210 INFO com.zaxxer.hikari.HikariDataSource [main] HikariPool-1 - Start completed.
2024-03-04 11:39:43,229 INFO org.hibernate.dialect.Dialect [main] HHH000400: Using dialect: org.hibernate.dialect.MySQL5InnoDBDialect
2024-03-04 11:39:43,850 INFO org.hibernate.engine.transaction.jta.platform.internal.JtaPlatformInitiator [main] HHH000490: Using JtaPlatform implementation: [org.hibernate.engine.transaction.jta.platform.internal.NoJtaPlatform]
2024-03-04 11:39:43,859 INFO org.springframework.orm.jpa.AbstractEntityManagerFactoryBean [main] Initialized JPA EntityManagerFactory for persistence unit 'default'
2024-03-04 11:39:44,539 WARN org.springframework.boot.autoconfigure.orm.jpa.JpaBaseConfiguration$JpaWebConfiguration [main] spring.jpa.open-in-view is enabled by default. Therefore, database queries may be performed during view rendering. Explicitly configure spring.jpa.open-in-view to disable this warning
2024-03-04 11:39:44,756 INFO org.springframework.security.web.DefaultSecurityFilterChain [main] Will secure any request with [org.springframework.security.web.session.DisableEncodeUrlFilter@774189d0, org.springframework.security.web.context.request.async.WebAsyncManagerIntegrationFilter@22c4354d, org.springframework.security.web.context.SecurityContextPersistenceFilter@63537871, org.springframework.security.web.header.HeaderWriterFilter@5f8da82, org.springframework.web.filter.CorsFilter@2681185e, org.springframework.security.web.authentication.logout.LogoutFilter@18bf1bad, com.example.newapp.jwt.AuthTokenFilter@4d964c9e, org.springframework.security.web.savedrequest.RequestCacheAwareFilter@25587290, org.springframework.security.web.servletapi.SecurityContextHolderAwareRequestFilter@7ffe8a82, org.springframework.security.web.authentication.AnonymousAuthenticationFilter@41f5389f, org.springframework.security.web.session.SessionManagementFilter@3a47bf0e, org.springframework.security.web.access.ExceptionTranslationFilter@77978658, org.springframework.security.web.access.intercept.AuthorizationFilter@7304ca87]
2024-03-04 11:39:44,990 INFO org.apache.juli.logging.DirectJDKLog [main] Starting ProtocolHandler ["http-nio-8890"]
2024-03-04 11:39:45,008 INFO org.springframework.boot.web.embedded.tomcat.TomcatWebServer [main] Tomcat started on port(s): 8890 (http) with context path ''
2024-03-04 11:39:45,018 INFO org.springframework.boot.StartupInfoLogger [main] Started NewAppApplication in 4.587 seconds (JVM running for 5.311)
2024-03-04 13:13:53,154 INFO org.springframework.boot.admin.SpringApplicationAdminMXBeanRegistrar$SpringApplicationAdmin [RMI TCP Connection(102)-127.0.0.1] Application shutdown requested.
2024-03-04 13:13:53,165 INFO org.apache.juli.logging.DirectJDKLog [RMI TCP Connection(102)-127.0.0.1] Pausing ProtocolHandler ["http-nio-8890"]
2024-03-04 13:13:53,167 INFO org.apache.juli.logging.DirectJDKLog [RMI TCP Connection(102)-127.0.0.1] Stopping service [Tomcat]
2024-03-04 13:13:53,175 WARN org.apache.juli.logging.DirectJDKLog [RMI TCP Connection(102)-127.0.0.1] The web application [ROOT] appears to have started a thread named [HikariPool-1 housekeeper] but has failed to stop it. This is very likely to create a memory leak. Stack trace of thread:
 java.base@11.0.19/jdk.internal.misc.Unsafe.park(Native Method)
 java.base@11.0.19/java.util.concurrent.locks.LockSupport.parkNanos(LockSupport.java:234)
 java.base@11.0.19/java.util.concurrent.locks.AbstractQueuedSynchronizer$ConditionObject.awaitNanos(AbstractQueuedSynchronizer.java:2123)
 java.base@11.0.19/java.util.concurrent.ScheduledThreadPoolExecutor$DelayedWorkQueue.take(ScheduledThreadPoolExecutor.java:1182)
 java.base@11.0.19/java.util.concurrent.ScheduledThreadPoolExecutor$DelayedWorkQueue.take(ScheduledThreadPoolExecutor.java:899)
 java.base@11.0.19/java.util.concurrent.ThreadPoolExecutor.getTask(ThreadPoolExecutor.java:1054)
 java.base@11.0.19/java.util.concurrent.ThreadPoolExecutor.runWorker(ThreadPoolExecutor.java:1114)
 java.base@11.0.19/java.util.concurrent.ThreadPoolExecutor$Worker.run(ThreadPoolExecutor.java:628)
 java.base@11.0.19/java.lang.Thread.run(Thread.java:829)
2024-03-04 13:13:53,178 INFO org.apache.juli.logging.DirectJDKLog [RMI TCP Connection(102)-127.0.0.1] Stopping ProtocolHandler ["http-nio-8890"]
2024-03-04 13:13:53,183 INFO org.apache.juli.logging.DirectJDKLog [RMI TCP Connection(102)-127.0.0.1] Destroying ProtocolHandler ["http-nio-8890"]
2024-03-04 13:13:53,201 INFO org.springframework.orm.jpa.AbstractEntityManagerFactoryBean [RMI TCP Connection(102)-127.0.0.1] Closing JPA EntityManagerFactory for persistence unit 'default'
2024-03-04 13:13:53,204 INFO com.zaxxer.hikari.HikariDataSource [RMI TCP Connection(102)-127.0.0.1] HikariPool-1 - Shutdown initiated...
2024-03-04 13:13:53,214 INFO com.zaxxer.hikari.HikariDataSource [RMI TCP Connection(102)-127.0.0.1] HikariPool-1 - Shutdown completed.
