2024-03-15 09:14:26,338 INFO org.springframework.boot.StartupInfoLogger [main] Starting NewAppApplication using Java 11.0.19 on dev-HP-Laptop-14-bs1xx with PID 18147 (/home/dev/Java_Python/Crawler_Java/target/classes started by dev in /home/dev/Java_Python/Crawler_Java)
2024-03-15 09:14:26,342 INFO org.springframework.boot.SpringApplication [main] No active profile set, falling back to 1 default profile: "default"
2024-03-15 09:14:27,001 INFO org.springframework.data.repository.config.RepositoryConfigurationDelegate [main] Bootstrapping Spring Data JPA repositories in DEFAULT mode.
2024-03-15 09:14:27,064 INFO org.springframework.data.repository.config.RepositoryConfigurationDelegate [main] Finished Spring Data repository scanning in 54 ms. Found 4 JPA repository interfaces.
2024-03-15 09:14:27,710 INFO org.springframework.boot.web.embedded.tomcat.TomcatWebServer [main] Tomcat initialized with port(s): 8890 (http)
2024-03-15 09:14:27,711 INFO org.apache.juli.logging.DirectJDKLog [main] An older version [1.2.21] of the Apache Tomcat Native library is installed, while Tomcat recommends a minimum version of [1.2.30]
2024-03-15 09:14:27,711 INFO org.apache.juli.logging.DirectJDKLog [main] Loaded Apache Tomcat Native library [1.2.21] using APR version [1.6.3].
2024-03-15 09:14:27,711 INFO org.apache.juli.logging.DirectJDKLog [main] APR capabilities: IPv6 [true], sendfile [true], accept filters [false], random [true], UDS [false].
2024-03-15 09:14:27,712 INFO org.apache.juli.logging.DirectJDKLog [main] APR/OpenSSL configuration: useAprConnector [false], useOpenSSL [true]
2024-03-15 09:14:27,715 INFO org.apache.juli.logging.DirectJDKLog [main] OpenSSL successfully initialized [OpenSSL 1.1.1  11 Sep 2018]
2024-03-15 09:14:27,723 INFO org.apache.juli.logging.DirectJDKLog [main] Initializing ProtocolHandler ["http-nio-8890"]
2024-03-15 09:14:27,725 INFO org.apache.juli.logging.DirectJDKLog [main] Starting service [Tomcat]
2024-03-15 09:14:27,725 INFO org.apache.juli.logging.DirectJDKLog [main] Starting Servlet engine: [Apache Tomcat/9.0.76]
2024-03-15 09:14:27,824 INFO org.apache.juli.logging.DirectJDKLog [main] Initializing Spring embedded WebApplicationContext
2024-03-15 09:14:27,824 INFO org.springframework.boot.web.servlet.context.ServletWebServerApplicationContext [main] Root WebApplicationContext: initialization completed in 1438 ms
2024-03-15 09:14:28,003 INFO org.hibernate.jpa.internal.util.LogHelper [main] HHH000204: Processing PersistenceUnitInfo [name: default]
2024-03-15 09:14:28,045 INFO org.hibernate.Version [main] HHH000412: Hibernate ORM core version 5.6.15.Final
2024-03-15 09:14:28,203 INFO org.hibernate.annotations.common.reflection.java.JavaReflectionManager [main] HCANN000001: Hibernate Commons Annotations {5.1.2.Final}
2024-03-15 09:14:28,294 INFO com.zaxxer.hikari.HikariDataSource [main] HikariPool-1 - Starting...
2024-03-15 09:14:28,461 INFO com.zaxxer.hikari.HikariDataSource [main] HikariPool-1 - Start completed.
2024-03-15 09:14:28,474 INFO org.hibernate.dialect.Dialect [main] HHH000400: Using dialect: org.hibernate.dialect.MySQL5InnoDBDialect
2024-03-15 09:14:29,086 INFO org.hibernate.engine.transaction.jta.platform.internal.JtaPlatformInitiator [main] HHH000490: Using JtaPlatform implementation: [org.hibernate.engine.transaction.jta.platform.internal.NoJtaPlatform]
2024-03-15 09:14:29,096 INFO org.springframework.orm.jpa.AbstractEntityManagerFactoryBean [main] Initialized JPA EntityManagerFactory for persistence unit 'default'
2024-03-15 09:14:29,804 WARN org.springframework.boot.autoconfigure.orm.jpa.JpaBaseConfiguration$JpaWebConfiguration [main] spring.jpa.open-in-view is enabled by default. Therefore, database queries may be performed during view rendering. Explicitly configure spring.jpa.open-in-view to disable this warning
2024-03-15 09:14:30,013 INFO org.springframework.security.web.DefaultSecurityFilterChain [main] Will secure any request with [org.springframework.security.web.session.DisableEncodeUrlFilter@37d3e740, org.springframework.security.web.context.request.async.WebAsyncManagerIntegrationFilter@5afba80c, org.springframework.security.web.context.SecurityContextPersistenceFilter@21948bd1, org.springframework.security.web.header.HeaderWriterFilter@4ddb9a8, org.springframework.web.filter.CorsFilter@c4ca86a, org.springframework.security.web.authentication.logout.LogoutFilter@44ec4a38, com.example.newapp.jwt.AuthTokenFilter@6c4786af, org.springframework.security.web.savedrequest.RequestCacheAwareFilter@630febd7, org.springframework.security.web.servletapi.SecurityContextHolderAwareRequestFilter@408d12fc, org.springframework.security.web.authentication.AnonymousAuthenticationFilter@7e741d6b, org.springframework.security.web.session.SessionManagementFilter@712e4b18, org.springframework.security.web.access.ExceptionTranslationFilter@55cc4c61, org.springframework.security.web.access.intercept.AuthorizationFilter@6ba0dcba]
2024-03-15 09:14:30,230 INFO org.quartz.impl.StdSchedulerFactory [main] Using default implementation for ThreadExecutor
2024-03-15 09:14:30,242 INFO org.quartz.core.SchedulerSignalerImpl [main] Initialized Scheduler Signaller of type: class org.quartz.core.SchedulerSignalerImpl
2024-03-15 09:14:30,243 INFO org.quartz.core.QuartzScheduler [main] Quartz Scheduler v.2.3.2 created.
2024-03-15 09:14:30,243 INFO org.quartz.simpl.RAMJobStore [main] RAMJobStore initialized.
2024-03-15 09:14:30,244 INFO org.quartz.core.QuartzScheduler [main] Scheduler meta-data: Quartz Scheduler (v2.3.2) 'quartzScheduler' with instanceId 'NON_CLUSTERED'
  Scheduler class: 'org.quartz.core.QuartzScheduler' - running locally.
  NOT STARTED.
  Currently in standby mode.
  Number of jobs executed: 0
  Using thread pool 'org.quartz.simpl.SimpleThreadPool' - with 10 threads.
  Using job-store 'org.quartz.simpl.RAMJobStore' - which does not support persistence. and is not clustered.

2024-03-15 09:14:30,244 INFO org.quartz.impl.StdSchedulerFactory [main] Quartz scheduler 'quartzScheduler' initialized from an externally provided properties instance.
2024-03-15 09:14:30,245 INFO org.quartz.impl.StdSchedulerFactory [main] Quartz scheduler version: 2.3.2
2024-03-15 09:14:30,245 INFO org.quartz.core.QuartzScheduler [main] JobFactory set to: org.springframework.scheduling.quartz.SpringBeanJobFactory@64f2b1b4
2024-03-15 09:14:30,314 INFO org.apache.juli.logging.DirectJDKLog [main] Starting ProtocolHandler ["http-nio-8890"]
2024-03-15 09:14:30,330 INFO org.springframework.boot.web.embedded.tomcat.TomcatWebServer [main] Tomcat started on port(s): 8890 (http) with context path ''
2024-03-15 09:14:30,331 INFO org.springframework.scheduling.quartz.SchedulerFactoryBean [main] Starting Quartz Scheduler now
2024-03-15 09:14:30,331 INFO org.quartz.core.QuartzScheduler [main] Scheduler quartzScheduler_$_NON_CLUSTERED started.
2024-03-15 09:14:30,341 INFO com.example.newapp.Job.AutoCrawlData [scheduling-1] Run Job
2024-03-15 09:14:30,344 INFO org.springframework.boot.StartupInfoLogger [main] Started NewAppApplication in 4.482 seconds (JVM running for 5.048)
2024-03-15 09:14:30,482 INFO com.example.newapp.Job.AutoCrawlData [scheduling-1] /home/dev/Downloads/uploads/nhadat24.py
2024-03-15 09:14:37,019 INFO com.example.newapp.Job.AutoCrawlData [scheduling-1] 2024-03-14T15:36:26
2024-03-15 09:14:37,091 INFO com.example.newapp.Job.AutoCrawlData [scheduling-1] 1
2024-03-15 09:14:37,092 INFO com.example.newapp.Job.AutoCrawlData [scheduling-1] /home/dev/Downloads/uploads/cenhomes.py
2024-03-15 09:14:42,940 INFO com.example.newapp.Job.AutoCrawlData [scheduling-1] 2024-03-11T11:24:44
2024-03-15 09:14:42,957 INFO com.example.newapp.Job.AutoCrawlData [scheduling-1] 1
2024-03-15 09:14:42,957 INFO com.example.newapp.Job.AutoCrawlData [scheduling-1] /home/dev/Downloads/uploads/homdySpider.py
2024-03-15 09:14:49,136 INFO com.example.newapp.Job.AutoCrawlData [scheduling-1] 2024-03-12T00:10:21
2024-03-15 09:14:49,164 INFO com.example.newapp.Job.AutoCrawlData [scheduling-1] 1
2024-03-15 09:14:49,165 INFO com.example.newapp.Job.AutoCrawlData [scheduling-1] /home/dev/Downloads/uploads/bds123Spider.py
2024-03-15 09:14:54,925 INFO com.example.newapp.Job.AutoCrawlData [scheduling-1] 2024-03-06T13:06:15
2024-03-15 09:14:54,946 INFO com.example.newapp.Job.AutoCrawlData [scheduling-1] 1
2024-03-15 09:14:54,946 INFO com.example.newapp.Job.AutoCrawlData [scheduling-1] /home/dev/Downloads/uploads/mogiSpider.py
2024-03-15 09:15:00,453 INFO com.example.newapp.Job.AutoCrawlData [scheduling-1] 2024-03-08T08:58:22
2024-03-15 09:15:00,470 INFO com.example.newapp.Job.AutoCrawlData [scheduling-1] 1
2024-03-15 09:15:00,472 INFO com.example.newapp.Job.AutoCrawlData [scheduling-1] /home/dev/Downloads/uploads/nhaDatCafelandSpider.py
2024-03-15 09:15:06,232 INFO com.example.newapp.Job.AutoCrawlData [scheduling-1] 2024-03-14T15:48:47
2024-03-15 09:15:06,254 INFO com.example.newapp.Job.AutoCrawlData [scheduling-1] 1
2024-03-15 09:16:55,451 INFO org.springframework.boot.admin.SpringApplicationAdminMXBeanRegistrar$SpringApplicationAdmin [RMI TCP Connection(10)-127.0.0.1] Application shutdown requested.
2024-03-15 09:16:55,453 INFO org.quartz.core.QuartzScheduler [RMI TCP Connection(10)-127.0.0.1] Scheduler quartzScheduler_$_NON_CLUSTERED paused.
2024-03-15 09:16:55,461 INFO org.apache.juli.logging.DirectJDKLog [RMI TCP Connection(10)-127.0.0.1] Pausing ProtocolHandler ["http-nio-8890"]
2024-03-15 09:16:55,461 INFO org.apache.juli.logging.DirectJDKLog [RMI TCP Connection(10)-127.0.0.1] Stopping service [Tomcat]
2024-03-15 09:16:55,468 WARN org.apache.juli.logging.DirectJDKLog [RMI TCP Connection(10)-127.0.0.1] The web application [ROOT] appears to have started a thread named [HikariPool-1 housekeeper] but has failed to stop it. This is very likely to create a memory leak. Stack trace of thread:
 java.base@11.0.19/jdk.internal.misc.Unsafe.park(Native Method)
 java.base@11.0.19/java.util.concurrent.locks.LockSupport.parkNanos(LockSupport.java:234)
 java.base@11.0.19/java.util.concurrent.locks.AbstractQueuedSynchronizer$ConditionObject.awaitNanos(AbstractQueuedSynchronizer.java:2123)
 java.base@11.0.19/java.util.concurrent.ScheduledThreadPoolExecutor$DelayedWorkQueue.take(ScheduledThreadPoolExecutor.java:1182)
 java.base@11.0.19/java.util.concurrent.ScheduledThreadPoolExecutor$DelayedWorkQueue.take(ScheduledThreadPoolExecutor.java:899)
 java.base@11.0.19/java.util.concurrent.ThreadPoolExecutor.getTask(ThreadPoolExecutor.java:1054)
 java.base@11.0.19/java.util.concurrent.ThreadPoolExecutor.runWorker(ThreadPoolExecutor.java:1114)
 java.base@11.0.19/java.util.concurrent.ThreadPoolExecutor$Worker.run(ThreadPoolExecutor.java:628)
 java.base@11.0.19/java.lang.Thread.run(Thread.java:829)
2024-03-15 09:16:55,470 INFO org.apache.juli.logging.DirectJDKLog [RMI TCP Connection(10)-127.0.0.1] Stopping ProtocolHandler ["http-nio-8890"]
2024-03-15 09:16:55,473 INFO org.apache.juli.logging.DirectJDKLog [RMI TCP Connection(10)-127.0.0.1] Destroying ProtocolHandler ["http-nio-8890"]
2024-03-15 09:16:55,476 INFO org.springframework.scheduling.quartz.SchedulerFactoryBean [RMI TCP Connection(10)-127.0.0.1] Shutting down Quartz Scheduler
2024-03-15 09:16:55,476 INFO org.quartz.core.QuartzScheduler [RMI TCP Connection(10)-127.0.0.1] Scheduler quartzScheduler_$_NON_CLUSTERED shutting down.
2024-03-15 09:16:55,476 INFO org.quartz.core.QuartzScheduler [RMI TCP Connection(10)-127.0.0.1] Scheduler quartzScheduler_$_NON_CLUSTERED paused.
2024-03-15 09:16:55,476 INFO org.quartz.core.QuartzScheduler [RMI TCP Connection(10)-127.0.0.1] Scheduler quartzScheduler_$_NON_CLUSTERED shutdown complete.
2024-03-15 09:16:55,479 INFO org.springframework.orm.jpa.AbstractEntityManagerFactoryBean [RMI TCP Connection(10)-127.0.0.1] Closing JPA EntityManagerFactory for persistence unit 'default'
2024-03-15 09:16:55,481 INFO com.zaxxer.hikari.HikariDataSource [RMI TCP Connection(10)-127.0.0.1] HikariPool-1 - Shutdown initiated...
2024-03-15 09:16:55,493 INFO com.zaxxer.hikari.HikariDataSource [RMI TCP Connection(10)-127.0.0.1] HikariPool-1 - Shutdown completed.
