2024-03-26 09:58:02,247 INFO org.springframework.boot.StartupInfoLogger [main] Starting NewAppApplication using Java 11.0.19 on dev-HP-Laptop-14-bs1xx with PID 29231 (/home/dev/Java_Python/Crawler_Java/target/classes started by dev in /home/dev/Java_Python/Crawler_Java)
2024-03-26 09:58:02,250 INFO org.springframework.boot.SpringApplication [main] No active profile set, falling back to 1 default profile: "default"
2024-03-26 09:58:03,002 INFO org.springframework.data.repository.config.RepositoryConfigurationDelegate [main] Bootstrapping Spring Data JPA repositories in DEFAULT mode.
2024-03-26 09:58:03,072 INFO org.springframework.data.repository.config.RepositoryConfigurationDelegate [main] Finished Spring Data repository scanning in 60 ms. Found 4 JPA repository interfaces.
2024-03-26 09:58:03,733 INFO org.springframework.boot.web.embedded.tomcat.TomcatWebServer [main] Tomcat initialized with port(s): 8890 (http)
2024-03-26 09:58:03,734 INFO org.apache.juli.logging.DirectJDKLog [main] An older version [1.2.21] of the Apache Tomcat Native library is installed, while Tomcat recommends a minimum version of [1.2.30]
2024-03-26 09:58:03,735 INFO org.apache.juli.logging.DirectJDKLog [main] Loaded Apache Tomcat Native library [1.2.21] using APR version [1.6.3].
2024-03-26 09:58:03,735 INFO org.apache.juli.logging.DirectJDKLog [main] APR capabilities: IPv6 [true], sendfile [true], accept filters [false], random [true], UDS [false].
2024-03-26 09:58:03,736 INFO org.apache.juli.logging.DirectJDKLog [main] APR/OpenSSL configuration: useAprConnector [false], useOpenSSL [true]
2024-03-26 09:58:03,748 INFO org.apache.juli.logging.DirectJDKLog [main] OpenSSL successfully initialized [OpenSSL 1.1.1  11 Sep 2018]
2024-03-26 09:58:03,757 INFO org.apache.juli.logging.DirectJDKLog [main] Initializing ProtocolHandler ["http-nio-8890"]
2024-03-26 09:58:03,759 INFO org.apache.juli.logging.DirectJDKLog [main] Starting service [Tomcat]
2024-03-26 09:58:03,759 INFO org.apache.juli.logging.DirectJDKLog [main] Starting Servlet engine: [Apache Tomcat/9.0.76]
2024-03-26 09:58:03,887 INFO org.apache.juli.logging.DirectJDKLog [main] Initializing Spring embedded WebApplicationContext
2024-03-26 09:58:03,887 INFO org.springframework.boot.web.servlet.context.ServletWebServerApplicationContext [main] Root WebApplicationContext: initialization completed in 1587 ms
2024-03-26 09:58:04,078 INFO org.hibernate.jpa.internal.util.LogHelper [main] HHH000204: Processing PersistenceUnitInfo [name: default]
2024-03-26 09:58:04,120 INFO org.hibernate.Version [main] HHH000412: Hibernate ORM core version 5.6.15.Final
2024-03-26 09:58:04,270 INFO org.hibernate.annotations.common.reflection.java.JavaReflectionManager [main] HCANN000001: Hibernate Commons Annotations {5.1.2.Final}
2024-03-26 09:58:04,357 INFO com.zaxxer.hikari.HikariDataSource [main] HikariPool-1 - Starting...
2024-03-26 09:58:04,552 INFO com.zaxxer.hikari.HikariDataSource [main] HikariPool-1 - Start completed.
2024-03-26 09:58:04,565 INFO org.hibernate.dialect.Dialect [main] HHH000400: Using dialect: org.hibernate.dialect.MySQL5InnoDBDialect
2024-03-26 09:58:05,164 INFO org.hibernate.engine.transaction.jta.platform.internal.JtaPlatformInitiator [main] HHH000490: Using JtaPlatform implementation: [org.hibernate.engine.transaction.jta.platform.internal.NoJtaPlatform]
2024-03-26 09:58:05,173 INFO org.springframework.orm.jpa.AbstractEntityManagerFactoryBean [main] Initialized JPA EntityManagerFactory for persistence unit 'default'
2024-03-26 09:58:06,055 WARN org.springframework.boot.autoconfigure.orm.jpa.JpaBaseConfiguration$JpaWebConfiguration [main] spring.jpa.open-in-view is enabled by default. Therefore, database queries may be performed during view rendering. Explicitly configure spring.jpa.open-in-view to disable this warning
2024-03-26 09:58:06,287 INFO org.springframework.security.web.DefaultSecurityFilterChain [main] Will secure any request with [org.springframework.security.web.session.DisableEncodeUrlFilter@19d0d1ab, org.springframework.security.web.context.request.async.WebAsyncManagerIntegrationFilter@7e0941cc, org.springframework.security.web.context.SecurityContextPersistenceFilter@421d7900, org.springframework.security.web.header.HeaderWriterFilter@510bd87a, org.springframework.web.filter.CorsFilter@5114c8a1, org.springframework.security.web.authentication.logout.LogoutFilter@703eead0, com.example.newapp.jwt.AuthTokenFilter@da67c46, org.springframework.security.web.savedrequest.RequestCacheAwareFilter@166a5659, org.springframework.security.web.servletapi.SecurityContextHolderAwareRequestFilter@33060020, org.springframework.security.web.authentication.AnonymousAuthenticationFilter@24d73c51, org.springframework.security.web.session.SessionManagementFilter@58fbfefb, org.springframework.security.web.access.ExceptionTranslationFilter@48da5106, org.springframework.security.web.access.intercept.AuthorizationFilter@4e553d60]
2024-03-26 09:58:06,542 INFO org.quartz.impl.StdSchedulerFactory [main] Using default implementation for ThreadExecutor
2024-03-26 09:58:06,555 INFO org.quartz.core.SchedulerSignalerImpl [main] Initialized Scheduler Signaller of type: class org.quartz.core.SchedulerSignalerImpl
2024-03-26 09:58:06,555 INFO org.quartz.core.QuartzScheduler [main] Quartz Scheduler v.2.3.2 created.
2024-03-26 09:58:06,556 INFO org.quartz.simpl.RAMJobStore [main] RAMJobStore initialized.
2024-03-26 09:58:06,557 INFO org.quartz.core.QuartzScheduler [main] Scheduler meta-data: Quartz Scheduler (v2.3.2) 'quartzScheduler' with instanceId 'NON_CLUSTERED'
  Scheduler class: 'org.quartz.core.QuartzScheduler' - running locally.
  NOT STARTED.
  Currently in standby mode.
  Number of jobs executed: 0
  Using thread pool 'org.quartz.simpl.SimpleThreadPool' - with 10 threads.
  Using job-store 'org.quartz.simpl.RAMJobStore' - which does not support persistence. and is not clustered.

2024-03-26 09:58:06,557 INFO org.quartz.impl.StdSchedulerFactory [main] Quartz scheduler 'quartzScheduler' initialized from an externally provided properties instance.
2024-03-26 09:58:06,557 INFO org.quartz.impl.StdSchedulerFactory [main] Quartz scheduler version: 2.3.2
2024-03-26 09:58:06,558 INFO org.quartz.core.QuartzScheduler [main] JobFactory set to: org.springframework.scheduling.quartz.SpringBeanJobFactory@5f01361e
2024-03-26 09:58:06,619 INFO org.apache.juli.logging.DirectJDKLog [main] Starting ProtocolHandler ["http-nio-8890"]
2024-03-26 09:58:06,640 INFO org.springframework.boot.web.embedded.tomcat.TomcatWebServer [main] Tomcat started on port(s): 8890 (http) with context path ''
2024-03-26 09:58:06,641 INFO org.springframework.scheduling.quartz.SchedulerFactoryBean [main] Starting Quartz Scheduler now
2024-03-26 09:58:06,642 INFO org.quartz.core.QuartzScheduler [main] Scheduler quartzScheduler_$_NON_CLUSTERED started.
2024-03-26 09:58:06,655 INFO org.springframework.boot.StartupInfoLogger [main] Started NewAppApplication in 4.887 seconds (JVM running for 5.599)
2024-03-26 09:59:16,719 INFO org.springframework.boot.admin.SpringApplicationAdminMXBeanRegistrar$SpringApplicationAdmin [RMI TCP Connection(11)-127.0.0.1] Application shutdown requested.
2024-03-26 09:59:16,727 INFO org.quartz.core.QuartzScheduler [RMI TCP Connection(11)-127.0.0.1] Scheduler quartzScheduler_$_NON_CLUSTERED paused.
2024-03-26 09:59:16,744 INFO org.apache.juli.logging.DirectJDKLog [RMI TCP Connection(11)-127.0.0.1] Pausing ProtocolHandler ["http-nio-8890"]
2024-03-26 09:59:16,745 INFO org.apache.juli.logging.DirectJDKLog [RMI TCP Connection(11)-127.0.0.1] Stopping service [Tomcat]
2024-03-26 09:59:16,755 WARN org.apache.juli.logging.DirectJDKLog [RMI TCP Connection(11)-127.0.0.1] The web application [ROOT] appears to have started a thread named [HikariPool-1 housekeeper] but has failed to stop it. This is very likely to create a memory leak. Stack trace of thread:
 java.base@11.0.19/jdk.internal.misc.Unsafe.park(Native Method)
 java.base@11.0.19/java.util.concurrent.locks.LockSupport.parkNanos(LockSupport.java:234)
 java.base@11.0.19/java.util.concurrent.locks.AbstractQueuedSynchronizer$ConditionObject.awaitNanos(AbstractQueuedSynchronizer.java:2123)
 java.base@11.0.19/java.util.concurrent.ScheduledThreadPoolExecutor$DelayedWorkQueue.take(ScheduledThreadPoolExecutor.java:1182)
 java.base@11.0.19/java.util.concurrent.ScheduledThreadPoolExecutor$DelayedWorkQueue.take(ScheduledThreadPoolExecutor.java:899)
 java.base@11.0.19/java.util.concurrent.ThreadPoolExecutor.getTask(ThreadPoolExecutor.java:1054)
 java.base@11.0.19/java.util.concurrent.ThreadPoolExecutor.runWorker(ThreadPoolExecutor.java:1114)
 java.base@11.0.19/java.util.concurrent.ThreadPoolExecutor$Worker.run(ThreadPoolExecutor.java:628)
 java.base@11.0.19/java.lang.Thread.run(Thread.java:829)
2024-03-26 09:59:16,757 INFO org.apache.juli.logging.DirectJDKLog [RMI TCP Connection(11)-127.0.0.1] Stopping ProtocolHandler ["http-nio-8890"]
2024-03-26 09:59:16,765 INFO org.apache.juli.logging.DirectJDKLog [RMI TCP Connection(11)-127.0.0.1] Destroying ProtocolHandler ["http-nio-8890"]
2024-03-26 09:59:16,774 INFO org.springframework.scheduling.quartz.SchedulerFactoryBean [RMI TCP Connection(11)-127.0.0.1] Shutting down Quartz Scheduler
2024-03-26 09:59:16,775 INFO org.quartz.core.QuartzScheduler [RMI TCP Connection(11)-127.0.0.1] Scheduler quartzScheduler_$_NON_CLUSTERED shutting down.
2024-03-26 09:59:16,776 INFO org.quartz.core.QuartzScheduler [RMI TCP Connection(11)-127.0.0.1] Scheduler quartzScheduler_$_NON_CLUSTERED paused.
2024-03-26 09:59:16,777 INFO org.quartz.core.QuartzScheduler [RMI TCP Connection(11)-127.0.0.1] Scheduler quartzScheduler_$_NON_CLUSTERED shutdown complete.
2024-03-26 09:59:16,782 INFO org.springframework.orm.jpa.AbstractEntityManagerFactoryBean [RMI TCP Connection(11)-127.0.0.1] Closing JPA EntityManagerFactory for persistence unit 'default'
2024-03-26 09:59:16,785 INFO com.zaxxer.hikari.HikariDataSource [RMI TCP Connection(11)-127.0.0.1] HikariPool-1 - Shutdown initiated...
2024-03-26 09:59:16,805 INFO com.zaxxer.hikari.HikariDataSource [RMI TCP Connection(11)-127.0.0.1] HikariPool-1 - Shutdown completed.
2024-03-26 10:29:47,426 INFO org.springframework.boot.StartupInfoLogger [main] Starting NewAppApplication using Java 11.0.19 on dev-HP-Laptop-14-bs1xx with PID 30190 (/home/dev/Java_Python/Crawler_Java/target/classes started by dev in /home/dev/Java_Python/Crawler_Java)
2024-03-26 10:29:47,429 INFO org.springframework.boot.SpringApplication [main] No active profile set, falling back to 1 default profile: "default"
2024-03-26 10:29:48,033 INFO org.springframework.data.repository.config.RepositoryConfigurationDelegate [main] Bootstrapping Spring Data JPA repositories in DEFAULT mode.
2024-03-26 10:29:48,099 INFO org.springframework.data.repository.config.RepositoryConfigurationDelegate [main] Finished Spring Data repository scanning in 56 ms. Found 4 JPA repository interfaces.
2024-03-26 10:29:48,762 INFO org.springframework.boot.web.embedded.tomcat.TomcatWebServer [main] Tomcat initialized with port(s): 8890 (http)
2024-03-26 10:29:48,763 INFO org.apache.juli.logging.DirectJDKLog [main] An older version [1.2.21] of the Apache Tomcat Native library is installed, while Tomcat recommends a minimum version of [1.2.30]
2024-03-26 10:29:48,763 INFO org.apache.juli.logging.DirectJDKLog [main] Loaded Apache Tomcat Native library [1.2.21] using APR version [1.6.3].
2024-03-26 10:29:48,763 INFO org.apache.juli.logging.DirectJDKLog [main] APR capabilities: IPv6 [true], sendfile [true], accept filters [false], random [true], UDS [false].
2024-03-26 10:29:48,763 INFO org.apache.juli.logging.DirectJDKLog [main] APR/OpenSSL configuration: useAprConnector [false], useOpenSSL [true]
2024-03-26 10:29:48,774 INFO org.apache.juli.logging.DirectJDKLog [main] OpenSSL successfully initialized [OpenSSL 1.1.1  11 Sep 2018]
2024-03-26 10:29:48,782 INFO org.apache.juli.logging.DirectJDKLog [main] Initializing ProtocolHandler ["http-nio-8890"]
2024-03-26 10:29:48,784 INFO org.apache.juli.logging.DirectJDKLog [main] Starting service [Tomcat]
2024-03-26 10:29:48,784 INFO org.apache.juli.logging.DirectJDKLog [main] Starting Servlet engine: [Apache Tomcat/9.0.76]
2024-03-26 10:29:48,871 INFO org.apache.juli.logging.DirectJDKLog [main] Initializing Spring embedded WebApplicationContext
2024-03-26 10:29:48,872 INFO org.springframework.boot.web.servlet.context.ServletWebServerApplicationContext [main] Root WebApplicationContext: initialization completed in 1401 ms
2024-03-26 10:29:49,072 INFO org.hibernate.jpa.internal.util.LogHelper [main] HHH000204: Processing PersistenceUnitInfo [name: default]
2024-03-26 10:29:49,113 INFO org.hibernate.Version [main] HHH000412: Hibernate ORM core version 5.6.15.Final
2024-03-26 10:29:49,263 INFO org.hibernate.annotations.common.reflection.java.JavaReflectionManager [main] HCANN000001: Hibernate Commons Annotations {5.1.2.Final}
2024-03-26 10:29:49,360 INFO com.zaxxer.hikari.HikariDataSource [main] HikariPool-1 - Starting...
2024-03-26 10:29:49,532 INFO com.zaxxer.hikari.HikariDataSource [main] HikariPool-1 - Start completed.
2024-03-26 10:29:49,551 INFO org.hibernate.dialect.Dialect [main] HHH000400: Using dialect: org.hibernate.dialect.MySQL5InnoDBDialect
2024-03-26 10:29:50,164 INFO org.hibernate.engine.transaction.jta.platform.internal.JtaPlatformInitiator [main] HHH000490: Using JtaPlatform implementation: [org.hibernate.engine.transaction.jta.platform.internal.NoJtaPlatform]
2024-03-26 10:29:50,174 INFO org.springframework.orm.jpa.AbstractEntityManagerFactoryBean [main] Initialized JPA EntityManagerFactory for persistence unit 'default'
2024-03-26 10:29:51,024 WARN org.springframework.boot.autoconfigure.orm.jpa.JpaBaseConfiguration$JpaWebConfiguration [main] spring.jpa.open-in-view is enabled by default. Therefore, database queries may be performed during view rendering. Explicitly configure spring.jpa.open-in-view to disable this warning
2024-03-26 10:29:51,263 INFO org.springframework.security.web.DefaultSecurityFilterChain [main] Will secure any request with [org.springframework.security.web.session.DisableEncodeUrlFilter@45f6181a, org.springframework.security.web.context.request.async.WebAsyncManagerIntegrationFilter@19d0d1ab, org.springframework.security.web.context.SecurityContextPersistenceFilter@45964b9e, org.springframework.security.web.header.HeaderWriterFilter@3d213a2b, org.springframework.web.filter.CorsFilter@7e0941cc, org.springframework.security.web.authentication.logout.LogoutFilter@674fd531, com.example.newapp.jwt.AuthTokenFilter@da67c46, org.springframework.security.web.savedrequest.RequestCacheAwareFilter@1afabf06, org.springframework.security.web.servletapi.SecurityContextHolderAwareRequestFilter@443b6765, org.springframework.security.web.authentication.AnonymousAuthenticationFilter@5114c8a1, org.springframework.security.web.session.SessionManagementFilter@1db9c2cf, org.springframework.security.web.access.ExceptionTranslationFilter@31cddb11, org.springframework.security.web.access.intercept.AuthorizationFilter@40239b34]
2024-03-26 10:29:51,529 INFO org.quartz.impl.StdSchedulerFactory [main] Using default implementation for ThreadExecutor
2024-03-26 10:29:51,543 INFO org.quartz.core.SchedulerSignalerImpl [main] Initialized Scheduler Signaller of type: class org.quartz.core.SchedulerSignalerImpl
2024-03-26 10:29:51,543 INFO org.quartz.core.QuartzScheduler [main] Quartz Scheduler v.2.3.2 created.
2024-03-26 10:29:51,544 INFO org.quartz.simpl.RAMJobStore [main] RAMJobStore initialized.
2024-03-26 10:29:51,544 INFO org.quartz.core.QuartzScheduler [main] Scheduler meta-data: Quartz Scheduler (v2.3.2) 'quartzScheduler' with instanceId 'NON_CLUSTERED'
  Scheduler class: 'org.quartz.core.QuartzScheduler' - running locally.
  NOT STARTED.
  Currently in standby mode.
  Number of jobs executed: 0
  Using thread pool 'org.quartz.simpl.SimpleThreadPool' - with 10 threads.
  Using job-store 'org.quartz.simpl.RAMJobStore' - which does not support persistence. and is not clustered.

2024-03-26 10:29:51,544 INFO org.quartz.impl.StdSchedulerFactory [main] Quartz scheduler 'quartzScheduler' initialized from an externally provided properties instance.
2024-03-26 10:29:51,545 INFO org.quartz.impl.StdSchedulerFactory [main] Quartz scheduler version: 2.3.2
2024-03-26 10:29:51,545 INFO org.quartz.core.QuartzScheduler [main] JobFactory set to: org.springframework.scheduling.quartz.SpringBeanJobFactory@36696821
2024-03-26 10:29:51,622 INFO org.apache.juli.logging.DirectJDKLog [main] Starting ProtocolHandler ["http-nio-8890"]
2024-03-26 10:29:51,639 INFO org.springframework.boot.web.embedded.tomcat.TomcatWebServer [main] Tomcat started on port(s): 8890 (http) with context path ''
2024-03-26 10:29:51,640 INFO org.springframework.scheduling.quartz.SchedulerFactoryBean [main] Starting Quartz Scheduler now
2024-03-26 10:29:51,641 INFO org.quartz.core.QuartzScheduler [main] Scheduler quartzScheduler_$_NON_CLUSTERED started.
2024-03-26 10:29:51,654 INFO org.springframework.boot.StartupInfoLogger [main] Started NewAppApplication in 4.688 seconds (JVM running for 5.374)
2024-03-26 10:37:38,933 INFO org.springframework.boot.StartupInfoLogger [main] Starting NewAppApplication using Java 11.0.19 on dev-HP-Laptop-14-bs1xx with PID 30611 (/home/dev/Java_Python/Crawler_Java/target/classes started by dev in /home/dev/Java_Python/Crawler_Java)
2024-03-26 10:37:38,937 INFO org.springframework.boot.SpringApplication [main] No active profile set, falling back to 1 default profile: "default"
2024-03-26 10:37:39,673 INFO org.springframework.data.repository.config.RepositoryConfigurationDelegate [main] Bootstrapping Spring Data JPA repositories in DEFAULT mode.
2024-03-26 10:37:39,738 INFO org.springframework.data.repository.config.RepositoryConfigurationDelegate [main] Finished Spring Data repository scanning in 55 ms. Found 4 JPA repository interfaces.
2024-03-26 10:37:40,499 INFO org.springframework.boot.web.embedded.tomcat.TomcatWebServer [main] Tomcat initialized with port(s): 8890 (http)
2024-03-26 10:37:40,500 INFO org.apache.juli.logging.DirectJDKLog [main] An older version [1.2.21] of the Apache Tomcat Native library is installed, while Tomcat recommends a minimum version of [1.2.30]
2024-03-26 10:37:40,500 INFO org.apache.juli.logging.DirectJDKLog [main] Loaded Apache Tomcat Native library [1.2.21] using APR version [1.6.3].
2024-03-26 10:37:40,500 INFO org.apache.juli.logging.DirectJDKLog [main] APR capabilities: IPv6 [true], sendfile [true], accept filters [false], random [true], UDS [false].
2024-03-26 10:37:40,501 INFO org.apache.juli.logging.DirectJDKLog [main] APR/OpenSSL configuration: useAprConnector [false], useOpenSSL [true]
2024-03-26 10:37:40,514 INFO org.apache.juli.logging.DirectJDKLog [main] OpenSSL successfully initialized [OpenSSL 1.1.1  11 Sep 2018]
2024-03-26 10:37:40,523 INFO org.apache.juli.logging.DirectJDKLog [main] Initializing ProtocolHandler ["http-nio-8890"]
2024-03-26 10:37:40,525 INFO org.apache.juli.logging.DirectJDKLog [main] Starting service [Tomcat]
2024-03-26 10:37:40,525 INFO org.apache.juli.logging.DirectJDKLog [main] Starting Servlet engine: [Apache Tomcat/9.0.76]
2024-03-26 10:37:40,625 INFO org.apache.juli.logging.DirectJDKLog [main] Initializing Spring embedded WebApplicationContext
2024-03-26 10:37:40,625 INFO org.springframework.boot.web.servlet.context.ServletWebServerApplicationContext [main] Root WebApplicationContext: initialization completed in 1632 ms
2024-03-26 10:37:40,908 INFO org.hibernate.jpa.internal.util.LogHelper [main] HHH000204: Processing PersistenceUnitInfo [name: default]
2024-03-26 10:37:40,977 INFO org.hibernate.Version [main] HHH000412: Hibernate ORM core version 5.6.15.Final
2024-03-26 10:37:41,229 INFO org.hibernate.annotations.common.reflection.java.JavaReflectionManager [main] HCANN000001: Hibernate Commons Annotations {5.1.2.Final}
2024-03-26 10:37:41,333 INFO com.zaxxer.hikari.HikariDataSource [main] HikariPool-1 - Starting...
2024-03-26 10:37:41,532 INFO com.zaxxer.hikari.HikariDataSource [main] HikariPool-1 - Start completed.
2024-03-26 10:37:41,570 INFO org.hibernate.dialect.Dialect [main] HHH000400: Using dialect: org.hibernate.dialect.MySQL5InnoDBDialect
2024-03-26 10:37:42,265 INFO org.hibernate.engine.transaction.jta.platform.internal.JtaPlatformInitiator [main] HHH000490: Using JtaPlatform implementation: [org.hibernate.engine.transaction.jta.platform.internal.NoJtaPlatform]
2024-03-26 10:37:42,278 INFO org.springframework.orm.jpa.AbstractEntityManagerFactoryBean [main] Initialized JPA EntityManagerFactory for persistence unit 'default'
2024-03-26 10:37:43,274 WARN org.springframework.boot.autoconfigure.orm.jpa.JpaBaseConfiguration$JpaWebConfiguration [main] spring.jpa.open-in-view is enabled by default. Therefore, database queries may be performed during view rendering. Explicitly configure spring.jpa.open-in-view to disable this warning
2024-03-26 10:37:43,549 INFO org.springframework.security.web.DefaultSecurityFilterChain [main] Will secure any request with [org.springframework.security.web.session.DisableEncodeUrlFilter@24d73c51, org.springframework.security.web.context.request.async.WebAsyncManagerIntegrationFilter@3b95fce9, org.springframework.security.web.context.SecurityContextPersistenceFilter@443b6765, org.springframework.security.web.header.HeaderWriterFilter@43201f84, org.springframework.web.filter.CorsFilter@f26cd76, org.springframework.security.web.authentication.logout.LogoutFilter@68feca3a, com.example.newapp.jwt.AuthTokenFilter@da67c46, org.springframework.security.web.savedrequest.RequestCacheAwareFilter@4feaa4b8, org.springframework.security.web.servletapi.SecurityContextHolderAwareRequestFilter@53f1fcc2, org.springframework.security.web.authentication.AnonymousAuthenticationFilter@78805df3, org.springframework.security.web.session.SessionManagementFilter@166a5659, org.springframework.security.web.access.ExceptionTranslationFilter@78a34c47, org.springframework.security.web.access.intercept.AuthorizationFilter@19d0d1ab]
2024-03-26 10:37:43,925 INFO org.quartz.impl.StdSchedulerFactory [main] Using default implementation for ThreadExecutor
2024-03-26 10:37:43,940 INFO org.quartz.core.SchedulerSignalerImpl [main] Initialized Scheduler Signaller of type: class org.quartz.core.SchedulerSignalerImpl
2024-03-26 10:37:43,941 INFO org.quartz.core.QuartzScheduler [main] Quartz Scheduler v.2.3.2 created.
2024-03-26 10:37:43,942 INFO org.quartz.simpl.RAMJobStore [main] RAMJobStore initialized.
2024-03-26 10:37:43,943 INFO org.quartz.core.QuartzScheduler [main] Scheduler meta-data: Quartz Scheduler (v2.3.2) 'quartzScheduler' with instanceId 'NON_CLUSTERED'
  Scheduler class: 'org.quartz.core.QuartzScheduler' - running locally.
  NOT STARTED.
  Currently in standby mode.
  Number of jobs executed: 0
  Using thread pool 'org.quartz.simpl.SimpleThreadPool' - with 10 threads.
  Using job-store 'org.quartz.simpl.RAMJobStore' - which does not support persistence. and is not clustered.

2024-03-26 10:37:43,944 INFO org.quartz.impl.StdSchedulerFactory [main] Quartz scheduler 'quartzScheduler' initialized from an externally provided properties instance.
2024-03-26 10:37:43,944 INFO org.quartz.impl.StdSchedulerFactory [main] Quartz scheduler version: 2.3.2
2024-03-26 10:37:43,944 INFO org.quartz.core.QuartzScheduler [main] JobFactory set to: org.springframework.scheduling.quartz.SpringBeanJobFactory@5003c114
2024-03-26 10:37:44,025 INFO org.apache.juli.logging.DirectJDKLog [main] Starting ProtocolHandler ["http-nio-8890"]
2024-03-26 10:37:44,035 WARN org.springframework.context.support.AbstractApplicationContext [main] Exception encountered during context initialization - cancelling refresh attempt: org.springframework.context.ApplicationContextException: Failed to start bean 'webServerStartStop'; nested exception is org.springframework.boot.web.server.PortInUseException: Port 8890 is already in use
2024-03-26 10:37:44,036 INFO org.springframework.scheduling.quartz.SchedulerFactoryBean [main] Shutting down Quartz Scheduler
2024-03-26 10:37:44,037 INFO org.quartz.core.QuartzScheduler [main] Scheduler quartzScheduler_$_NON_CLUSTERED shutting down.
2024-03-26 10:37:44,037 INFO org.quartz.core.QuartzScheduler [main] Scheduler quartzScheduler_$_NON_CLUSTERED paused.
2024-03-26 10:37:44,038 INFO org.quartz.core.QuartzScheduler [main] Scheduler quartzScheduler_$_NON_CLUSTERED shutdown complete.
2024-03-26 10:37:44,043 INFO org.springframework.orm.jpa.AbstractEntityManagerFactoryBean [main] Closing JPA EntityManagerFactory for persistence unit 'default'
2024-03-26 10:37:44,045 INFO com.zaxxer.hikari.HikariDataSource [main] HikariPool-1 - Shutdown initiated...
2024-03-26 10:37:44,057 INFO com.zaxxer.hikari.HikariDataSource [main] HikariPool-1 - Shutdown completed.
2024-03-26 10:37:44,059 INFO org.apache.juli.logging.DirectJDKLog [main] Pausing ProtocolHandler ["http-nio-8890"]
2024-03-26 10:37:44,060 INFO org.apache.juli.logging.DirectJDKLog [main] Stopping service [Tomcat]
2024-03-26 10:37:44,064 INFO org.apache.juli.logging.DirectJDKLog [main] Stopping ProtocolHandler ["http-nio-8890"]
2024-03-26 10:37:44,064 INFO org.apache.juli.logging.DirectJDKLog [main] Destroying ProtocolHandler ["http-nio-8890"]
2024-03-26 10:37:44,076 INFO org.springframework.boot.autoconfigure.logging.ConditionEvaluationReportLoggingListener [main] 

Error starting ApplicationContext. To display the conditions report re-run your application with 'debug' enabled.
2024-03-26 10:37:44,103 ERROR org.springframework.boot.diagnostics.LoggingFailureAnalysisReporter [main] 

***************************
APPLICATION FAILED TO START
***************************

Description:

Web server failed to start. Port 8890 was already in use.

Action:

Identify and stop the process that's listening on port 8890 or configure this application to listen on another port.

2024-03-26 10:55:12,646 INFO org.springframework.boot.StartupInfoLogger [main] Starting NewAppApplication using Java 11.0.19 on dev-HP-Laptop-14-bs1xx with PID 31040 (/home/dev/Java_Python/Crawler_Java/target/classes started by dev in /home/dev/Java_Python/Crawler_Java)
2024-03-26 10:55:12,649 INFO org.springframework.boot.SpringApplication [main] No active profile set, falling back to 1 default profile: "default"
2024-03-26 10:55:13,344 INFO org.springframework.data.repository.config.RepositoryConfigurationDelegate [main] Bootstrapping Spring Data JPA repositories in DEFAULT mode.
2024-03-26 10:55:13,407 INFO org.springframework.data.repository.config.RepositoryConfigurationDelegate [main] Finished Spring Data repository scanning in 53 ms. Found 4 JPA repository interfaces.
2024-03-26 10:55:14,066 INFO org.springframework.boot.web.embedded.tomcat.TomcatWebServer [main] Tomcat initialized with port(s): 8890 (http)
2024-03-26 10:55:14,067 INFO org.apache.juli.logging.DirectJDKLog [main] An older version [1.2.21] of the Apache Tomcat Native library is installed, while Tomcat recommends a minimum version of [1.2.30]
2024-03-26 10:55:14,068 INFO org.apache.juli.logging.DirectJDKLog [main] Loaded Apache Tomcat Native library [1.2.21] using APR version [1.6.3].
2024-03-26 10:55:14,068 INFO org.apache.juli.logging.DirectJDKLog [main] APR capabilities: IPv6 [true], sendfile [true], accept filters [false], random [true], UDS [false].
2024-03-26 10:55:14,068 INFO org.apache.juli.logging.DirectJDKLog [main] APR/OpenSSL configuration: useAprConnector [false], useOpenSSL [true]
2024-03-26 10:55:14,080 INFO org.apache.juli.logging.DirectJDKLog [main] OpenSSL successfully initialized [OpenSSL 1.1.1  11 Sep 2018]
2024-03-26 10:55:14,089 INFO org.apache.juli.logging.DirectJDKLog [main] Initializing ProtocolHandler ["http-nio-8890"]
2024-03-26 10:55:14,091 INFO org.apache.juli.logging.DirectJDKLog [main] Starting service [Tomcat]
2024-03-26 10:55:14,091 INFO org.apache.juli.logging.DirectJDKLog [main] Starting Servlet engine: [Apache Tomcat/9.0.76]
2024-03-26 10:55:14,197 INFO org.apache.juli.logging.DirectJDKLog [main] Initializing Spring embedded WebApplicationContext
2024-03-26 10:55:14,197 INFO org.springframework.boot.web.servlet.context.ServletWebServerApplicationContext [main] Root WebApplicationContext: initialization completed in 1502 ms
2024-03-26 10:55:14,401 INFO org.hibernate.jpa.internal.util.LogHelper [main] HHH000204: Processing PersistenceUnitInfo [name: default]
2024-03-26 10:55:14,467 INFO org.hibernate.Version [main] HHH000412: Hibernate ORM core version 5.6.15.Final
2024-03-26 10:55:14,673 INFO org.hibernate.annotations.common.reflection.java.JavaReflectionManager [main] HCANN000001: Hibernate Commons Annotations {5.1.2.Final}
2024-03-26 10:55:14,779 INFO com.zaxxer.hikari.HikariDataSource [main] HikariPool-1 - Starting...
2024-03-26 10:55:14,971 INFO com.zaxxer.hikari.HikariDataSource [main] HikariPool-1 - Start completed.
2024-03-26 10:55:14,990 INFO org.hibernate.dialect.Dialect [main] HHH000400: Using dialect: org.hibernate.dialect.MySQL5InnoDBDialect
2024-03-26 10:55:15,678 INFO org.hibernate.engine.transaction.jta.platform.internal.JtaPlatformInitiator [main] HHH000490: Using JtaPlatform implementation: [org.hibernate.engine.transaction.jta.platform.internal.NoJtaPlatform]
2024-03-26 10:55:15,688 INFO org.springframework.orm.jpa.AbstractEntityManagerFactoryBean [main] Initialized JPA EntityManagerFactory for persistence unit 'default'
2024-03-26 10:55:16,534 WARN org.springframework.boot.autoconfigure.orm.jpa.JpaBaseConfiguration$JpaWebConfiguration [main] spring.jpa.open-in-view is enabled by default. Therefore, database queries may be performed during view rendering. Explicitly configure spring.jpa.open-in-view to disable this warning
2024-03-26 10:55:16,747 INFO org.springframework.security.web.DefaultSecurityFilterChain [main] Will secure any request with [org.springframework.security.web.session.DisableEncodeUrlFilter@19d0d1ab, org.springframework.security.web.context.request.async.WebAsyncManagerIntegrationFilter@7e0941cc, org.springframework.security.web.context.SecurityContextPersistenceFilter@166a5659, org.springframework.security.web.header.HeaderWriterFilter@27691ee8, org.springframework.web.filter.CorsFilter@5114c8a1, org.springframework.security.web.authentication.logout.LogoutFilter@7f53b345, com.example.newapp.jwt.AuthTokenFilter@43f7f48d, org.springframework.security.web.savedrequest.RequestCacheAwareFilter@33060020, org.springframework.security.web.servletapi.SecurityContextHolderAwareRequestFilter@a72925, org.springframework.security.web.authentication.AnonymousAuthenticationFilter@24d73c51, org.springframework.security.web.session.SessionManagementFilter@32e7df65, org.springframework.security.web.access.ExceptionTranslationFilter@510bd87a, org.springframework.security.web.access.intercept.AuthorizationFilter@4e553d60]
2024-03-26 10:55:16,994 INFO org.quartz.impl.StdSchedulerFactory [main] Using default implementation for ThreadExecutor
2024-03-26 10:55:17,008 INFO org.quartz.core.SchedulerSignalerImpl [main] Initialized Scheduler Signaller of type: class org.quartz.core.SchedulerSignalerImpl
2024-03-26 10:55:17,008 INFO org.quartz.core.QuartzScheduler [main] Quartz Scheduler v.2.3.2 created.
2024-03-26 10:55:17,009 INFO org.quartz.simpl.RAMJobStore [main] RAMJobStore initialized.
2024-03-26 10:55:17,010 INFO org.quartz.core.QuartzScheduler [main] Scheduler meta-data: Quartz Scheduler (v2.3.2) 'quartzScheduler' with instanceId 'NON_CLUSTERED'
  Scheduler class: 'org.quartz.core.QuartzScheduler' - running locally.
  NOT STARTED.
  Currently in standby mode.
  Number of jobs executed: 0
  Using thread pool 'org.quartz.simpl.SimpleThreadPool' - with 10 threads.
  Using job-store 'org.quartz.simpl.RAMJobStore' - which does not support persistence. and is not clustered.

2024-03-26 10:55:17,010 INFO org.quartz.impl.StdSchedulerFactory [main] Quartz scheduler 'quartzScheduler' initialized from an externally provided properties instance.
2024-03-26 10:55:17,011 INFO org.quartz.impl.StdSchedulerFactory [main] Quartz scheduler version: 2.3.2
2024-03-26 10:55:17,011 INFO org.quartz.core.QuartzScheduler [main] JobFactory set to: org.springframework.scheduling.quartz.SpringBeanJobFactory@5f01361e
2024-03-26 10:55:17,087 INFO org.apache.juli.logging.DirectJDKLog [main] Starting ProtocolHandler ["http-nio-8890"]
2024-03-26 10:55:17,094 WARN org.springframework.context.support.AbstractApplicationContext [main] Exception encountered during context initialization - cancelling refresh attempt: org.springframework.context.ApplicationContextException: Failed to start bean 'webServerStartStop'; nested exception is org.springframework.boot.web.server.PortInUseException: Port 8890 is already in use
2024-03-26 10:55:17,094 INFO org.springframework.scheduling.quartz.SchedulerFactoryBean [main] Shutting down Quartz Scheduler
2024-03-26 10:55:17,095 INFO org.quartz.core.QuartzScheduler [main] Scheduler quartzScheduler_$_NON_CLUSTERED shutting down.
2024-03-26 10:55:17,095 INFO org.quartz.core.QuartzScheduler [main] Scheduler quartzScheduler_$_NON_CLUSTERED paused.
2024-03-26 10:55:17,096 INFO org.quartz.core.QuartzScheduler [main] Scheduler quartzScheduler_$_NON_CLUSTERED shutdown complete.
2024-03-26 10:55:17,101 INFO org.springframework.orm.jpa.AbstractEntityManagerFactoryBean [main] Closing JPA EntityManagerFactory for persistence unit 'default'
2024-03-26 10:55:17,102 INFO com.zaxxer.hikari.HikariDataSource [main] HikariPool-1 - Shutdown initiated...
2024-03-26 10:55:17,113 INFO com.zaxxer.hikari.HikariDataSource [main] HikariPool-1 - Shutdown completed.
2024-03-26 10:55:17,116 INFO org.apache.juli.logging.DirectJDKLog [main] Pausing ProtocolHandler ["http-nio-8890"]
2024-03-26 10:55:17,116 INFO org.apache.juli.logging.DirectJDKLog [main] Stopping service [Tomcat]
2024-03-26 10:55:17,119 INFO org.apache.juli.logging.DirectJDKLog [main] Stopping ProtocolHandler ["http-nio-8890"]
2024-03-26 10:55:17,119 INFO org.apache.juli.logging.DirectJDKLog [main] Destroying ProtocolHandler ["http-nio-8890"]
2024-03-26 10:55:17,128 INFO org.springframework.boot.autoconfigure.logging.ConditionEvaluationReportLoggingListener [main] 

Error starting ApplicationContext. To display the conditions report re-run your application with 'debug' enabled.
2024-03-26 10:55:17,145 ERROR org.springframework.boot.diagnostics.LoggingFailureAnalysisReporter [main] 

***************************
APPLICATION FAILED TO START
***************************

Description:

Web server failed to start. Port 8890 was already in use.

Action:

Identify and stop the process that's listening on port 8890 or configure this application to listen on another port.

2024-03-26 12:00:00,000 INFO com.example.newapp.Job.AutoCrawlData [scheduling-1] ++++++++ok+++++++++++
2024-03-26 12:00:00,008 INFO com.example.newapp.Job.AutoCrawlData [scheduling-1] Run Job
2024-03-26 12:00:00,101 INFO com.example.newapp.Job.AutoCrawlData [scheduling-1] /home/dev/Downloads/uploads/nhadat24.py
2024-03-26 12:00:11,786 INFO com.example.newapp.Job.AutoCrawlData [scheduling-1] 2024-03-25T13:06:11
2024-03-26 12:00:11,968 INFO com.example.newapp.Job.AutoCrawlData [scheduling-1] 1
2024-03-26 12:00:11,969 INFO com.example.newapp.Job.AutoCrawlData [scheduling-1] /home/dev/Downloads/uploads/cenhomes.py
2024-03-26 12:00:19,180 INFO com.example.newapp.Job.AutoCrawlData [scheduling-1] 2024-03-18T14:50:26
2024-03-26 12:00:19,197 INFO com.example.newapp.Job.AutoCrawlData [scheduling-1] 1
2024-03-26 12:00:19,198 INFO com.example.newapp.Job.AutoCrawlData [scheduling-1] /home/dev/Downloads/uploads/homdySpider.py
2024-03-26 12:00:25,450 INFO com.example.newapp.Job.AutoCrawlData [scheduling-1] 2024-03-22T16:49:10
2024-03-26 12:00:25,473 INFO com.example.newapp.Job.AutoCrawlData [scheduling-1] 1
2024-03-26 12:00:25,474 INFO com.example.newapp.Job.AutoCrawlData [scheduling-1] /home/dev/Downloads/uploads/bds123Spider.py
2024-03-26 12:00:32,613 INFO com.example.newapp.Job.AutoCrawlData [scheduling-1] 2024-03-06T13:06:15
2024-03-26 12:00:32,628 INFO com.example.newapp.Job.AutoCrawlData [scheduling-1] 1
2024-03-26 12:00:32,629 INFO com.example.newapp.Job.AutoCrawlData [scheduling-1] /home/dev/Downloads/uploads/mogiSpider.py
2024-03-26 12:00:37,532 INFO com.example.newapp.Job.AutoCrawlData [scheduling-1] 2024-03-08T08:58:22
2024-03-26 12:00:37,549 INFO com.example.newapp.Job.AutoCrawlData [scheduling-1] 1
2024-03-26 12:00:37,550 INFO com.example.newapp.Job.AutoCrawlData [scheduling-1] /home/dev/Downloads/uploads/nhaDatCafelandSpider.py
2024-03-26 12:00:42,417 INFO com.example.newapp.Job.AutoCrawlData [scheduling-1] 2024-03-14T15:48:47
2024-03-26 12:00:42,433 INFO com.example.newapp.Job.AutoCrawlData [scheduling-1] 1
2024-03-26 12:00:42,434 INFO com.example.newapp.Job.AutoCrawlData [scheduling-1] /home/dev/Downloads/uploads/iNhaDatSpider.py
