2024-03-25 10:05:39,271 INFO org.springframework.boot.StartupInfoLogger [main] Starting NewAppApplication using Java 17.0.10 on dev-HP-Laptop-14-bs1xx with PID 14419 (/home/dev/Java_Python/Crawler_Java/target/classes started by dev in /home/dev/Java_Python/Crawler_Java)
2024-03-25 10:05:39,275 INFO org.springframework.boot.SpringApplication [main] No active profile set, falling back to 1 default profile: "default"
2024-03-25 10:05:39,965 INFO org.springframework.data.repository.config.RepositoryConfigurationDelegate [main] Bootstrapping Spring Data JPA repositories in DEFAULT mode.
2024-03-25 10:05:40,019 INFO org.springframework.data.repository.config.RepositoryConfigurationDelegate [main] Finished Spring Data repository scanning in 45 ms. Found 4 JPA repository interfaces.
2024-03-25 10:05:40,621 INFO org.springframework.boot.web.embedded.tomcat.TomcatWebServer [main] Tomcat initialized with port(s): 8890 (http)
2024-03-25 10:05:40,628 INFO org.apache.juli.logging.DirectJDKLog [main] Initializing ProtocolHandler ["http-nio-8890"]
2024-03-25 10:05:40,629 INFO org.apache.juli.logging.DirectJDKLog [main] Starting service [Tomcat]
2024-03-25 10:05:40,629 INFO org.apache.juli.logging.DirectJDKLog [main] Starting Servlet engine: [Apache Tomcat/9.0.76]
2024-03-25 10:05:40,720 INFO org.apache.juli.logging.DirectJDKLog [main] Initializing Spring embedded WebApplicationContext
2024-03-25 10:05:40,720 INFO org.springframework.boot.web.servlet.context.ServletWebServerApplicationContext [main] Root WebApplicationContext: initialization completed in 1398 ms
2024-03-25 10:05:40,916 INFO org.hibernate.jpa.internal.util.LogHelper [main] HHH000204: Processing PersistenceUnitInfo [name: default]
2024-03-25 10:05:40,972 INFO org.hibernate.Version [main] HHH000412: Hibernate ORM core version 5.6.15.Final
2024-03-25 10:05:41,144 INFO org.hibernate.annotations.common.reflection.java.JavaReflectionManager [main] HCANN000001: Hibernate Commons Annotations {5.1.2.Final}
2024-03-25 10:05:41,271 INFO com.zaxxer.hikari.HikariDataSource [main] HikariPool-1 - Starting...
2024-03-25 10:05:41,445 INFO com.zaxxer.hikari.HikariDataSource [main] HikariPool-1 - Start completed.
2024-03-25 10:05:41,459 INFO org.hibernate.dialect.Dialect [main] HHH000400: Using dialect: org.hibernate.dialect.MySQL5InnoDBDialect
2024-03-25 10:05:42,036 INFO org.hibernate.engine.transaction.jta.platform.internal.JtaPlatformInitiator [main] HHH000490: Using JtaPlatform implementation: [org.hibernate.engine.transaction.jta.platform.internal.NoJtaPlatform]
2024-03-25 10:05:42,044 INFO org.springframework.orm.jpa.AbstractEntityManagerFactoryBean [main] Initialized JPA EntityManagerFactory for persistence unit 'default'
2024-03-25 10:05:42,810 WARN org.springframework.boot.autoconfigure.orm.jpa.JpaBaseConfiguration$JpaWebConfiguration [main] spring.jpa.open-in-view is enabled by default. Therefore, database queries may be performed during view rendering. Explicitly configure spring.jpa.open-in-view to disable this warning
2024-03-25 10:05:43,019 INFO org.springframework.security.web.DefaultSecurityFilterChain [main] Will secure any request with [org.springframework.security.web.session.DisableEncodeUrlFilter@820b78a, org.springframework.security.web.context.request.async.WebAsyncManagerIntegrationFilter@6a9ac8b, org.springframework.security.web.context.SecurityContextPersistenceFilter@7f9d40b3, org.springframework.security.web.header.HeaderWriterFilter@1c528f2f, org.springframework.web.filter.CorsFilter@7683ea43, org.springframework.security.web.authentication.logout.LogoutFilter@b814e23, com.example.newapp.jwt.AuthTokenFilter@7978550b, org.springframework.security.web.savedrequest.RequestCacheAwareFilter@4a7c72af, org.springframework.security.web.servletapi.SecurityContextHolderAwareRequestFilter@2ba9ed19, org.springframework.security.web.authentication.AnonymousAuthenticationFilter@15a41088, org.springframework.security.web.session.SessionManagementFilter@65d2d3cc, org.springframework.security.web.access.ExceptionTranslationFilter@c7443f, org.springframework.security.web.access.intercept.AuthorizationFilter@70efdd18]
2024-03-25 10:05:43,222 INFO org.quartz.impl.StdSchedulerFactory [main] Using default implementation for ThreadExecutor
2024-03-25 10:05:43,236 INFO org.quartz.core.SchedulerSignalerImpl [main] Initialized Scheduler Signaller of type: class org.quartz.core.SchedulerSignalerImpl
2024-03-25 10:05:43,237 INFO org.quartz.core.QuartzScheduler [main] Quartz Scheduler v.2.3.2 created.
2024-03-25 10:05:43,237 INFO org.quartz.simpl.RAMJobStore [main] RAMJobStore initialized.
2024-03-25 10:05:43,238 INFO org.quartz.core.QuartzScheduler [main] Scheduler meta-data: Quartz Scheduler (v2.3.2) 'quartzScheduler' with instanceId 'NON_CLUSTERED'
  Scheduler class: 'org.quartz.core.QuartzScheduler' - running locally.
  NOT STARTED.
  Currently in standby mode.
  Number of jobs executed: 0
  Using thread pool 'org.quartz.simpl.SimpleThreadPool' - with 10 threads.
  Using job-store 'org.quartz.simpl.RAMJobStore' - which does not support persistence. and is not clustered.

2024-03-25 10:05:43,239 INFO org.quartz.impl.StdSchedulerFactory [main] Quartz scheduler 'quartzScheduler' initialized from an externally provided properties instance.
2024-03-25 10:05:43,239 INFO org.quartz.impl.StdSchedulerFactory [main] Quartz scheduler version: 2.3.2
2024-03-25 10:05:43,239 INFO org.quartz.core.QuartzScheduler [main] JobFactory set to: org.springframework.scheduling.quartz.SpringBeanJobFactory@4daead88
2024-03-25 10:05:43,301 INFO org.apache.juli.logging.DirectJDKLog [main] Starting ProtocolHandler ["http-nio-8890"]
2024-03-25 10:05:43,313 INFO org.springframework.boot.web.embedded.tomcat.TomcatWebServer [main] Tomcat started on port(s): 8890 (http) with context path ''
2024-03-25 10:05:43,314 INFO org.springframework.scheduling.quartz.SchedulerFactoryBean [main] Starting Quartz Scheduler now
2024-03-25 10:05:43,315 INFO org.quartz.core.QuartzScheduler [main] Scheduler quartzScheduler_$_NON_CLUSTERED started.
2024-03-25 10:05:43,327 INFO org.springframework.boot.StartupInfoLogger [main] Started NewAppApplication in 4.607 seconds (JVM running for 5.318)
2024-03-25 10:05:48,642 INFO org.quartz.core.QuartzScheduler [SpringApplicationShutdownHook] Scheduler quartzScheduler_$_NON_CLUSTERED paused.
2024-03-25 10:05:48,653 INFO org.springframework.scheduling.quartz.SchedulerFactoryBean [SpringApplicationShutdownHook] Shutting down Quartz Scheduler
2024-03-25 10:05:48,654 INFO org.quartz.core.QuartzScheduler [SpringApplicationShutdownHook] Scheduler quartzScheduler_$_NON_CLUSTERED shutting down.
2024-03-25 10:05:48,654 INFO org.quartz.core.QuartzScheduler [SpringApplicationShutdownHook] Scheduler quartzScheduler_$_NON_CLUSTERED paused.
2024-03-25 10:05:48,654 INFO org.quartz.core.QuartzScheduler [SpringApplicationShutdownHook] Scheduler quartzScheduler_$_NON_CLUSTERED shutdown complete.
2024-03-25 10:05:48,658 INFO org.springframework.orm.jpa.AbstractEntityManagerFactoryBean [SpringApplicationShutdownHook] Closing JPA EntityManagerFactory for persistence unit 'default'
2024-03-25 10:05:48,659 INFO com.zaxxer.hikari.HikariDataSource [SpringApplicationShutdownHook] HikariPool-1 - Shutdown initiated...
2024-03-25 10:05:48,667 INFO com.zaxxer.hikari.HikariDataSource [SpringApplicationShutdownHook] HikariPool-1 - Shutdown completed.
2024-03-25 14:36:22,735 INFO org.springframework.boot.StartupInfoLogger [main] Starting NewAppApplication using Java 17.0.10 on dev-HP-Laptop-14-bs1xx with PID 17437 (/home/dev/Java_Python/Crawler_Java/target/classes started by dev in /home/dev/Java_Python/Crawler_Java)
2024-03-25 14:36:22,738 INFO org.springframework.boot.SpringApplication [main] No active profile set, falling back to 1 default profile: "default"
2024-03-25 14:36:23,348 INFO org.springframework.data.repository.config.RepositoryConfigurationDelegate [main] Bootstrapping Spring Data JPA repositories in DEFAULT mode.
2024-03-25 14:36:23,406 INFO org.springframework.data.repository.config.RepositoryConfigurationDelegate [main] Finished Spring Data repository scanning in 50 ms. Found 4 JPA repository interfaces.
2024-03-25 14:36:23,964 INFO org.springframework.boot.web.embedded.tomcat.TomcatWebServer [main] Tomcat initialized with port(s): 8890 (http)
2024-03-25 14:36:23,971 INFO org.apache.juli.logging.DirectJDKLog [main] Initializing ProtocolHandler ["http-nio-8890"]
2024-03-25 14:36:23,972 INFO org.apache.juli.logging.DirectJDKLog [main] Starting service [Tomcat]
2024-03-25 14:36:23,972 INFO org.apache.juli.logging.DirectJDKLog [main] Starting Servlet engine: [Apache Tomcat/9.0.76]
2024-03-25 14:36:24,048 INFO org.apache.juli.logging.DirectJDKLog [main] Initializing Spring embedded WebApplicationContext
2024-03-25 14:36:24,049 INFO org.springframework.boot.web.servlet.context.ServletWebServerApplicationContext [main] Root WebApplicationContext: initialization completed in 1259 ms
2024-03-25 14:36:24,230 INFO org.hibernate.jpa.internal.util.LogHelper [main] HHH000204: Processing PersistenceUnitInfo [name: default]
2024-03-25 14:36:24,286 INFO org.hibernate.Version [main] HHH000412: Hibernate ORM core version 5.6.15.Final
2024-03-25 14:36:24,470 INFO org.hibernate.annotations.common.reflection.java.JavaReflectionManager [main] HCANN000001: Hibernate Commons Annotations {5.1.2.Final}
2024-03-25 14:36:24,558 INFO com.zaxxer.hikari.HikariDataSource [main] HikariPool-1 - Starting...
2024-03-25 14:36:24,723 INFO com.zaxxer.hikari.HikariDataSource [main] HikariPool-1 - Start completed.
2024-03-25 14:36:24,739 INFO org.hibernate.dialect.Dialect [main] HHH000400: Using dialect: org.hibernate.dialect.MySQL5InnoDBDialect
2024-03-25 14:36:25,285 INFO org.hibernate.engine.transaction.jta.platform.internal.JtaPlatformInitiator [main] HHH000490: Using JtaPlatform implementation: [org.hibernate.engine.transaction.jta.platform.internal.NoJtaPlatform]
2024-03-25 14:36:25,292 INFO org.springframework.orm.jpa.AbstractEntityManagerFactoryBean [main] Initialized JPA EntityManagerFactory for persistence unit 'default'
2024-03-25 14:36:26,050 WARN org.springframework.boot.autoconfigure.orm.jpa.JpaBaseConfiguration$JpaWebConfiguration [main] spring.jpa.open-in-view is enabled by default. Therefore, database queries may be performed during view rendering. Explicitly configure spring.jpa.open-in-view to disable this warning
2024-03-25 14:36:26,273 INFO org.springframework.security.web.DefaultSecurityFilterChain [main] Will secure any request with [org.springframework.security.web.session.DisableEncodeUrlFilter@4c05f83b, org.springframework.security.web.context.request.async.WebAsyncManagerIntegrationFilter@820b78a, org.springframework.security.web.context.SecurityContextPersistenceFilter@65d2d3cc, org.springframework.security.web.header.HeaderWriterFilter@7c8a91e2, org.springframework.web.filter.CorsFilter@6a9ac8b, org.springframework.security.web.authentication.logout.LogoutFilter@a0bdbe2, com.example.newapp.jwt.AuthTokenFilter@28654aff, org.springframework.security.web.savedrequest.RequestCacheAwareFilter@7901a5ab, org.springframework.security.web.servletapi.SecurityContextHolderAwareRequestFilter@ca2a03f, org.springframework.security.web.authentication.AnonymousAuthenticationFilter@7683ea43, org.springframework.security.web.session.SessionManagementFilter@2a7392a3, org.springframework.security.web.access.ExceptionTranslationFilter@78e7b83, org.springframework.security.web.access.intercept.AuthorizationFilter@28dd8786]
2024-03-25 14:36:26,497 INFO org.quartz.impl.StdSchedulerFactory [main] Using default implementation for ThreadExecutor
2024-03-25 14:36:26,509 INFO org.quartz.core.SchedulerSignalerImpl [main] Initialized Scheduler Signaller of type: class org.quartz.core.SchedulerSignalerImpl
2024-03-25 14:36:26,510 INFO org.quartz.core.QuartzScheduler [main] Quartz Scheduler v.2.3.2 created.
2024-03-25 14:36:26,510 INFO org.quartz.simpl.RAMJobStore [main] RAMJobStore initialized.
2024-03-25 14:36:26,511 INFO org.quartz.core.QuartzScheduler [main] Scheduler meta-data: Quartz Scheduler (v2.3.2) 'quartzScheduler' with instanceId 'NON_CLUSTERED'
  Scheduler class: 'org.quartz.core.QuartzScheduler' - running locally.
  NOT STARTED.
  Currently in standby mode.
  Number of jobs executed: 0
  Using thread pool 'org.quartz.simpl.SimpleThreadPool' - with 10 threads.
  Using job-store 'org.quartz.simpl.RAMJobStore' - which does not support persistence. and is not clustered.

2024-03-25 14:36:26,511 INFO org.quartz.impl.StdSchedulerFactory [main] Quartz scheduler 'quartzScheduler' initialized from an externally provided properties instance.
2024-03-25 14:36:26,511 INFO org.quartz.impl.StdSchedulerFactory [main] Quartz scheduler version: 2.3.2
2024-03-25 14:36:26,512 INFO org.quartz.core.QuartzScheduler [main] JobFactory set to: org.springframework.scheduling.quartz.SpringBeanJobFactory@ab2e887
2024-03-25 14:36:26,567 INFO org.apache.juli.logging.DirectJDKLog [main] Starting ProtocolHandler ["http-nio-8890"]
2024-03-25 14:36:26,590 INFO org.springframework.boot.web.embedded.tomcat.TomcatWebServer [main] Tomcat started on port(s): 8890 (http) with context path ''
2024-03-25 14:36:26,591 INFO org.springframework.scheduling.quartz.SchedulerFactoryBean [main] Starting Quartz Scheduler now
2024-03-25 14:36:26,592 INFO org.quartz.core.QuartzScheduler [main] Scheduler quartzScheduler_$_NON_CLUSTERED started.
2024-03-25 14:36:26,604 INFO org.springframework.boot.StartupInfoLogger [main] Started NewAppApplication in 4.368 seconds (JVM running for 5.039)
2024-03-25 14:37:01,838 INFO org.quartz.core.QuartzScheduler [SpringApplicationShutdownHook] Scheduler quartzScheduler_$_NON_CLUSTERED paused.
2024-03-25 14:37:01,850 INFO org.springframework.scheduling.quartz.SchedulerFactoryBean [SpringApplicationShutdownHook] Shutting down Quartz Scheduler
2024-03-25 14:37:01,851 INFO org.quartz.core.QuartzScheduler [SpringApplicationShutdownHook] Scheduler quartzScheduler_$_NON_CLUSTERED shutting down.
2024-03-25 14:37:01,851 INFO org.quartz.core.QuartzScheduler [SpringApplicationShutdownHook] Scheduler quartzScheduler_$_NON_CLUSTERED paused.
2024-03-25 14:37:01,851 INFO org.quartz.core.QuartzScheduler [SpringApplicationShutdownHook] Scheduler quartzScheduler_$_NON_CLUSTERED shutdown complete.
2024-03-25 14:37:01,855 INFO org.springframework.orm.jpa.AbstractEntityManagerFactoryBean [SpringApplicationShutdownHook] Closing JPA EntityManagerFactory for persistence unit 'default'
2024-03-25 14:37:01,857 INFO com.zaxxer.hikari.HikariDataSource [SpringApplicationShutdownHook] HikariPool-1 - Shutdown initiated...
2024-03-25 14:37:01,868 INFO com.zaxxer.hikari.HikariDataSource [SpringApplicationShutdownHook] HikariPool-1 - Shutdown completed.
2024-03-25 14:37:06,039 INFO org.springframework.boot.StartupInfoLogger [main] Starting NewAppApplication using Java 17.0.10 on dev-HP-Laptop-14-bs1xx with PID 17582 (/home/dev/Java_Python/Crawler_Java/target/classes started by dev in /home/dev/Java_Python/Crawler_Java)
2024-03-25 14:37:06,042 INFO org.springframework.boot.SpringApplication [main] No active profile set, falling back to 1 default profile: "default"
2024-03-25 14:37:06,621 INFO org.springframework.data.repository.config.RepositoryConfigurationDelegate [main] Bootstrapping Spring Data JPA repositories in DEFAULT mode.
2024-03-25 14:37:06,672 INFO org.springframework.data.repository.config.RepositoryConfigurationDelegate [main] Finished Spring Data repository scanning in 44 ms. Found 4 JPA repository interfaces.
2024-03-25 14:37:07,184 INFO org.springframework.boot.web.embedded.tomcat.TomcatWebServer [main] Tomcat initialized with port(s): 8890 (http)
2024-03-25 14:37:07,190 INFO org.apache.juli.logging.DirectJDKLog [main] Initializing ProtocolHandler ["http-nio-8890"]
2024-03-25 14:37:07,192 INFO org.apache.juli.logging.DirectJDKLog [main] Starting service [Tomcat]
2024-03-25 14:37:07,192 INFO org.apache.juli.logging.DirectJDKLog [main] Starting Servlet engine: [Apache Tomcat/9.0.76]
2024-03-25 14:37:07,259 INFO org.apache.juli.logging.DirectJDKLog [main] Initializing Spring embedded WebApplicationContext
2024-03-25 14:37:07,259 INFO org.springframework.boot.web.servlet.context.ServletWebServerApplicationContext [main] Root WebApplicationContext: initialization completed in 1171 ms
2024-03-25 14:37:07,426 INFO org.hibernate.jpa.internal.util.LogHelper [main] HHH000204: Processing PersistenceUnitInfo [name: default]
2024-03-25 14:37:07,465 INFO org.hibernate.Version [main] HHH000412: Hibernate ORM core version 5.6.15.Final
2024-03-25 14:37:07,583 INFO org.hibernate.annotations.common.reflection.java.JavaReflectionManager [main] HCANN000001: Hibernate Commons Annotations {5.1.2.Final}
2024-03-25 14:37:07,654 INFO com.zaxxer.hikari.HikariDataSource [main] HikariPool-1 - Starting...
2024-03-25 14:37:07,798 INFO com.zaxxer.hikari.HikariDataSource [main] HikariPool-1 - Start completed.
2024-03-25 14:37:07,812 INFO org.hibernate.dialect.Dialect [main] HHH000400: Using dialect: org.hibernate.dialect.MySQL5InnoDBDialect
2024-03-25 14:37:08,304 INFO org.hibernate.engine.transaction.jta.platform.internal.JtaPlatformInitiator [main] HHH000490: Using JtaPlatform implementation: [org.hibernate.engine.transaction.jta.platform.internal.NoJtaPlatform]
2024-03-25 14:37:08,312 INFO org.springframework.orm.jpa.AbstractEntityManagerFactoryBean [main] Initialized JPA EntityManagerFactory for persistence unit 'default'
2024-03-25 14:37:09,024 WARN org.springframework.boot.autoconfigure.orm.jpa.JpaBaseConfiguration$JpaWebConfiguration [main] spring.jpa.open-in-view is enabled by default. Therefore, database queries may be performed during view rendering. Explicitly configure spring.jpa.open-in-view to disable this warning
2024-03-25 14:37:09,207 INFO org.springframework.security.web.DefaultSecurityFilterChain [main] Will secure any request with [org.springframework.security.web.session.DisableEncodeUrlFilter@70efdd18, org.springframework.security.web.context.request.async.WebAsyncManagerIntegrationFilter@247a8411, org.springframework.security.web.context.SecurityContextPersistenceFilter@65d2d3cc, org.springframework.security.web.header.HeaderWriterFilter@7c8a91e2, org.springframework.web.filter.CorsFilter@4c05f83b, org.springframework.security.web.authentication.logout.LogoutFilter@a0bdbe2, com.example.newapp.jwt.AuthTokenFilter@5e9cb95, org.springframework.security.web.savedrequest.RequestCacheAwareFilter@7901a5ab, org.springframework.security.web.servletapi.SecurityContextHolderAwareRequestFilter@ca2a03f, org.springframework.security.web.authentication.AnonymousAuthenticationFilter@820b78a, org.springframework.security.web.session.SessionManagementFilter@2a7392a3, org.springframework.security.web.access.ExceptionTranslationFilter@78e7b83, org.springframework.security.web.access.intercept.AuthorizationFilter@7c751692]
2024-03-25 14:37:09,398 INFO org.quartz.impl.StdSchedulerFactory [main] Using default implementation for ThreadExecutor
2024-03-25 14:37:09,408 INFO org.quartz.core.SchedulerSignalerImpl [main] Initialized Scheduler Signaller of type: class org.quartz.core.SchedulerSignalerImpl
2024-03-25 14:37:09,408 INFO org.quartz.core.QuartzScheduler [main] Quartz Scheduler v.2.3.2 created.
2024-03-25 14:37:09,409 INFO org.quartz.simpl.RAMJobStore [main] RAMJobStore initialized.
2024-03-25 14:37:09,410 INFO org.quartz.core.QuartzScheduler [main] Scheduler meta-data: Quartz Scheduler (v2.3.2) 'quartzScheduler' with instanceId 'NON_CLUSTERED'
  Scheduler class: 'org.quartz.core.QuartzScheduler' - running locally.
  NOT STARTED.
  Currently in standby mode.
  Number of jobs executed: 0
  Using thread pool 'org.quartz.simpl.SimpleThreadPool' - with 10 threads.
  Using job-store 'org.quartz.simpl.RAMJobStore' - which does not support persistence. and is not clustered.

2024-03-25 14:37:09,410 INFO org.quartz.impl.StdSchedulerFactory [main] Quartz scheduler 'quartzScheduler' initialized from an externally provided properties instance.
2024-03-25 14:37:09,410 INFO org.quartz.impl.StdSchedulerFactory [main] Quartz scheduler version: 2.3.2
2024-03-25 14:37:09,410 INFO org.quartz.core.QuartzScheduler [main] JobFactory set to: org.springframework.scheduling.quartz.SpringBeanJobFactory@629fe84
2024-03-25 14:37:09,470 INFO org.apache.juli.logging.DirectJDKLog [main] Starting ProtocolHandler ["http-nio-8890"]
2024-03-25 14:37:09,482 INFO org.springframework.boot.web.embedded.tomcat.TomcatWebServer [main] Tomcat started on port(s): 8890 (http) with context path ''
2024-03-25 14:37:09,483 INFO org.springframework.scheduling.quartz.SchedulerFactoryBean [main] Starting Quartz Scheduler now
2024-03-25 14:37:09,483 INFO org.quartz.core.QuartzScheduler [main] Scheduler quartzScheduler_$_NON_CLUSTERED started.
2024-03-25 14:37:09,494 INFO org.springframework.boot.StartupInfoLogger [main] Started NewAppApplication in 3.905 seconds (JVM running for 4.453)
2024-03-25 14:37:17,593 INFO org.quartz.core.QuartzScheduler [SpringApplicationShutdownHook] Scheduler quartzScheduler_$_NON_CLUSTERED paused.
2024-03-25 14:37:17,602 INFO org.springframework.scheduling.quartz.SchedulerFactoryBean [SpringApplicationShutdownHook] Shutting down Quartz Scheduler
2024-03-25 14:37:17,603 INFO org.quartz.core.QuartzScheduler [SpringApplicationShutdownHook] Scheduler quartzScheduler_$_NON_CLUSTERED shutting down.
2024-03-25 14:37:17,603 INFO org.quartz.core.QuartzScheduler [SpringApplicationShutdownHook] Scheduler quartzScheduler_$_NON_CLUSTERED paused.
2024-03-25 14:37:17,603 INFO org.quartz.core.QuartzScheduler [SpringApplicationShutdownHook] Scheduler quartzScheduler_$_NON_CLUSTERED shutdown complete.
2024-03-25 14:37:17,606 INFO org.springframework.orm.jpa.AbstractEntityManagerFactoryBean [SpringApplicationShutdownHook] Closing JPA EntityManagerFactory for persistence unit 'default'
2024-03-25 14:37:17,607 INFO com.zaxxer.hikari.HikariDataSource [SpringApplicationShutdownHook] HikariPool-1 - Shutdown initiated...
2024-03-25 14:37:17,612 INFO com.zaxxer.hikari.HikariDataSource [SpringApplicationShutdownHook] HikariPool-1 - Shutdown completed.
2024-03-25 14:46:18,157 INFO org.springframework.boot.StartupInfoLogger [main] Starting NewAppApplication using Java 11.0.19 on dev-HP-Laptop-14-bs1xx with PID 18028 (/home/dev/Java_Python/Crawler_Java/target/classes started by dev in /home/dev/Java_Python/Crawler_Java)
2024-03-25 14:46:18,161 INFO org.springframework.boot.SpringApplication [main] No active profile set, falling back to 1 default profile: "default"
2024-03-25 14:46:18,976 INFO org.springframework.data.repository.config.RepositoryConfigurationDelegate [main] Bootstrapping Spring Data JPA repositories in DEFAULT mode.
2024-03-25 14:46:19,055 INFO org.springframework.data.repository.config.RepositoryConfigurationDelegate [main] Finished Spring Data repository scanning in 70 ms. Found 4 JPA repository interfaces.
2024-03-25 14:46:19,840 INFO org.springframework.boot.web.embedded.tomcat.TomcatWebServer [main] Tomcat initialized with port(s): 8890 (http)
2024-03-25 14:46:19,863 INFO org.apache.juli.logging.DirectJDKLog [main] An older version [1.2.21] of the Apache Tomcat Native library is installed, while Tomcat recommends a minimum version of [1.2.30]
2024-03-25 14:46:19,864 INFO org.apache.juli.logging.DirectJDKLog [main] Loaded Apache Tomcat Native library [1.2.21] using APR version [1.6.3].
2024-03-25 14:46:19,865 INFO org.apache.juli.logging.DirectJDKLog [main] APR capabilities: IPv6 [true], sendfile [true], accept filters [false], random [true], UDS [false].
2024-03-25 14:46:19,865 INFO org.apache.juli.logging.DirectJDKLog [main] APR/OpenSSL configuration: useAprConnector [false], useOpenSSL [true]
2024-03-25 14:46:19,882 INFO org.apache.juli.logging.DirectJDKLog [main] OpenSSL successfully initialized [OpenSSL 1.1.1  11 Sep 2018]
2024-03-25 14:46:19,893 INFO org.apache.juli.logging.DirectJDKLog [main] Initializing ProtocolHandler ["http-nio-8890"]
2024-03-25 14:46:19,895 INFO org.apache.juli.logging.DirectJDKLog [main] Starting service [Tomcat]
2024-03-25 14:46:19,896 INFO org.apache.juli.logging.DirectJDKLog [main] Starting Servlet engine: [Apache Tomcat/9.0.76]
2024-03-25 14:46:20,007 INFO org.apache.juli.logging.DirectJDKLog [main] Initializing Spring embedded WebApplicationContext
2024-03-25 14:46:20,008 INFO org.springframework.boot.web.servlet.context.ServletWebServerApplicationContext [main] Root WebApplicationContext: initialization completed in 1746 ms
2024-03-25 14:46:20,227 INFO org.hibernate.jpa.internal.util.LogHelper [main] HHH000204: Processing PersistenceUnitInfo [name: default]
2024-03-25 14:46:20,324 INFO org.hibernate.Version [main] HHH000412: Hibernate ORM core version 5.6.15.Final
2024-03-25 14:46:20,533 INFO org.hibernate.annotations.common.reflection.java.JavaReflectionManager [main] HCANN000001: Hibernate Commons Annotations {5.1.2.Final}
2024-03-25 14:46:20,632 INFO com.zaxxer.hikari.HikariDataSource [main] HikariPool-1 - Starting...
2024-03-25 14:46:20,906 INFO com.zaxxer.hikari.HikariDataSource [main] HikariPool-1 - Start completed.
2024-03-25 14:46:20,934 INFO org.hibernate.dialect.Dialect [main] HHH000400: Using dialect: org.hibernate.dialect.MySQL5InnoDBDialect
2024-03-25 14:46:21,654 INFO org.hibernate.engine.transaction.jta.platform.internal.JtaPlatformInitiator [main] HHH000490: Using JtaPlatform implementation: [org.hibernate.engine.transaction.jta.platform.internal.NoJtaPlatform]
2024-03-25 14:46:21,664 INFO org.springframework.orm.jpa.AbstractEntityManagerFactoryBean [main] Initialized JPA EntityManagerFactory for persistence unit 'default'
2024-03-25 14:46:22,779 WARN org.springframework.boot.autoconfigure.orm.jpa.JpaBaseConfiguration$JpaWebConfiguration [main] spring.jpa.open-in-view is enabled by default. Therefore, database queries may be performed during view rendering. Explicitly configure spring.jpa.open-in-view to disable this warning
2024-03-25 14:46:23,081 INFO org.springframework.security.web.DefaultSecurityFilterChain [main] Will secure any request with [org.springframework.security.web.session.DisableEncodeUrlFilter@19d0d1ab, org.springframework.security.web.context.request.async.WebAsyncManagerIntegrationFilter@7e0941cc, org.springframework.security.web.context.SecurityContextPersistenceFilter@166a5659, org.springframework.security.web.header.HeaderWriterFilter@27691ee8, org.springframework.web.filter.CorsFilter@5114c8a1, org.springframework.security.web.authentication.logout.LogoutFilter@7f53b345, com.example.newapp.jwt.AuthTokenFilter@da67c46, org.springframework.security.web.savedrequest.RequestCacheAwareFilter@33060020, org.springframework.security.web.servletapi.SecurityContextHolderAwareRequestFilter@a72925, org.springframework.security.web.authentication.AnonymousAuthenticationFilter@24d73c51, org.springframework.security.web.session.SessionManagementFilter@32e7df65, org.springframework.security.web.access.ExceptionTranslationFilter@510bd87a, org.springframework.security.web.access.intercept.AuthorizationFilter@4e553d60]
2024-03-25 14:46:23,383 INFO org.quartz.impl.StdSchedulerFactory [main] Using default implementation for ThreadExecutor
2024-03-25 14:46:23,480 INFO org.quartz.core.SchedulerSignalerImpl [main] Initialized Scheduler Signaller of type: class org.quartz.core.SchedulerSignalerImpl
2024-03-25 14:46:23,481 INFO org.quartz.core.QuartzScheduler [main] Quartz Scheduler v.2.3.2 created.
2024-03-25 14:46:23,483 INFO org.quartz.simpl.RAMJobStore [main] RAMJobStore initialized.
2024-03-25 14:46:23,487 INFO org.quartz.core.QuartzScheduler [main] Scheduler meta-data: Quartz Scheduler (v2.3.2) 'quartzScheduler' with instanceId 'NON_CLUSTERED'
  Scheduler class: 'org.quartz.core.QuartzScheduler' - running locally.
  NOT STARTED.
  Currently in standby mode.
  Number of jobs executed: 0
  Using thread pool 'org.quartz.simpl.SimpleThreadPool' - with 10 threads.
  Using job-store 'org.quartz.simpl.RAMJobStore' - which does not support persistence. and is not clustered.

2024-03-25 14:46:23,488 INFO org.quartz.impl.StdSchedulerFactory [main] Quartz scheduler 'quartzScheduler' initialized from an externally provided properties instance.
2024-03-25 14:46:23,488 INFO org.quartz.impl.StdSchedulerFactory [main] Quartz scheduler version: 2.3.2
2024-03-25 14:46:23,489 INFO org.quartz.core.QuartzScheduler [main] JobFactory set to: org.springframework.scheduling.quartz.SpringBeanJobFactory@5f01361e
2024-03-25 14:46:23,567 INFO org.apache.juli.logging.DirectJDKLog [main] Starting ProtocolHandler ["http-nio-8890"]
2024-03-25 14:46:23,598 INFO org.springframework.boot.web.embedded.tomcat.TomcatWebServer [main] Tomcat started on port(s): 8890 (http) with context path ''
2024-03-25 14:46:23,600 INFO org.springframework.scheduling.quartz.SchedulerFactoryBean [main] Starting Quartz Scheduler now
2024-03-25 14:46:23,600 INFO org.quartz.core.QuartzScheduler [main] Scheduler quartzScheduler_$_NON_CLUSTERED started.
2024-03-25 14:46:23,616 INFO org.springframework.boot.StartupInfoLogger [main] Started NewAppApplication in 5.999 seconds (JVM running for 6.838)
2024-03-25 15:10:03,948 INFO org.springframework.boot.admin.SpringApplicationAdminMXBeanRegistrar$SpringApplicationAdmin [RMI TCP Connection(33)-127.0.0.1] Application shutdown requested.
2024-03-25 15:10:03,966 INFO org.quartz.core.QuartzScheduler [RMI TCP Connection(33)-127.0.0.1] Scheduler quartzScheduler_$_NON_CLUSTERED paused.
2024-03-25 15:10:03,988 INFO org.apache.juli.logging.DirectJDKLog [RMI TCP Connection(33)-127.0.0.1] Pausing ProtocolHandler ["http-nio-8890"]
2024-03-25 15:10:03,989 INFO org.apache.juli.logging.DirectJDKLog [RMI TCP Connection(33)-127.0.0.1] Stopping service [Tomcat]
2024-03-25 15:10:04,001 WARN org.apache.juli.logging.DirectJDKLog [RMI TCP Connection(33)-127.0.0.1] The web application [ROOT] appears to have started a thread named [HikariPool-1 housekeeper] but has failed to stop it. This is very likely to create a memory leak. Stack trace of thread:
 java.base@11.0.19/jdk.internal.misc.Unsafe.park(Native Method)
 java.base@11.0.19/java.util.concurrent.locks.LockSupport.parkNanos(LockSupport.java:234)
 java.base@11.0.19/java.util.concurrent.locks.AbstractQueuedSynchronizer$ConditionObject.awaitNanos(AbstractQueuedSynchronizer.java:2123)
 java.base@11.0.19/java.util.concurrent.ScheduledThreadPoolExecutor$DelayedWorkQueue.take(ScheduledThreadPoolExecutor.java:1182)
 java.base@11.0.19/java.util.concurrent.ScheduledThreadPoolExecutor$DelayedWorkQueue.take(ScheduledThreadPoolExecutor.java:899)
 java.base@11.0.19/java.util.concurrent.ThreadPoolExecutor.getTask(ThreadPoolExecutor.java:1054)
 java.base@11.0.19/java.util.concurrent.ThreadPoolExecutor.runWorker(ThreadPoolExecutor.java:1114)
 java.base@11.0.19/java.util.concurrent.ThreadPoolExecutor$Worker.run(ThreadPoolExecutor.java:628)
 java.base@11.0.19/java.lang.Thread.run(Thread.java:829)
2024-03-25 15:10:04,004 INFO org.apache.juli.logging.DirectJDKLog [RMI TCP Connection(33)-127.0.0.1] Stopping ProtocolHandler ["http-nio-8890"]
2024-03-25 15:10:04,012 INFO org.apache.juli.logging.DirectJDKLog [RMI TCP Connection(33)-127.0.0.1] Destroying ProtocolHandler ["http-nio-8890"]
2024-03-25 15:10:04,023 INFO org.springframework.scheduling.quartz.SchedulerFactoryBean [RMI TCP Connection(33)-127.0.0.1] Shutting down Quartz Scheduler
2024-03-25 15:10:04,023 INFO org.quartz.core.QuartzScheduler [RMI TCP Connection(33)-127.0.0.1] Scheduler quartzScheduler_$_NON_CLUSTERED shutting down.
2024-03-25 15:10:04,023 INFO org.quartz.core.QuartzScheduler [RMI TCP Connection(33)-127.0.0.1] Scheduler quartzScheduler_$_NON_CLUSTERED paused.
2024-03-25 15:10:04,025 INFO org.quartz.core.QuartzScheduler [RMI TCP Connection(33)-127.0.0.1] Scheduler quartzScheduler_$_NON_CLUSTERED shutdown complete.
2024-03-25 15:10:04,029 INFO org.springframework.orm.jpa.AbstractEntityManagerFactoryBean [RMI TCP Connection(33)-127.0.0.1] Closing JPA EntityManagerFactory for persistence unit 'default'
2024-03-25 15:10:04,032 INFO com.zaxxer.hikari.HikariDataSource [RMI TCP Connection(33)-127.0.0.1] HikariPool-1 - Shutdown initiated...
2024-03-25 15:10:04,048 INFO com.zaxxer.hikari.HikariDataSource [RMI TCP Connection(33)-127.0.0.1] HikariPool-1 - Shutdown completed.
