2024-03-05 10:56:24,786 INFO org.springframework.boot.StartupInfoLogger [main] Starting NewAppApplication using Java 17.0.10 on dev-HP-Laptop-14-bs1xx with PID 2180 (/home/dev/Java_Python/Crawler_Java/target/classes started by dev in /home/dev/Java_Python/Crawler_Java)
2024-03-05 10:56:24,790 INFO org.springframework.boot.SpringApplication [main] No active profile set, falling back to 1 default profile: "default"
2024-03-05 10:56:25,412 INFO org.springframework.data.repository.config.RepositoryConfigurationDelegate [main] Bootstrapping Spring Data JPA repositories in DEFAULT mode.
2024-03-05 10:56:25,468 INFO org.springframework.data.repository.config.RepositoryConfigurationDelegate [main] Finished Spring Data repository scanning in 48 ms. Found 4 JPA repository interfaces.
2024-03-05 10:56:25,988 INFO org.springframework.boot.web.embedded.tomcat.TomcatWebServer [main] Tomcat initialized with port(s): 8890 (http)
2024-03-05 10:56:25,995 INFO org.apache.juli.logging.DirectJDKLog [main] Initializing ProtocolHandler ["http-nio-8890"]
2024-03-05 10:56:25,996 INFO org.apache.juli.logging.DirectJDKLog [main] Starting service [Tomcat]
2024-03-05 10:56:25,996 INFO org.apache.juli.logging.DirectJDKLog [main] Starting Servlet engine: [Apache Tomcat/9.0.76]
2024-03-05 10:56:26,059 INFO org.apache.juli.logging.DirectJDKLog [main] Initializing Spring embedded WebApplicationContext
2024-03-05 10:56:26,059 INFO org.springframework.boot.web.servlet.context.ServletWebServerApplicationContext [main] Root WebApplicationContext: initialization completed in 1215 ms
2024-03-05 10:56:26,233 INFO org.hibernate.jpa.internal.util.LogHelper [main] HHH000204: Processing PersistenceUnitInfo [name: default]
2024-03-05 10:56:26,276 INFO org.hibernate.Version [main] HHH000412: Hibernate ORM core version 5.6.15.Final
2024-03-05 10:56:26,411 INFO org.hibernate.annotations.common.reflection.java.JavaReflectionManager [main] HCANN000001: Hibernate Commons Annotations {5.1.2.Final}
2024-03-05 10:56:26,501 INFO com.zaxxer.hikari.HikariDataSource [main] HikariPool-1 - Starting...
2024-03-05 10:56:26,646 INFO com.zaxxer.hikari.HikariDataSource [main] HikariPool-1 - Start completed.
2024-03-05 10:56:26,658 INFO org.hibernate.dialect.Dialect [main] HHH000400: Using dialect: org.hibernate.dialect.MySQL5InnoDBDialect
2024-03-05 10:56:27,175 INFO org.hibernate.engine.transaction.jta.platform.internal.JtaPlatformInitiator [main] HHH000490: Using JtaPlatform implementation: [org.hibernate.engine.transaction.jta.platform.internal.NoJtaPlatform]
2024-03-05 10:56:27,182 INFO org.springframework.orm.jpa.AbstractEntityManagerFactoryBean [main] Initialized JPA EntityManagerFactory for persistence unit 'default'
2024-03-05 10:56:27,784 WARN org.springframework.boot.autoconfigure.orm.jpa.JpaBaseConfiguration$JpaWebConfiguration [main] spring.jpa.open-in-view is enabled by default. Therefore, database queries may be performed during view rendering. Explicitly configure spring.jpa.open-in-view to disable this warning
2024-03-05 10:56:27,971 INFO org.springframework.security.web.DefaultSecurityFilterChain [main] Will secure any request with [org.springframework.security.web.session.DisableEncodeUrlFilter@7f9d40b3, org.springframework.security.web.context.request.async.WebAsyncManagerIntegrationFilter@ca2a03f, org.springframework.security.web.context.SecurityContextPersistenceFilter@17e8c38c, org.springframework.security.web.header.HeaderWriterFilter@45a9cf78, org.springframework.web.filter.CorsFilter@4a7c72af, org.springframework.security.web.authentication.logout.LogoutFilter@58932d08, com.example.newapp.jwt.AuthTokenFilter@5eba9e41, org.springframework.security.web.savedrequest.RequestCacheAwareFilter@17ea3bc0, org.springframework.security.web.servletapi.SecurityContextHolderAwareRequestFilter@1c36ab22, org.springframework.security.web.authentication.AnonymousAuthenticationFilter@3e24bab6, org.springframework.security.web.session.SessionManagementFilter@35efd12c, org.springframework.security.web.access.ExceptionTranslationFilter@6d035815, org.springframework.security.web.access.intercept.AuthorizationFilter@65d2d3cc]
2024-03-05 10:56:28,167 INFO org.quartz.impl.StdSchedulerFactory [main] Using default implementation for ThreadExecutor
2024-03-05 10:56:28,178 INFO org.quartz.core.SchedulerSignalerImpl [main] Initialized Scheduler Signaller of type: class org.quartz.core.SchedulerSignalerImpl
2024-03-05 10:56:28,178 INFO org.quartz.core.QuartzScheduler [main] Quartz Scheduler v.2.3.2 created.
2024-03-05 10:56:28,179 INFO org.quartz.simpl.RAMJobStore [main] RAMJobStore initialized.
2024-03-05 10:56:28,180 INFO org.quartz.core.QuartzScheduler [main] Scheduler meta-data: Quartz Scheduler (v2.3.2) 'quartzScheduler' with instanceId 'NON_CLUSTERED'
  Scheduler class: 'org.quartz.core.QuartzScheduler' - running locally.
  NOT STARTED.
  Currently in standby mode.
  Number of jobs executed: 0
  Using thread pool 'org.quartz.simpl.SimpleThreadPool' - with 10 threads.
  Using job-store 'org.quartz.simpl.RAMJobStore' - which does not support persistence. and is not clustered.

2024-03-05 10:56:28,180 INFO org.quartz.impl.StdSchedulerFactory [main] Quartz scheduler 'quartzScheduler' initialized from an externally provided properties instance.
2024-03-05 10:56:28,180 INFO org.quartz.impl.StdSchedulerFactory [main] Quartz scheduler version: 2.3.2
2024-03-05 10:56:28,180 INFO org.quartz.core.QuartzScheduler [main] JobFactory set to: org.springframework.scheduling.quartz.SpringBeanJobFactory@b272860
2024-03-05 10:56:28,236 INFO org.apache.juli.logging.DirectJDKLog [main] Starting ProtocolHandler ["http-nio-8890"]
2024-03-05 10:56:28,247 INFO org.springframework.boot.web.embedded.tomcat.TomcatWebServer [main] Tomcat started on port(s): 8890 (http) with context path ''
2024-03-05 10:56:28,248 INFO org.springframework.scheduling.quartz.SchedulerFactoryBean [main] Starting Quartz Scheduler now
2024-03-05 10:56:28,249 INFO org.quartz.core.QuartzScheduler [main] Scheduler quartzScheduler_$_NON_CLUSTERED started.
2024-03-05 10:56:28,258 INFO org.springframework.boot.StartupInfoLogger [main] Started NewAppApplication in 4.111 seconds (JVM running for 4.932)
2024-03-05 10:58:56,511 INFO org.apache.juli.logging.DirectJDKLog [http-nio-8890-exec-2] Initializing Spring DispatcherServlet 'dispatcherServlet'
2024-03-05 10:58:56,511 INFO org.springframework.web.servlet.FrameworkServlet [http-nio-8890-exec-2] Initializing Servlet 'dispatcherServlet'
2024-03-05 10:58:56,512 INFO org.springframework.web.servlet.FrameworkServlet [http-nio-8890-exec-2] Completed initialization in 1 ms
2024-03-05 10:58:57,118 INFO com.example.newapp.service.RefreshTokenServiceImpl [http-nio-8890-exec-2] create refresh token success : 
2024-03-05 10:58:57,119 INFO com.example.newapp.controll.AuthController [http-nio-8890-exec-2] Login Success : admin@gmail.com
2024-03-05 10:59:38,733 INFO com.example.newapp.controll.UserController [http-nio-8890-exec-3] get all website with website description 
2024-03-05 11:01:43,061 INFO com.example.newapp.controll.UserController [http-nio-8890-exec-6] get all website description with id: 43
2024-03-05 11:03:37,291 INFO com.example.newapp.controll.UserController [http-nio-8890-exec-9] get all website with website description 
2024-03-05 11:27:30,103 INFO org.quartz.core.QuartzScheduler [SpringApplicationShutdownHook] Scheduler quartzScheduler_$_NON_CLUSTERED paused.
2024-03-05 11:27:30,116 INFO org.springframework.scheduling.quartz.SchedulerFactoryBean [SpringApplicationShutdownHook] Shutting down Quartz Scheduler
2024-03-05 11:27:30,116 INFO org.quartz.core.QuartzScheduler [SpringApplicationShutdownHook] Scheduler quartzScheduler_$_NON_CLUSTERED shutting down.
2024-03-05 11:27:30,116 INFO org.quartz.core.QuartzScheduler [SpringApplicationShutdownHook] Scheduler quartzScheduler_$_NON_CLUSTERED paused.
2024-03-05 11:27:30,117 INFO org.quartz.core.QuartzScheduler [SpringApplicationShutdownHook] Scheduler quartzScheduler_$_NON_CLUSTERED shutdown complete.
2024-03-05 11:27:30,123 INFO org.springframework.orm.jpa.AbstractEntityManagerFactoryBean [SpringApplicationShutdownHook] Closing JPA EntityManagerFactory for persistence unit 'default'
2024-03-05 11:27:30,125 INFO com.zaxxer.hikari.HikariDataSource [SpringApplicationShutdownHook] HikariPool-1 - Shutdown initiated...
2024-03-05 11:27:30,128 INFO com.zaxxer.hikari.HikariDataSource [SpringApplicationShutdownHook] HikariPool-1 - Shutdown completed.
2024-03-05 11:50:53,172 INFO org.springframework.boot.StartupInfoLogger [main] Starting NewAppApplication using Java 17.0.10 on dev-HP-Laptop-14-bs1xx with PID 4966 (/home/dev/Java_Python/Crawler_Java/target/classes started by dev in /home/dev/Java_Python/Crawler_Java)
2024-03-05 11:50:53,176 INFO org.springframework.boot.SpringApplication [main] No active profile set, falling back to 1 default profile: "default"
2024-03-05 11:50:53,858 INFO org.springframework.data.repository.config.RepositoryConfigurationDelegate [main] Bootstrapping Spring Data JPA repositories in DEFAULT mode.
2024-03-05 11:50:53,914 INFO org.springframework.data.repository.config.RepositoryConfigurationDelegate [main] Finished Spring Data repository scanning in 47 ms. Found 4 JPA repository interfaces.
2024-03-05 11:50:54,473 INFO org.springframework.boot.web.embedded.tomcat.TomcatWebServer [main] Tomcat initialized with port(s): 8890 (http)
2024-03-05 11:50:54,480 INFO org.apache.juli.logging.DirectJDKLog [main] Initializing ProtocolHandler ["http-nio-8890"]
2024-03-05 11:50:54,481 INFO org.apache.juli.logging.DirectJDKLog [main] Starting service [Tomcat]
2024-03-05 11:50:54,482 INFO org.apache.juli.logging.DirectJDKLog [main] Starting Servlet engine: [Apache Tomcat/9.0.76]
2024-03-05 11:50:54,545 INFO org.apache.juli.logging.DirectJDKLog [main] Initializing Spring embedded WebApplicationContext
2024-03-05 11:50:54,545 INFO org.springframework.boot.web.servlet.context.ServletWebServerApplicationContext [main] Root WebApplicationContext: initialization completed in 1320 ms
2024-03-05 11:50:54,715 INFO org.hibernate.jpa.internal.util.LogHelper [main] HHH000204: Processing PersistenceUnitInfo [name: default]
2024-03-05 11:50:54,770 INFO org.hibernate.Version [main] HHH000412: Hibernate ORM core version 5.6.15.Final
2024-03-05 11:50:54,931 INFO org.hibernate.annotations.common.reflection.java.JavaReflectionManager [main] HCANN000001: Hibernate Commons Annotations {5.1.2.Final}
2024-03-05 11:50:55,028 INFO com.zaxxer.hikari.HikariDataSource [main] HikariPool-1 - Starting...
2024-03-05 11:50:55,192 INFO com.zaxxer.hikari.HikariDataSource [main] HikariPool-1 - Start completed.
2024-03-05 11:50:55,207 INFO org.hibernate.dialect.Dialect [main] HHH000400: Using dialect: org.hibernate.dialect.MySQL5InnoDBDialect
2024-03-05 11:50:55,776 INFO org.hibernate.engine.transaction.jta.platform.internal.JtaPlatformInitiator [main] HHH000490: Using JtaPlatform implementation: [org.hibernate.engine.transaction.jta.platform.internal.NoJtaPlatform]
2024-03-05 11:50:55,783 INFO org.springframework.orm.jpa.AbstractEntityManagerFactoryBean [main] Initialized JPA EntityManagerFactory for persistence unit 'default'
2024-03-05 11:50:56,432 WARN org.springframework.boot.autoconfigure.orm.jpa.JpaBaseConfiguration$JpaWebConfiguration [main] spring.jpa.open-in-view is enabled by default. Therefore, database queries may be performed during view rendering. Explicitly configure spring.jpa.open-in-view to disable this warning
2024-03-05 11:50:56,620 INFO org.springframework.security.web.DefaultSecurityFilterChain [main] Will secure any request with [org.springframework.security.web.session.DisableEncodeUrlFilter@66ab088c, org.springframework.security.web.context.request.async.WebAsyncManagerIntegrationFilter@5d01a2eb, org.springframework.security.web.context.SecurityContextPersistenceFilter@766db6f9, org.springframework.security.web.header.HeaderWriterFilter@3f62d56, org.springframework.web.filter.CorsFilter@6fe337a5, org.springframework.security.web.authentication.logout.LogoutFilter@219db855, com.example.newapp.jwt.AuthTokenFilter@55c341d0, org.springframework.security.web.savedrequest.RequestCacheAwareFilter@728535c6, org.springframework.security.web.servletapi.SecurityContextHolderAwareRequestFilter@19855799, org.springframework.security.web.authentication.AnonymousAuthenticationFilter@7d60bd5a, org.springframework.security.web.session.SessionManagementFilter@742dbac8, org.springframework.security.web.access.ExceptionTranslationFilter@1aee6983, org.springframework.security.web.access.intercept.AuthorizationFilter@57ed8f95]
2024-03-05 11:50:56,843 INFO org.quartz.impl.StdSchedulerFactory [main] Using default implementation for ThreadExecutor
2024-03-05 11:50:56,855 INFO org.quartz.core.SchedulerSignalerImpl [main] Initialized Scheduler Signaller of type: class org.quartz.core.SchedulerSignalerImpl
2024-03-05 11:50:56,855 INFO org.quartz.core.QuartzScheduler [main] Quartz Scheduler v.2.3.2 created.
2024-03-05 11:50:56,856 INFO org.quartz.simpl.RAMJobStore [main] RAMJobStore initialized.
2024-03-05 11:50:56,857 INFO org.quartz.core.QuartzScheduler [main] Scheduler meta-data: Quartz Scheduler (v2.3.2) 'quartzScheduler' with instanceId 'NON_CLUSTERED'
  Scheduler class: 'org.quartz.core.QuartzScheduler' - running locally.
  NOT STARTED.
  Currently in standby mode.
  Number of jobs executed: 0
  Using thread pool 'org.quartz.simpl.SimpleThreadPool' - with 10 threads.
  Using job-store 'org.quartz.simpl.RAMJobStore' - which does not support persistence. and is not clustered.

2024-03-05 11:50:56,857 INFO org.quartz.impl.StdSchedulerFactory [main] Quartz scheduler 'quartzScheduler' initialized from an externally provided properties instance.
2024-03-05 11:50:56,857 INFO org.quartz.impl.StdSchedulerFactory [main] Quartz scheduler version: 2.3.2
2024-03-05 11:50:56,858 INFO org.quartz.core.QuartzScheduler [main] JobFactory set to: org.springframework.scheduling.quartz.SpringBeanJobFactory@a74c940
2024-03-05 11:50:56,921 INFO org.apache.juli.logging.DirectJDKLog [main] Starting ProtocolHandler ["http-nio-8890"]
2024-03-05 11:50:56,934 INFO org.springframework.boot.web.embedded.tomcat.TomcatWebServer [main] Tomcat started on port(s): 8890 (http) with context path ''
2024-03-05 11:50:56,935 INFO org.springframework.scheduling.quartz.SchedulerFactoryBean [main] Starting Quartz Scheduler now
2024-03-05 11:50:56,935 INFO org.quartz.core.QuartzScheduler [main] Scheduler quartzScheduler_$_NON_CLUSTERED started.
2024-03-05 11:50:56,952 INFO org.springframework.boot.StartupInfoLogger [main] Started NewAppApplication in 4.328 seconds (JVM running for 5.084)
2024-03-05 13:05:26,974 INFO org.quartz.core.QuartzScheduler [SpringApplicationShutdownHook] Scheduler quartzScheduler_$_NON_CLUSTERED paused.
2024-03-05 13:05:26,987 INFO org.springframework.scheduling.quartz.SchedulerFactoryBean [SpringApplicationShutdownHook] Shutting down Quartz Scheduler
2024-03-05 13:05:26,988 INFO org.quartz.core.QuartzScheduler [SpringApplicationShutdownHook] Scheduler quartzScheduler_$_NON_CLUSTERED shutting down.
2024-03-05 13:05:26,988 INFO org.quartz.core.QuartzScheduler [SpringApplicationShutdownHook] Scheduler quartzScheduler_$_NON_CLUSTERED paused.
2024-03-05 13:05:26,988 INFO org.quartz.core.QuartzScheduler [SpringApplicationShutdownHook] Scheduler quartzScheduler_$_NON_CLUSTERED shutdown complete.
2024-03-05 13:05:26,993 INFO org.springframework.orm.jpa.AbstractEntityManagerFactoryBean [SpringApplicationShutdownHook] Closing JPA EntityManagerFactory for persistence unit 'default'
2024-03-05 13:05:26,995 INFO com.zaxxer.hikari.HikariDataSource [SpringApplicationShutdownHook] HikariPool-1 - Shutdown initiated...
2024-03-05 13:05:26,998 INFO com.zaxxer.hikari.HikariDataSource [SpringApplicationShutdownHook] HikariPool-1 - Shutdown completed.
2024-03-05 13:05:31,459 INFO org.springframework.boot.StartupInfoLogger [main] Starting NewAppApplication using Java 17.0.10 on dev-HP-Laptop-14-bs1xx with PID 5542 (/home/dev/Java_Python/Crawler_Java/target/classes started by dev in /home/dev/Java_Python/Crawler_Java)
2024-03-05 13:05:31,463 INFO org.springframework.boot.SpringApplication [main] No active profile set, falling back to 1 default profile: "default"
2024-03-05 13:05:32,047 INFO org.springframework.data.repository.config.RepositoryConfigurationDelegate [main] Bootstrapping Spring Data JPA repositories in DEFAULT mode.
2024-03-05 13:05:32,098 INFO org.springframework.data.repository.config.RepositoryConfigurationDelegate [main] Finished Spring Data repository scanning in 44 ms. Found 4 JPA repository interfaces.
2024-03-05 13:05:32,602 INFO org.springframework.boot.web.embedded.tomcat.TomcatWebServer [main] Tomcat initialized with port(s): 8890 (http)
2024-03-05 13:05:32,609 INFO org.apache.juli.logging.DirectJDKLog [main] Initializing ProtocolHandler ["http-nio-8890"]
2024-03-05 13:05:32,610 INFO org.apache.juli.logging.DirectJDKLog [main] Starting service [Tomcat]
2024-03-05 13:05:32,610 INFO org.apache.juli.logging.DirectJDKLog [main] Starting Servlet engine: [Apache Tomcat/9.0.76]
2024-03-05 13:05:32,676 INFO org.apache.juli.logging.DirectJDKLog [main] Initializing Spring embedded WebApplicationContext
2024-03-05 13:05:32,677 INFO org.springframework.boot.web.servlet.context.ServletWebServerApplicationContext [main] Root WebApplicationContext: initialization completed in 1164 ms
2024-03-05 13:05:32,835 INFO org.hibernate.jpa.internal.util.LogHelper [main] HHH000204: Processing PersistenceUnitInfo [name: default]
2024-03-05 13:05:32,870 INFO org.hibernate.Version [main] HHH000412: Hibernate ORM core version 5.6.15.Final
2024-03-05 13:05:32,985 INFO org.hibernate.annotations.common.reflection.java.JavaReflectionManager [main] HCANN000001: Hibernate Commons Annotations {5.1.2.Final}
2024-03-05 13:05:33,064 INFO com.zaxxer.hikari.HikariDataSource [main] HikariPool-1 - Starting...
2024-03-05 13:05:33,198 INFO com.zaxxer.hikari.HikariDataSource [main] HikariPool-1 - Start completed.
2024-03-05 13:05:33,210 INFO org.hibernate.dialect.Dialect [main] HHH000400: Using dialect: org.hibernate.dialect.MySQL5InnoDBDialect
2024-03-05 13:05:33,699 INFO org.hibernate.engine.transaction.jta.platform.internal.JtaPlatformInitiator [main] HHH000490: Using JtaPlatform implementation: [org.hibernate.engine.transaction.jta.platform.internal.NoJtaPlatform]
2024-03-05 13:05:33,707 INFO org.springframework.orm.jpa.AbstractEntityManagerFactoryBean [main] Initialized JPA EntityManagerFactory for persistence unit 'default'
2024-03-05 13:05:34,296 WARN org.springframework.boot.autoconfigure.orm.jpa.JpaBaseConfiguration$JpaWebConfiguration [main] spring.jpa.open-in-view is enabled by default. Therefore, database queries may be performed during view rendering. Explicitly configure spring.jpa.open-in-view to disable this warning
2024-03-05 13:05:34,475 INFO org.springframework.security.web.DefaultSecurityFilterChain [main] Will secure any request with [org.springframework.security.web.session.DisableEncodeUrlFilter@440d2d64, org.springframework.security.web.context.request.async.WebAsyncManagerIntegrationFilter@1a712f12, org.springframework.security.web.context.SecurityContextPersistenceFilter@78b44fcb, org.springframework.security.web.header.HeaderWriterFilter@3c4e23be, org.springframework.web.filter.CorsFilter@62525dd3, org.springframework.security.web.authentication.logout.LogoutFilter@23ffc910, com.example.newapp.jwt.AuthTokenFilter@acd115d, org.springframework.security.web.savedrequest.RequestCacheAwareFilter@41b2123e, org.springframework.security.web.servletapi.SecurityContextHolderAwareRequestFilter@5e9671e6, org.springframework.security.web.authentication.AnonymousAuthenticationFilter@56adbb07, org.springframework.security.web.session.SessionManagementFilter@4a9412c4, org.springframework.security.web.access.ExceptionTranslationFilter@5b7b0ada, org.springframework.security.web.access.intercept.AuthorizationFilter@5c20505f]
2024-03-05 13:05:34,660 INFO org.quartz.impl.StdSchedulerFactory [main] Using default implementation for ThreadExecutor
2024-03-05 13:05:34,670 INFO org.quartz.core.SchedulerSignalerImpl [main] Initialized Scheduler Signaller of type: class org.quartz.core.SchedulerSignalerImpl
2024-03-05 13:05:34,670 INFO org.quartz.core.QuartzScheduler [main] Quartz Scheduler v.2.3.2 created.
2024-03-05 13:05:34,671 INFO org.quartz.simpl.RAMJobStore [main] RAMJobStore initialized.
2024-03-05 13:05:34,671 INFO org.quartz.core.QuartzScheduler [main] Scheduler meta-data: Quartz Scheduler (v2.3.2) 'quartzScheduler' with instanceId 'NON_CLUSTERED'
  Scheduler class: 'org.quartz.core.QuartzScheduler' - running locally.
  NOT STARTED.
  Currently in standby mode.
  Number of jobs executed: 0
  Using thread pool 'org.quartz.simpl.SimpleThreadPool' - with 10 threads.
  Using job-store 'org.quartz.simpl.RAMJobStore' - which does not support persistence. and is not clustered.

2024-03-05 13:05:34,672 INFO org.quartz.impl.StdSchedulerFactory [main] Quartz scheduler 'quartzScheduler' initialized from an externally provided properties instance.
2024-03-05 13:05:34,672 INFO org.quartz.impl.StdSchedulerFactory [main] Quartz scheduler version: 2.3.2
2024-03-05 13:05:34,672 INFO org.quartz.core.QuartzScheduler [main] JobFactory set to: org.springframework.scheduling.quartz.SpringBeanJobFactory@2b9615cb
2024-03-05 13:05:34,728 INFO org.apache.juli.logging.DirectJDKLog [main] Starting ProtocolHandler ["http-nio-8890"]
2024-03-05 13:05:34,738 INFO org.springframework.boot.web.embedded.tomcat.TomcatWebServer [main] Tomcat started on port(s): 8890 (http) with context path ''
2024-03-05 13:05:34,740 INFO org.springframework.scheduling.quartz.SchedulerFactoryBean [main] Starting Quartz Scheduler now
2024-03-05 13:05:34,740 INFO org.quartz.core.QuartzScheduler [main] Scheduler quartzScheduler_$_NON_CLUSTERED started.
2024-03-05 13:05:34,763 INFO org.springframework.boot.StartupInfoLogger [main] Started NewAppApplication in 3.781 seconds (JVM running for 4.292)
2024-03-05 13:05:44,143 INFO org.quartz.core.QuartzScheduler [SpringApplicationShutdownHook] Scheduler quartzScheduler_$_NON_CLUSTERED paused.
2024-03-05 13:05:44,153 INFO org.springframework.scheduling.quartz.SchedulerFactoryBean [SpringApplicationShutdownHook] Shutting down Quartz Scheduler
2024-03-05 13:05:44,153 INFO org.quartz.core.QuartzScheduler [SpringApplicationShutdownHook] Scheduler quartzScheduler_$_NON_CLUSTERED shutting down.
2024-03-05 13:05:44,153 INFO org.quartz.core.QuartzScheduler [SpringApplicationShutdownHook] Scheduler quartzScheduler_$_NON_CLUSTERED paused.
2024-03-05 13:05:44,153 INFO org.quartz.core.QuartzScheduler [SpringApplicationShutdownHook] Scheduler quartzScheduler_$_NON_CLUSTERED shutdown complete.
2024-03-05 13:05:44,156 INFO org.springframework.orm.jpa.AbstractEntityManagerFactoryBean [SpringApplicationShutdownHook] Closing JPA EntityManagerFactory for persistence unit 'default'
2024-03-05 13:05:44,157 INFO com.zaxxer.hikari.HikariDataSource [SpringApplicationShutdownHook] HikariPool-1 - Shutdown initiated...
2024-03-05 13:05:44,165 INFO com.zaxxer.hikari.HikariDataSource [SpringApplicationShutdownHook] HikariPool-1 - Shutdown completed.
2024-03-05 13:05:54,952 INFO org.springframework.boot.StartupInfoLogger [main] Starting NewAppApplication using Java 17.0.10 on dev-HP-Laptop-14-bs1xx with PID 5700 (/home/dev/Java_Python/Crawler_Java/target/classes started by dev in /home/dev/Java_Python/Crawler_Java)
2024-03-05 13:05:54,955 INFO org.springframework.boot.SpringApplication [main] No active profile set, falling back to 1 default profile: "default"
2024-03-05 13:05:55,570 INFO org.springframework.data.repository.config.RepositoryConfigurationDelegate [main] Bootstrapping Spring Data JPA repositories in DEFAULT mode.
2024-03-05 13:05:55,618 INFO org.springframework.data.repository.config.RepositoryConfigurationDelegate [main] Finished Spring Data repository scanning in 40 ms. Found 4 JPA repository interfaces.
2024-03-05 13:05:56,112 INFO org.springframework.boot.web.embedded.tomcat.TomcatWebServer [main] Tomcat initialized with port(s): 8890 (http)
2024-03-05 13:05:56,119 INFO org.apache.juli.logging.DirectJDKLog [main] Initializing ProtocolHandler ["http-nio-8890"]
2024-03-05 13:05:56,120 INFO org.apache.juli.logging.DirectJDKLog [main] Starting service [Tomcat]
2024-03-05 13:05:56,120 INFO org.apache.juli.logging.DirectJDKLog [main] Starting Servlet engine: [Apache Tomcat/9.0.76]
2024-03-05 13:05:56,188 INFO org.apache.juli.logging.DirectJDKLog [main] Initializing Spring embedded WebApplicationContext
2024-03-05 13:05:56,188 INFO org.springframework.boot.web.servlet.context.ServletWebServerApplicationContext [main] Root WebApplicationContext: initialization completed in 1187 ms
2024-03-05 13:05:56,347 INFO org.hibernate.jpa.internal.util.LogHelper [main] HHH000204: Processing PersistenceUnitInfo [name: default]
2024-03-05 13:05:56,386 INFO org.hibernate.Version [main] HHH000412: Hibernate ORM core version 5.6.15.Final
2024-03-05 13:05:56,506 INFO org.hibernate.annotations.common.reflection.java.JavaReflectionManager [main] HCANN000001: Hibernate Commons Annotations {5.1.2.Final}
2024-03-05 13:05:56,581 INFO com.zaxxer.hikari.HikariDataSource [main] HikariPool-1 - Starting...
2024-03-05 13:05:56,721 INFO com.zaxxer.hikari.HikariDataSource [main] HikariPool-1 - Start completed.
2024-03-05 13:05:56,732 INFO org.hibernate.dialect.Dialect [main] HHH000400: Using dialect: org.hibernate.dialect.MySQL5InnoDBDialect
2024-03-05 13:05:57,215 INFO org.hibernate.engine.transaction.jta.platform.internal.JtaPlatformInitiator [main] HHH000490: Using JtaPlatform implementation: [org.hibernate.engine.transaction.jta.platform.internal.NoJtaPlatform]
2024-03-05 13:05:57,222 INFO org.springframework.orm.jpa.AbstractEntityManagerFactoryBean [main] Initialized JPA EntityManagerFactory for persistence unit 'default'
2024-03-05 13:05:57,818 WARN org.springframework.boot.autoconfigure.orm.jpa.JpaBaseConfiguration$JpaWebConfiguration [main] spring.jpa.open-in-view is enabled by default. Therefore, database queries may be performed during view rendering. Explicitly configure spring.jpa.open-in-view to disable this warning
2024-03-05 13:05:57,992 INFO org.springframework.security.web.DefaultSecurityFilterChain [main] Will secure any request with [org.springframework.security.web.session.DisableEncodeUrlFilter@cce92b5, org.springframework.security.web.context.request.async.WebAsyncManagerIntegrationFilter@2202c92f, org.springframework.security.web.context.SecurityContextPersistenceFilter@7d15c513, org.springframework.security.web.header.HeaderWriterFilter@5b7b0ada, org.springframework.web.filter.CorsFilter@440d2d64, org.springframework.security.web.authentication.logout.LogoutFilter@138b9abe, com.example.newapp.jwt.AuthTokenFilter@acd115d, org.springframework.security.web.savedrequest.RequestCacheAwareFilter@78b44fcb, org.springframework.security.web.servletapi.SecurityContextHolderAwareRequestFilter@41b2123e, org.springframework.security.web.authentication.AnonymousAuthenticationFilter@1a712f12, org.springframework.security.web.session.SessionManagementFilter@219dd935, org.springframework.security.web.access.ExceptionTranslationFilter@219db855, org.springframework.security.web.access.intercept.AuthorizationFilter@3163e03b]
2024-03-05 13:05:58,171 INFO org.quartz.impl.StdSchedulerFactory [main] Using default implementation for ThreadExecutor
2024-03-05 13:05:58,181 INFO org.quartz.core.SchedulerSignalerImpl [main] Initialized Scheduler Signaller of type: class org.quartz.core.SchedulerSignalerImpl
2024-03-05 13:05:58,181 INFO org.quartz.core.QuartzScheduler [main] Quartz Scheduler v.2.3.2 created.
2024-03-05 13:05:58,182 INFO org.quartz.simpl.RAMJobStore [main] RAMJobStore initialized.
2024-03-05 13:05:58,182 INFO org.quartz.core.QuartzScheduler [main] Scheduler meta-data: Quartz Scheduler (v2.3.2) 'quartzScheduler' with instanceId 'NON_CLUSTERED'
  Scheduler class: 'org.quartz.core.QuartzScheduler' - running locally.
  NOT STARTED.
  Currently in standby mode.
  Number of jobs executed: 0
  Using thread pool 'org.quartz.simpl.SimpleThreadPool' - with 10 threads.
  Using job-store 'org.quartz.simpl.RAMJobStore' - which does not support persistence. and is not clustered.

2024-03-05 13:05:58,182 INFO org.quartz.impl.StdSchedulerFactory [main] Quartz scheduler 'quartzScheduler' initialized from an externally provided properties instance.
2024-03-05 13:05:58,182 INFO org.quartz.impl.StdSchedulerFactory [main] Quartz scheduler version: 2.3.2
2024-03-05 13:05:58,183 INFO org.quartz.core.QuartzScheduler [main] JobFactory set to: org.springframework.scheduling.quartz.SpringBeanJobFactory@3f2169e9
2024-03-05 13:05:58,243 INFO org.apache.juli.logging.DirectJDKLog [main] Starting ProtocolHandler ["http-nio-8890"]
2024-03-05 13:05:58,258 INFO org.springframework.boot.web.embedded.tomcat.TomcatWebServer [main] Tomcat started on port(s): 8890 (http) with context path ''
2024-03-05 13:05:58,259 INFO org.springframework.scheduling.quartz.SchedulerFactoryBean [main] Starting Quartz Scheduler now
2024-03-05 13:05:58,259 INFO org.quartz.core.QuartzScheduler [main] Scheduler quartzScheduler_$_NON_CLUSTERED started.
2024-03-05 13:05:58,270 INFO org.springframework.boot.StartupInfoLogger [main] Started NewAppApplication in 3.778 seconds (JVM running for 4.298)
2024-03-05 13:07:07,920 INFO org.springframework.boot.StartupInfoLogger [main] Starting NewAppApplication using Java 11.0.19 on dev-HP-Laptop-14-bs1xx with PID 6248 (/home/dev/Java_Python/Crawler_Java/target/classes started by dev in /home/dev/Java_Python/Crawler_Java)
2024-03-05 13:07:07,922 INFO org.springframework.boot.SpringApplication [main] No active profile set, falling back to 1 default profile: "default"
2024-03-05 13:07:08,517 INFO org.springframework.data.repository.config.RepositoryConfigurationDelegate [main] Bootstrapping Spring Data JPA repositories in DEFAULT mode.
2024-03-05 13:07:08,578 INFO org.springframework.data.repository.config.RepositoryConfigurationDelegate [main] Finished Spring Data repository scanning in 52 ms. Found 4 JPA repository interfaces.
2024-03-05 13:07:09,181 INFO org.springframework.boot.web.embedded.tomcat.TomcatWebServer [main] Tomcat initialized with port(s): 8890 (http)
2024-03-05 13:07:09,182 INFO org.apache.juli.logging.DirectJDKLog [main] An older version [1.2.21] of the Apache Tomcat Native library is installed, while Tomcat recommends a minimum version of [1.2.30]
2024-03-05 13:07:09,183 INFO org.apache.juli.logging.DirectJDKLog [main] Loaded Apache Tomcat Native library [1.2.21] using APR version [1.6.3].
2024-03-05 13:07:09,183 INFO org.apache.juli.logging.DirectJDKLog [main] APR capabilities: IPv6 [true], sendfile [true], accept filters [false], random [true], UDS [false].
2024-03-05 13:07:09,183 INFO org.apache.juli.logging.DirectJDKLog [main] APR/OpenSSL configuration: useAprConnector [false], useOpenSSL [true]
2024-03-05 13:07:09,186 INFO org.apache.juli.logging.DirectJDKLog [main] OpenSSL successfully initialized [OpenSSL 1.1.1  11 Sep 2018]
2024-03-05 13:07:09,193 INFO org.apache.juli.logging.DirectJDKLog [main] Initializing ProtocolHandler ["http-nio-8890"]
2024-03-05 13:07:09,195 INFO org.apache.juli.logging.DirectJDKLog [main] Starting service [Tomcat]
2024-03-05 13:07:09,196 INFO org.apache.juli.logging.DirectJDKLog [main] Starting Servlet engine: [Apache Tomcat/9.0.76]
2024-03-05 13:07:09,296 INFO org.apache.juli.logging.DirectJDKLog [main] Initializing Spring embedded WebApplicationContext
2024-03-05 13:07:09,296 INFO org.springframework.boot.web.servlet.context.ServletWebServerApplicationContext [main] Root WebApplicationContext: initialization completed in 1336 ms
2024-03-05 13:07:09,498 INFO org.hibernate.jpa.internal.util.LogHelper [main] HHH000204: Processing PersistenceUnitInfo [name: default]
2024-03-05 13:07:09,547 INFO org.hibernate.Version [main] HHH000412: Hibernate ORM core version 5.6.15.Final
2024-03-05 13:07:09,703 INFO org.hibernate.annotations.common.reflection.java.JavaReflectionManager [main] HCANN000001: Hibernate Commons Annotations {5.1.2.Final}
2024-03-05 13:07:09,787 INFO com.zaxxer.hikari.HikariDataSource [main] HikariPool-1 - Starting...
2024-03-05 13:07:09,952 INFO com.zaxxer.hikari.HikariDataSource [main] HikariPool-1 - Start completed.
2024-03-05 13:07:09,965 INFO org.hibernate.dialect.Dialect [main] HHH000400: Using dialect: org.hibernate.dialect.MySQL5InnoDBDialect
2024-03-05 13:07:10,532 INFO org.hibernate.engine.transaction.jta.platform.internal.JtaPlatformInitiator [main] HHH000490: Using JtaPlatform implementation: [org.hibernate.engine.transaction.jta.platform.internal.NoJtaPlatform]
2024-03-05 13:07:10,541 INFO org.springframework.orm.jpa.AbstractEntityManagerFactoryBean [main] Initialized JPA EntityManagerFactory for persistence unit 'default'
2024-03-05 13:07:11,193 WARN org.springframework.boot.autoconfigure.orm.jpa.JpaBaseConfiguration$JpaWebConfiguration [main] spring.jpa.open-in-view is enabled by default. Therefore, database queries may be performed during view rendering. Explicitly configure spring.jpa.open-in-view to disable this warning
2024-03-05 13:07:11,399 INFO org.springframework.security.web.DefaultSecurityFilterChain [main] Will secure any request with [org.springframework.security.web.session.DisableEncodeUrlFilter@606f0f70, org.springframework.security.web.context.request.async.WebAsyncManagerIntegrationFilter@1a53ac0c, org.springframework.security.web.context.SecurityContextPersistenceFilter@5f8d4b51, org.springframework.security.web.header.HeaderWriterFilter@ea45a5b, org.springframework.web.filter.CorsFilter@7fdf7359, org.springframework.security.web.authentication.logout.LogoutFilter@6956eb58, com.example.newapp.jwt.AuthTokenFilter@2336d3f, org.springframework.security.web.savedrequest.RequestCacheAwareFilter@5e5a2b74, org.springframework.security.web.servletapi.SecurityContextHolderAwareRequestFilter@50628080, org.springframework.security.web.authentication.AnonymousAuthenticationFilter@4a36a35d, org.springframework.security.web.session.SessionManagementFilter@69dc7b24, org.springframework.security.web.access.ExceptionTranslationFilter@759b05d1, org.springframework.security.web.access.intercept.AuthorizationFilter@2f8ab988]
2024-03-05 13:07:11,606 INFO org.quartz.impl.StdSchedulerFactory [main] Using default implementation for ThreadExecutor
2024-03-05 13:07:11,618 INFO org.quartz.core.SchedulerSignalerImpl [main] Initialized Scheduler Signaller of type: class org.quartz.core.SchedulerSignalerImpl
2024-03-05 13:07:11,619 INFO org.quartz.core.QuartzScheduler [main] Quartz Scheduler v.2.3.2 created.
2024-03-05 13:07:11,620 INFO org.quartz.simpl.RAMJobStore [main] RAMJobStore initialized.
2024-03-05 13:07:11,621 INFO org.quartz.core.QuartzScheduler [main] Scheduler meta-data: Quartz Scheduler (v2.3.2) 'quartzScheduler' with instanceId 'NON_CLUSTERED'
  Scheduler class: 'org.quartz.core.QuartzScheduler' - running locally.
  NOT STARTED.
  Currently in standby mode.
  Number of jobs executed: 0
  Using thread pool 'org.quartz.simpl.SimpleThreadPool' - with 10 threads.
  Using job-store 'org.quartz.simpl.RAMJobStore' - which does not support persistence. and is not clustered.

2024-03-05 13:07:11,621 INFO org.quartz.impl.StdSchedulerFactory [main] Quartz scheduler 'quartzScheduler' initialized from an externally provided properties instance.
2024-03-05 13:07:11,621 INFO org.quartz.impl.StdSchedulerFactory [main] Quartz scheduler version: 2.3.2
2024-03-05 13:07:11,621 INFO org.quartz.core.QuartzScheduler [main] JobFactory set to: org.springframework.scheduling.quartz.SpringBeanJobFactory@4df5f119
2024-03-05 13:07:11,684 INFO org.apache.juli.logging.DirectJDKLog [main] Starting ProtocolHandler ["http-nio-8890"]
2024-03-05 13:07:11,693 WARN org.springframework.context.support.AbstractApplicationContext [main] Exception encountered during context initialization - cancelling refresh attempt: org.springframework.context.ApplicationContextException: Failed to start bean 'webServerStartStop'; nested exception is org.springframework.boot.web.server.PortInUseException: Port 8890 is already in use
2024-03-05 13:07:11,693 INFO org.springframework.scheduling.quartz.SchedulerFactoryBean [main] Shutting down Quartz Scheduler
2024-03-05 13:07:11,693 INFO org.quartz.core.QuartzScheduler [main] Scheduler quartzScheduler_$_NON_CLUSTERED shutting down.
2024-03-05 13:07:11,694 INFO org.quartz.core.QuartzScheduler [main] Scheduler quartzScheduler_$_NON_CLUSTERED paused.
2024-03-05 13:07:11,694 INFO org.quartz.core.QuartzScheduler [main] Scheduler quartzScheduler_$_NON_CLUSTERED shutdown complete.
2024-03-05 13:07:11,697 INFO org.springframework.orm.jpa.AbstractEntityManagerFactoryBean [main] Closing JPA EntityManagerFactory for persistence unit 'default'
2024-03-05 13:07:11,698 INFO com.zaxxer.hikari.HikariDataSource [main] HikariPool-1 - Shutdown initiated...
2024-03-05 13:07:11,708 INFO com.zaxxer.hikari.HikariDataSource [main] HikariPool-1 - Shutdown completed.
2024-03-05 13:07:11,710 INFO org.apache.juli.logging.DirectJDKLog [main] Pausing ProtocolHandler ["http-nio-8890"]
2024-03-05 13:07:11,710 INFO org.apache.juli.logging.DirectJDKLog [main] Stopping service [Tomcat]
2024-03-05 13:07:11,713 INFO org.apache.juli.logging.DirectJDKLog [main] Stopping ProtocolHandler ["http-nio-8890"]
2024-03-05 13:07:11,714 INFO org.apache.juli.logging.DirectJDKLog [main] Destroying ProtocolHandler ["http-nio-8890"]
2024-03-05 13:07:11,723 INFO org.springframework.boot.autoconfigure.logging.ConditionEvaluationReportLoggingListener [main] 

Error starting ApplicationContext. To display the conditions report re-run your application with 'debug' enabled.
2024-03-05 13:07:11,740 ERROR org.springframework.boot.diagnostics.LoggingFailureAnalysisReporter [main] 

***************************
APPLICATION FAILED TO START
***************************

Description:

Web server failed to start. Port 8890 was already in use.

Action:

Identify and stop the process that's listening on port 8890 or configure this application to listen on another port.

2024-03-05 13:08:03,299 INFO org.quartz.core.QuartzScheduler [SpringApplicationShutdownHook] Scheduler quartzScheduler_$_NON_CLUSTERED paused.
2024-03-05 13:08:03,307 INFO org.springframework.scheduling.quartz.SchedulerFactoryBean [SpringApplicationShutdownHook] Shutting down Quartz Scheduler
2024-03-05 13:08:03,307 INFO org.quartz.core.QuartzScheduler [SpringApplicationShutdownHook] Scheduler quartzScheduler_$_NON_CLUSTERED shutting down.
2024-03-05 13:08:03,307 INFO org.quartz.core.QuartzScheduler [SpringApplicationShutdownHook] Scheduler quartzScheduler_$_NON_CLUSTERED paused.
2024-03-05 13:08:03,307 INFO org.quartz.core.QuartzScheduler [SpringApplicationShutdownHook] Scheduler quartzScheduler_$_NON_CLUSTERED shutdown complete.
2024-03-05 13:08:03,310 INFO org.springframework.orm.jpa.AbstractEntityManagerFactoryBean [SpringApplicationShutdownHook] Closing JPA EntityManagerFactory for persistence unit 'default'
2024-03-05 13:08:03,311 INFO com.zaxxer.hikari.HikariDataSource [SpringApplicationShutdownHook] HikariPool-1 - Shutdown initiated...
2024-03-05 13:08:03,317 INFO com.zaxxer.hikari.HikariDataSource [SpringApplicationShutdownHook] HikariPool-1 - Shutdown completed.
2024-03-05 15:05:09,921 INFO org.springframework.boot.StartupInfoLogger [main] Starting NewAppApplication using Java 11.0.19 on dev-HP-Laptop-14-bs1xx with PID 10678 (/home/dev/Java_Python/Crawler_Java/target/classes started by dev in /home/dev/Java_Python/Crawler_Java)
2024-03-05 15:05:09,923 INFO org.springframework.boot.SpringApplication [main] No active profile set, falling back to 1 default profile: "default"
2024-03-05 15:05:10,665 INFO org.springframework.data.repository.config.RepositoryConfigurationDelegate [main] Bootstrapping Spring Data JPA repositories in DEFAULT mode.
2024-03-05 15:05:10,747 INFO org.springframework.data.repository.config.RepositoryConfigurationDelegate [main] Finished Spring Data repository scanning in 72 ms. Found 4 JPA repository interfaces.
2024-03-05 15:05:11,413 INFO org.springframework.boot.web.embedded.tomcat.TomcatWebServer [main] Tomcat initialized with port(s): 8890 (http)
2024-03-05 15:05:11,414 INFO org.apache.juli.logging.DirectJDKLog [main] An older version [1.2.21] of the Apache Tomcat Native library is installed, while Tomcat recommends a minimum version of [1.2.30]
2024-03-05 15:05:11,415 INFO org.apache.juli.logging.DirectJDKLog [main] Loaded Apache Tomcat Native library [1.2.21] using APR version [1.6.3].
2024-03-05 15:05:11,415 INFO org.apache.juli.logging.DirectJDKLog [main] APR capabilities: IPv6 [true], sendfile [true], accept filters [false], random [true], UDS [false].
2024-03-05 15:05:11,415 INFO org.apache.juli.logging.DirectJDKLog [main] APR/OpenSSL configuration: useAprConnector [false], useOpenSSL [true]
2024-03-05 15:05:11,418 INFO org.apache.juli.logging.DirectJDKLog [main] OpenSSL successfully initialized [OpenSSL 1.1.1  11 Sep 2018]
2024-03-05 15:05:11,428 INFO org.apache.juli.logging.DirectJDKLog [main] Initializing ProtocolHandler ["http-nio-8890"]
2024-03-05 15:05:11,430 INFO org.apache.juli.logging.DirectJDKLog [main] Starting service [Tomcat]
2024-03-05 15:05:11,431 INFO org.apache.juli.logging.DirectJDKLog [main] Starting Servlet engine: [Apache Tomcat/9.0.76]
2024-03-05 15:05:11,547 INFO org.apache.juli.logging.DirectJDKLog [main] Initializing Spring embedded WebApplicationContext
2024-03-05 15:05:11,547 INFO org.springframework.boot.web.servlet.context.ServletWebServerApplicationContext [main] Root WebApplicationContext: initialization completed in 1579 ms
2024-03-05 15:05:11,757 INFO org.hibernate.jpa.internal.util.LogHelper [main] HHH000204: Processing PersistenceUnitInfo [name: default]
2024-03-05 15:05:11,800 INFO org.hibernate.Version [main] HHH000412: Hibernate ORM core version 5.6.15.Final
2024-03-05 15:05:11,975 INFO org.hibernate.annotations.common.reflection.java.JavaReflectionManager [main] HCANN000001: Hibernate Commons Annotations {5.1.2.Final}
2024-03-05 15:05:12,072 INFO com.zaxxer.hikari.HikariDataSource [main] HikariPool-1 - Starting...
2024-03-05 15:05:12,241 INFO com.zaxxer.hikari.HikariDataSource [main] HikariPool-1 - Start completed.
2024-03-05 15:05:12,255 INFO org.hibernate.dialect.Dialect [main] HHH000400: Using dialect: org.hibernate.dialect.MySQL5InnoDBDialect
2024-03-05 15:05:12,782 INFO org.hibernate.engine.transaction.jta.platform.internal.JtaPlatformInitiator [main] HHH000490: Using JtaPlatform implementation: [org.hibernate.engine.transaction.jta.platform.internal.NoJtaPlatform]
2024-03-05 15:05:12,791 INFO org.springframework.orm.jpa.AbstractEntityManagerFactoryBean [main] Initialized JPA EntityManagerFactory for persistence unit 'default'
2024-03-05 15:05:13,430 WARN org.springframework.boot.autoconfigure.orm.jpa.JpaBaseConfiguration$JpaWebConfiguration [main] spring.jpa.open-in-view is enabled by default. Therefore, database queries may be performed during view rendering. Explicitly configure spring.jpa.open-in-view to disable this warning
2024-03-05 15:05:13,664 INFO org.springframework.security.web.DefaultSecurityFilterChain [main] Will secure any request with [org.springframework.security.web.session.DisableEncodeUrlFilter@e47637c, org.springframework.security.web.context.request.async.WebAsyncManagerIntegrationFilter@606f0f70, org.springframework.security.web.context.SecurityContextPersistenceFilter@602b7944, org.springframework.security.web.header.HeaderWriterFilter@2696b687, org.springframework.web.filter.CorsFilter@1a53ac0c, org.springframework.security.web.authentication.logout.LogoutFilter@3ea1729e, com.example.newapp.jwt.AuthTokenFilter@2336d3f, org.springframework.security.web.savedrequest.RequestCacheAwareFilter@55821edf, org.springframework.security.web.servletapi.SecurityContextHolderAwareRequestFilter@658098a2, org.springframework.security.web.authentication.AnonymousAuthenticationFilter@7fdf7359, org.springframework.security.web.session.SessionManagementFilter@1f641fb7, org.springframework.security.web.access.ExceptionTranslationFilter@69d61a6f, org.springframework.security.web.access.intercept.AuthorizationFilter@2059c3ff]
2024-03-05 15:05:13,929 INFO org.quartz.impl.StdSchedulerFactory [main] Using default implementation for ThreadExecutor
2024-03-05 15:05:13,945 INFO org.quartz.core.SchedulerSignalerImpl [main] Initialized Scheduler Signaller of type: class org.quartz.core.SchedulerSignalerImpl
2024-03-05 15:05:13,946 INFO org.quartz.core.QuartzScheduler [main] Quartz Scheduler v.2.3.2 created.
2024-03-05 15:05:13,947 INFO org.quartz.simpl.RAMJobStore [main] RAMJobStore initialized.
2024-03-05 15:05:13,948 INFO org.quartz.core.QuartzScheduler [main] Scheduler meta-data: Quartz Scheduler (v2.3.2) 'quartzScheduler' with instanceId 'NON_CLUSTERED'
  Scheduler class: 'org.quartz.core.QuartzScheduler' - running locally.
  NOT STARTED.
  Currently in standby mode.
  Number of jobs executed: 0
  Using thread pool 'org.quartz.simpl.SimpleThreadPool' - with 10 threads.
  Using job-store 'org.quartz.simpl.RAMJobStore' - which does not support persistence. and is not clustered.

2024-03-05 15:05:13,948 INFO org.quartz.impl.StdSchedulerFactory [main] Quartz scheduler 'quartzScheduler' initialized from an externally provided properties instance.
2024-03-05 15:05:13,948 INFO org.quartz.impl.StdSchedulerFactory [main] Quartz scheduler version: 2.3.2
2024-03-05 15:05:13,949 INFO org.quartz.core.QuartzScheduler [main] JobFactory set to: org.springframework.scheduling.quartz.SpringBeanJobFactory@18139a43
2024-03-05 15:05:14,021 INFO org.apache.juli.logging.DirectJDKLog [main] Starting ProtocolHandler ["http-nio-8890"]
2024-03-05 15:05:14,042 INFO org.springframework.boot.web.embedded.tomcat.TomcatWebServer [main] Tomcat started on port(s): 8890 (http) with context path ''
2024-03-05 15:05:14,043 INFO org.springframework.scheduling.quartz.SchedulerFactoryBean [main] Starting Quartz Scheduler now
2024-03-05 15:05:14,043 INFO org.quartz.core.QuartzScheduler [main] Scheduler quartzScheduler_$_NON_CLUSTERED started.
2024-03-05 15:05:14,057 INFO org.springframework.boot.StartupInfoLogger [main] Started NewAppApplication in 4.581 seconds (JVM running for 5.199)
2024-03-05 15:20:26,934 INFO org.springframework.boot.admin.SpringApplicationAdminMXBeanRegistrar$SpringApplicationAdmin [RMI TCP Connection(23)-127.0.0.1] Application shutdown requested.
2024-03-05 15:20:26,937 INFO org.quartz.core.QuartzScheduler [RMI TCP Connection(23)-127.0.0.1] Scheduler quartzScheduler_$_NON_CLUSTERED paused.
2024-03-05 15:20:26,942 INFO org.apache.juli.logging.DirectJDKLog [RMI TCP Connection(23)-127.0.0.1] Pausing ProtocolHandler ["http-nio-8890"]
2024-03-05 15:20:26,942 INFO org.apache.juli.logging.DirectJDKLog [RMI TCP Connection(23)-127.0.0.1] Stopping service [Tomcat]
2024-03-05 15:20:26,947 WARN org.apache.juli.logging.DirectJDKLog [RMI TCP Connection(23)-127.0.0.1] The web application [ROOT] appears to have started a thread named [HikariPool-1 housekeeper] but has failed to stop it. This is very likely to create a memory leak. Stack trace of thread:
 java.base@11.0.19/jdk.internal.misc.Unsafe.park(Native Method)
 java.base@11.0.19/java.util.concurrent.locks.LockSupport.parkNanos(LockSupport.java:234)
 java.base@11.0.19/java.util.concurrent.locks.AbstractQueuedSynchronizer$ConditionObject.awaitNanos(AbstractQueuedSynchronizer.java:2123)
 java.base@11.0.19/java.util.concurrent.ScheduledThreadPoolExecutor$DelayedWorkQueue.take(ScheduledThreadPoolExecutor.java:1182)
 java.base@11.0.19/java.util.concurrent.ScheduledThreadPoolExecutor$DelayedWorkQueue.take(ScheduledThreadPoolExecutor.java:899)
 java.base@11.0.19/java.util.concurrent.ThreadPoolExecutor.getTask(ThreadPoolExecutor.java:1054)
 java.base@11.0.19/java.util.concurrent.ThreadPoolExecutor.runWorker(ThreadPoolExecutor.java:1114)
 java.base@11.0.19/java.util.concurrent.ThreadPoolExecutor$Worker.run(ThreadPoolExecutor.java:628)
 java.base@11.0.19/java.lang.Thread.run(Thread.java:829)
2024-03-05 15:20:26,949 INFO org.apache.juli.logging.DirectJDKLog [RMI TCP Connection(23)-127.0.0.1] Stopping ProtocolHandler ["http-nio-8890"]
2024-03-05 15:20:26,952 INFO org.apache.juli.logging.DirectJDKLog [RMI TCP Connection(23)-127.0.0.1] Destroying ProtocolHandler ["http-nio-8890"]
2024-03-05 15:20:26,954 INFO org.springframework.scheduling.quartz.SchedulerFactoryBean [RMI TCP Connection(23)-127.0.0.1] Shutting down Quartz Scheduler
2024-03-05 15:20:26,955 INFO org.quartz.core.QuartzScheduler [RMI TCP Connection(23)-127.0.0.1] Scheduler quartzScheduler_$_NON_CLUSTERED shutting down.
2024-03-05 15:20:26,955 INFO org.quartz.core.QuartzScheduler [RMI TCP Connection(23)-127.0.0.1] Scheduler quartzScheduler_$_NON_CLUSTERED paused.
2024-03-05 15:20:26,956 INFO org.quartz.core.QuartzScheduler [RMI TCP Connection(23)-127.0.0.1] Scheduler quartzScheduler_$_NON_CLUSTERED shutdown complete.
2024-03-05 15:20:26,959 INFO org.springframework.orm.jpa.AbstractEntityManagerFactoryBean [RMI TCP Connection(23)-127.0.0.1] Closing JPA EntityManagerFactory for persistence unit 'default'
2024-03-05 15:20:26,961 INFO com.zaxxer.hikari.HikariDataSource [RMI TCP Connection(23)-127.0.0.1] HikariPool-1 - Shutdown initiated...
2024-03-05 15:20:26,987 INFO com.zaxxer.hikari.HikariDataSource [RMI TCP Connection(23)-127.0.0.1] HikariPool-1 - Shutdown completed.
