2024-03-01 09:39:36,293 INFO org.springframework.boot.StartupInfoLogger [main] Starting NewAppApplication using Java 17.0.10 on dev-HP-Laptop-14-bs1xx with PID 13394 (/home/dev/Java_Python/Crawler_Java/target/classes started by dev in /home/dev/Java_Python/Crawler_Java)
2024-03-01 09:39:36,305 INFO org.springframework.boot.SpringApplication [main] No active profile set, falling back to 1 default profile: "default"
2024-03-01 09:39:36,959 INFO org.springframework.data.repository.config.RepositoryConfigurationDelegate [main] Bootstrapping Spring Data JPA repositories in DEFAULT mode.
2024-03-01 09:39:37,017 INFO org.springframework.data.repository.config.RepositoryConfigurationDelegate [main] Finished Spring Data repository scanning in 49 ms. Found 4 JPA repository interfaces.
2024-03-01 09:39:37,584 INFO org.springframework.boot.web.embedded.tomcat.TomcatWebServer [main] Tomcat initialized with port(s): 8890 (http)
2024-03-01 09:39:37,590 INFO org.apache.juli.logging.DirectJDKLog [main] Initializing ProtocolHandler ["http-nio-8890"]
2024-03-01 09:39:37,592 INFO org.apache.juli.logging.DirectJDKLog [main] Starting service [Tomcat]
2024-03-01 09:39:37,592 INFO org.apache.juli.logging.DirectJDKLog [main] Starting Servlet engine: [Apache Tomcat/9.0.76]
2024-03-01 09:39:37,677 INFO org.apache.juli.logging.DirectJDKLog [main] Initializing Spring embedded WebApplicationContext
2024-03-01 09:39:37,677 INFO org.springframework.boot.web.servlet.context.ServletWebServerApplicationContext [main] Root WebApplicationContext: initialization completed in 1327 ms
2024-03-01 09:39:37,854 INFO org.hibernate.jpa.internal.util.LogHelper [main] HHH000204: Processing PersistenceUnitInfo [name: default]
2024-03-01 09:39:37,910 INFO org.hibernate.Version [main] HHH000412: Hibernate ORM core version 5.6.15.Final
2024-03-01 09:39:38,077 INFO org.hibernate.annotations.common.reflection.java.JavaReflectionManager [main] HCANN000001: Hibernate Commons Annotations {5.1.2.Final}
2024-03-01 09:39:38,177 INFO com.zaxxer.hikari.HikariDataSource [main] HikariPool-1 - Starting...
2024-03-01 09:39:38,336 INFO com.zaxxer.hikari.HikariDataSource [main] HikariPool-1 - Start completed.
2024-03-01 09:39:38,354 INFO org.hibernate.dialect.Dialect [main] HHH000400: Using dialect: org.hibernate.dialect.MySQL5InnoDBDialect
2024-03-01 09:39:38,914 INFO org.hibernate.engine.transaction.jta.platform.internal.JtaPlatformInitiator [main] HHH000490: Using JtaPlatform implementation: [org.hibernate.engine.transaction.jta.platform.internal.NoJtaPlatform]
2024-03-01 09:39:38,922 INFO org.springframework.orm.jpa.AbstractEntityManagerFactoryBean [main] Initialized JPA EntityManagerFactory for persistence unit 'default'
2024-03-01 09:39:39,539 WARN org.springframework.boot.autoconfigure.orm.jpa.JpaBaseConfiguration$JpaWebConfiguration [main] spring.jpa.open-in-view is enabled by default. Therefore, database queries may be performed during view rendering. Explicitly configure spring.jpa.open-in-view to disable this warning
2024-03-01 09:39:39,739 INFO org.springframework.security.web.DefaultSecurityFilterChain [main] Will secure any request with [org.springframework.security.web.session.DisableEncodeUrlFilter@6f7a65e, org.springframework.security.web.context.request.async.WebAsyncManagerIntegrationFilter@29bf90fc, org.springframework.security.web.context.SecurityContextPersistenceFilter@19d13d04, org.springframework.security.web.header.HeaderWriterFilter@1d432d56, org.springframework.web.filter.CorsFilter@6e22d6bf, org.springframework.security.web.authentication.logout.LogoutFilter@39a9becc, com.example.newapp.jwt.AuthTokenFilter@4a14f7d7, org.springframework.security.web.savedrequest.RequestCacheAwareFilter@7957aa57, org.springframework.security.web.servletapi.SecurityContextHolderAwareRequestFilter@6b3bc1f6, org.springframework.security.web.authentication.AnonymousAuthenticationFilter@32121140, org.springframework.security.web.session.SessionManagementFilter@34d3bfca, org.springframework.security.web.access.ExceptionTranslationFilter@768d27e8, org.springframework.security.web.access.intercept.AuthorizationFilter@5eae392d]
2024-03-01 09:39:39,959 INFO org.apache.juli.logging.DirectJDKLog [main] Starting ProtocolHandler ["http-nio-8890"]
2024-03-01 09:39:39,972 INFO org.springframework.boot.web.embedded.tomcat.TomcatWebServer [main] Tomcat started on port(s): 8890 (http) with context path ''
2024-03-01 09:39:39,988 INFO org.springframework.boot.StartupInfoLogger [main] Started NewAppApplication in 4.199 seconds (JVM running for 4.911)
2024-03-01 09:42:08,082 INFO org.springframework.orm.jpa.AbstractEntityManagerFactoryBean [SpringApplicationShutdownHook] Closing JPA EntityManagerFactory for persistence unit 'default'
2024-03-01 09:42:08,083 INFO com.zaxxer.hikari.HikariDataSource [SpringApplicationShutdownHook] HikariPool-1 - Shutdown initiated...
2024-03-01 09:42:08,092 INFO com.zaxxer.hikari.HikariDataSource [SpringApplicationShutdownHook] HikariPool-1 - Shutdown completed.
2024-03-01 09:42:13,793 INFO org.springframework.boot.StartupInfoLogger [main] Starting NewAppApplication using Java 17.0.10 on dev-HP-Laptop-14-bs1xx with PID 13576 (/home/dev/Java_Python/Crawler_Java/target/classes started by dev in /home/dev/Java_Python/Crawler_Java)
2024-03-01 09:42:13,796 INFO org.springframework.boot.SpringApplication [main] No active profile set, falling back to 1 default profile: "default"
2024-03-01 09:42:14,355 INFO org.springframework.data.repository.config.RepositoryConfigurationDelegate [main] Bootstrapping Spring Data JPA repositories in DEFAULT mode.
2024-03-01 09:42:14,402 INFO org.springframework.data.repository.config.RepositoryConfigurationDelegate [main] Finished Spring Data repository scanning in 40 ms. Found 4 JPA repository interfaces.
2024-03-01 09:42:14,878 INFO org.springframework.boot.web.embedded.tomcat.TomcatWebServer [main] Tomcat initialized with port(s): 8890 (http)
2024-03-01 09:42:14,886 INFO org.apache.juli.logging.DirectJDKLog [main] Initializing ProtocolHandler ["http-nio-8890"]
2024-03-01 09:42:14,887 INFO org.apache.juli.logging.DirectJDKLog [main] Starting service [Tomcat]
2024-03-01 09:42:14,887 INFO org.apache.juli.logging.DirectJDKLog [main] Starting Servlet engine: [Apache Tomcat/9.0.76]
2024-03-01 09:42:14,955 INFO org.apache.juli.logging.DirectJDKLog [main] Initializing Spring embedded WebApplicationContext
2024-03-01 09:42:14,955 INFO org.springframework.boot.web.servlet.context.ServletWebServerApplicationContext [main] Root WebApplicationContext: initialization completed in 1115 ms
2024-03-01 09:42:15,111 INFO org.hibernate.jpa.internal.util.LogHelper [main] HHH000204: Processing PersistenceUnitInfo [name: default]
2024-03-01 09:42:15,148 INFO org.hibernate.Version [main] HHH000412: Hibernate ORM core version 5.6.15.Final
2024-03-01 09:42:15,267 INFO org.hibernate.annotations.common.reflection.java.JavaReflectionManager [main] HCANN000001: Hibernate Commons Annotations {5.1.2.Final}
2024-03-01 09:42:15,342 INFO com.zaxxer.hikari.HikariDataSource [main] HikariPool-1 - Starting...
2024-03-01 09:42:15,475 INFO com.zaxxer.hikari.HikariDataSource [main] HikariPool-1 - Start completed.
2024-03-01 09:42:15,486 INFO org.hibernate.dialect.Dialect [main] HHH000400: Using dialect: org.hibernate.dialect.MySQL5InnoDBDialect
2024-03-01 09:42:15,944 INFO org.hibernate.engine.transaction.jta.platform.internal.JtaPlatformInitiator [main] HHH000490: Using JtaPlatform implementation: [org.hibernate.engine.transaction.jta.platform.internal.NoJtaPlatform]
2024-03-01 09:42:15,951 INFO org.springframework.orm.jpa.AbstractEntityManagerFactoryBean [main] Initialized JPA EntityManagerFactory for persistence unit 'default'
2024-03-01 09:42:16,518 WARN org.springframework.boot.autoconfigure.orm.jpa.JpaBaseConfiguration$JpaWebConfiguration [main] spring.jpa.open-in-view is enabled by default. Therefore, database queries may be performed during view rendering. Explicitly configure spring.jpa.open-in-view to disable this warning
2024-03-01 09:42:16,729 INFO org.springframework.security.web.DefaultSecurityFilterChain [main] Will secure any request with [org.springframework.security.web.session.DisableEncodeUrlFilter@5eae392d, org.springframework.security.web.context.request.async.WebAsyncManagerIntegrationFilter@4cd1716d, org.springframework.security.web.context.SecurityContextPersistenceFilter@4d71ec5b, org.springframework.security.web.header.HeaderWriterFilter@42012093, org.springframework.web.filter.CorsFilter@3e1c5e0d, org.springframework.security.web.authentication.logout.LogoutFilter@244268a8, com.example.newapp.jwt.AuthTokenFilter@237aba92, org.springframework.security.web.savedrequest.RequestCacheAwareFilter@34d3bfca, org.springframework.security.web.servletapi.SecurityContextHolderAwareRequestFilter@2484c868, org.springframework.security.web.authentication.AnonymousAuthenticationFilter@6f7a65e, org.springframework.security.web.session.SessionManagementFilter@5e66733b, org.springframework.security.web.access.ExceptionTranslationFilter@cc7909f, org.springframework.security.web.access.intercept.AuthorizationFilter@55d8f6bb]
2024-03-01 09:42:16,953 INFO org.apache.juli.logging.DirectJDKLog [main] Starting ProtocolHandler ["http-nio-8890"]
2024-03-01 09:42:16,964 INFO org.springframework.boot.web.embedded.tomcat.TomcatWebServer [main] Tomcat started on port(s): 8890 (http) with context path ''
2024-03-01 09:42:16,973 INFO org.springframework.boot.StartupInfoLogger [main] Started NewAppApplication in 3.645 seconds (JVM running for 4.157)
2024-03-01 09:43:52,869 INFO org.springframework.boot.StartupInfoLogger [main] Starting NewAppApplication using Java 11.0.19 on dev-HP-Laptop-14-bs1xx with PID 13949 (/home/dev/Java_Python/Crawler_Java/target/classes started by dev in /home/dev/Java_Python/Crawler_Java)
2024-03-01 09:43:52,872 INFO org.springframework.boot.SpringApplication [main] No active profile set, falling back to 1 default profile: "default"
2024-03-01 09:43:53,584 INFO org.springframework.data.repository.config.RepositoryConfigurationDelegate [main] Bootstrapping Spring Data JPA repositories in DEFAULT mode.
2024-03-01 09:43:53,654 INFO org.springframework.data.repository.config.RepositoryConfigurationDelegate [main] Finished Spring Data repository scanning in 59 ms. Found 4 JPA repository interfaces.
2024-03-01 09:43:54,309 INFO org.springframework.boot.web.embedded.tomcat.TomcatWebServer [main] Tomcat initialized with port(s): 8890 (http)
2024-03-01 09:43:54,311 INFO org.apache.juli.logging.DirectJDKLog [main] An older version [1.2.21] of the Apache Tomcat Native library is installed, while Tomcat recommends a minimum version of [1.2.30]
2024-03-01 09:43:54,311 INFO org.apache.juli.logging.DirectJDKLog [main] Loaded Apache Tomcat Native library [1.2.21] using APR version [1.6.3].
2024-03-01 09:43:54,311 INFO org.apache.juli.logging.DirectJDKLog [main] APR capabilities: IPv6 [true], sendfile [true], accept filters [false], random [true], UDS [false].
2024-03-01 09:43:54,312 INFO org.apache.juli.logging.DirectJDKLog [main] APR/OpenSSL configuration: useAprConnector [false], useOpenSSL [true]
2024-03-01 09:43:54,316 INFO org.apache.juli.logging.DirectJDKLog [main] OpenSSL successfully initialized [OpenSSL 1.1.1  11 Sep 2018]
2024-03-01 09:43:54,324 INFO org.apache.juli.logging.DirectJDKLog [main] Initializing ProtocolHandler ["http-nio-8890"]
2024-03-01 09:43:54,326 INFO org.apache.juli.logging.DirectJDKLog [main] Starting service [Tomcat]
2024-03-01 09:43:54,326 INFO org.apache.juli.logging.DirectJDKLog [main] Starting Servlet engine: [Apache Tomcat/9.0.76]
2024-03-01 09:43:54,416 INFO org.apache.juli.logging.DirectJDKLog [main] Initializing Spring embedded WebApplicationContext
2024-03-01 09:43:54,416 INFO org.springframework.boot.web.servlet.context.ServletWebServerApplicationContext [main] Root WebApplicationContext: initialization completed in 1499 ms
2024-03-01 09:43:54,606 INFO org.hibernate.jpa.internal.util.LogHelper [main] HHH000204: Processing PersistenceUnitInfo [name: default]
2024-03-01 09:43:54,649 INFO org.hibernate.Version [main] HHH000412: Hibernate ORM core version 5.6.15.Final
2024-03-01 09:43:54,810 INFO org.hibernate.annotations.common.reflection.java.JavaReflectionManager [main] HCANN000001: Hibernate Commons Annotations {5.1.2.Final}
2024-03-01 09:43:54,900 INFO com.zaxxer.hikari.HikariDataSource [main] HikariPool-1 - Starting...
2024-03-01 09:43:55,050 INFO com.zaxxer.hikari.HikariDataSource [main] HikariPool-1 - Start completed.
2024-03-01 09:43:55,063 INFO org.hibernate.dialect.Dialect [main] HHH000400: Using dialect: org.hibernate.dialect.MySQL5InnoDBDialect
2024-03-01 09:43:55,619 INFO org.hibernate.engine.transaction.jta.platform.internal.JtaPlatformInitiator [main] HHH000490: Using JtaPlatform implementation: [org.hibernate.engine.transaction.jta.platform.internal.NoJtaPlatform]
2024-03-01 09:43:55,628 INFO org.springframework.orm.jpa.AbstractEntityManagerFactoryBean [main] Initialized JPA EntityManagerFactory for persistence unit 'default'
2024-03-01 09:43:56,245 WARN org.springframework.boot.autoconfigure.orm.jpa.JpaBaseConfiguration$JpaWebConfiguration [main] spring.jpa.open-in-view is enabled by default. Therefore, database queries may be performed during view rendering. Explicitly configure spring.jpa.open-in-view to disable this warning
2024-03-01 09:43:56,447 INFO org.springframework.security.web.DefaultSecurityFilterChain [main] Will secure any request with [org.springframework.security.web.session.DisableEncodeUrlFilter@18918d70, org.springframework.security.web.context.request.async.WebAsyncManagerIntegrationFilter@5d373794, org.springframework.security.web.context.SecurityContextPersistenceFilter@204a02a4, org.springframework.security.web.header.HeaderWriterFilter@6f2a1ff0, org.springframework.web.filter.CorsFilter@7304ca87, org.springframework.security.web.authentication.logout.LogoutFilter@72ce8a9b, com.example.newapp.jwt.AuthTokenFilter@14d36bb2, org.springframework.security.web.savedrequest.RequestCacheAwareFilter@1b96d447, org.springframework.security.web.servletapi.SecurityContextHolderAwareRequestFilter@3a47bf0e, org.springframework.security.web.authentication.AnonymousAuthenticationFilter@7c07023, org.springframework.security.web.session.SessionManagementFilter@74026b18, org.springframework.security.web.access.ExceptionTranslationFilter@332fa6ce, org.springframework.security.web.access.intercept.AuthorizationFilter@50b2ba2c]
2024-03-01 09:43:56,682 INFO org.apache.juli.logging.DirectJDKLog [main] Starting ProtocolHandler ["http-nio-8890"]
2024-03-01 09:43:56,691 WARN org.springframework.context.support.AbstractApplicationContext [main] Exception encountered during context initialization - cancelling refresh attempt: org.springframework.context.ApplicationContextException: Failed to start bean 'webServerStartStop'; nested exception is org.springframework.boot.web.server.PortInUseException: Port 8890 is already in use
2024-03-01 09:43:56,694 INFO org.springframework.orm.jpa.AbstractEntityManagerFactoryBean [main] Closing JPA EntityManagerFactory for persistence unit 'default'
2024-03-01 09:43:56,695 INFO com.zaxxer.hikari.HikariDataSource [main] HikariPool-1 - Shutdown initiated...
2024-03-01 09:43:56,707 INFO com.zaxxer.hikari.HikariDataSource [main] HikariPool-1 - Shutdown completed.
2024-03-01 09:43:56,709 INFO org.apache.juli.logging.DirectJDKLog [main] Pausing ProtocolHandler ["http-nio-8890"]
2024-03-01 09:43:56,710 INFO org.apache.juli.logging.DirectJDKLog [main] Stopping service [Tomcat]
2024-03-01 09:43:56,714 INFO org.apache.juli.logging.DirectJDKLog [main] Stopping ProtocolHandler ["http-nio-8890"]
2024-03-01 09:43:56,714 INFO org.apache.juli.logging.DirectJDKLog [main] Destroying ProtocolHandler ["http-nio-8890"]
2024-03-01 09:43:56,723 INFO org.springframework.boot.autoconfigure.logging.ConditionEvaluationReportLoggingListener [main] 

Error starting ApplicationContext. To display the conditions report re-run your application with 'debug' enabled.
2024-03-01 09:43:56,740 ERROR org.springframework.boot.diagnostics.LoggingFailureAnalysisReporter [main] 

***************************
APPLICATION FAILED TO START
***************************

Description:

Web server failed to start. Port 8890 was already in use.

Action:

Identify and stop the process that's listening on port 8890 or configure this application to listen on another port.

2024-03-01 10:12:36,656 INFO org.springframework.orm.jpa.AbstractEntityManagerFactoryBean [SpringApplicationShutdownHook] Closing JPA EntityManagerFactory for persistence unit 'default'
2024-03-01 10:12:36,657 INFO com.zaxxer.hikari.HikariDataSource [SpringApplicationShutdownHook] HikariPool-1 - Shutdown initiated...
2024-03-01 10:12:36,660 INFO com.zaxxer.hikari.HikariDataSource [SpringApplicationShutdownHook] HikariPool-1 - Shutdown completed.
